
[2016-03-12 14:52:45] Beginning TopHat run (v2.0.13)
-----------------------------------------------
[2016-03-12 14:52:45] Checking for Bowtie
		  Bowtie version:	 2.2.2.0
[2016-03-12 14:52:45] Checking for Bowtie index files (genome)..
[2016-03-12 14:52:45] Checking for reference FASTA file
[2016-03-12 14:52:45] Generating SAM header for /n/regal/eddy_lab/pkoo/opticlobe/reference_genome/dm6_bowtie_reference/dm6
[2016-03-12 14:52:45] Reading known junctions from GTF file
[2016-03-12 14:52:47] Preparing reads
	 left reads: min. length=50, max. length=50, 32813048 kept reads (26079 discarded)
[2016-03-12 15:01:11] Building transcriptome data files /n/regal/eddy_lab/pkoo/opticlobe/alignment/tophat151028_SN651_0472_BH7YYFBCXX__Sample_LH_104_1/tmp/dm6_Ensembl
[2016-03-12 15:01:48] Building Bowtie index from dm6_Ensembl.fa
[2016-03-12 15:15:16] Mapping left_kept_reads to transcriptome dm6_Ensembl with Bowtie2 
[2016-03-12 15:47:50] Resuming TopHat pipeline with unmapped reads
[2016-03-12 15:47:50] Mapping left_kept_reads.m2g_um to genome dm6 with Bowtie2 
[2016-03-12 16:11:43] Mapping left_kept_reads.m2g_um_seg1 to genome dm6 with Bowtie2 (1/2)
[2016-03-12 16:14:47] Mapping left_kept_reads.m2g_um_seg2 to genome dm6 with Bowtie2 (2/2)
[2016-03-12 16:18:28] Searching for junctions via segment mapping
	Coverage-search algorithm is turned on, making this step very slow
	Please try running TopHat again with the option (--no-coverage-search) if this step takes too much time or memory.
[2016-03-12 17:17:25] Retrieving sequences for splices
[2016-03-12 17:21:18] Indexing splices
Building a SMALL index
[2016-03-12 17:33:24] Mapping left_kept_reads.m2g_um_seg1 to genome segment_juncs with Bowtie2 (1/2)
[2016-03-12 17:36:48] Mapping left_kept_reads.m2g_um_seg2 to genome segment_juncs with Bowtie2 (2/2)
[2016-03-12 17:40:54] Joining segment hits
[2016-03-12 17:43:58] Reporting output tracks
slurmstepd: error: Job 58118937 exceeded memory limit (43587380 > 24576000), being killed
slurmstepd: error: *** JOB 58118937 ON atlast3a02 CANCELLED AT 2016-03-12T17:55:50 ***
slurmstepd: error: Exceeded step memory limit at some point.
