
[2016-03-12 14:52:55] Beginning TopHat run (v2.0.13)
-----------------------------------------------
[2016-03-12 14:52:55] Checking for Bowtie
		  Bowtie version:	 2.2.2.0
[2016-03-12 14:52:55] Checking for Bowtie index files (genome)..
[2016-03-12 14:52:55] Checking for reference FASTA file
[2016-03-12 14:52:55] Generating SAM header for /n/regal/eddy_lab/pkoo/opticlobe/reference_genome/dm6_bowtie_reference/dm6
[2016-03-12 14:52:56] Reading known junctions from GTF file
[2016-03-12 14:53:00] Preparing reads
	 left reads: min. length=50, max. length=50, 36042897 kept reads (38188 discarded)
[2016-03-12 15:12:12] Building transcriptome data files /n/regal/eddy_lab/pkoo/opticlobe/alignment/tophat151105_SN651_0480_BHFFKLBCXX__Sample_LH_72_1/tmp/dm6_Ensembl
[2016-03-12 15:13:24] Building Bowtie index from dm6_Ensembl.fa
[2016-03-12 15:38:56] Mapping left_kept_reads to transcriptome dm6_Ensembl with Bowtie2 
[2016-03-12 16:55:31] Resuming TopHat pipeline with unmapped reads
[2016-03-12 16:55:31] Mapping left_kept_reads.m2g_um to genome dm6 with Bowtie2 
[2016-03-12 17:40:00] Mapping left_kept_reads.m2g_um_seg1 to genome dm6 with Bowtie2 (1/2)
[2016-03-12 17:45:50] Mapping left_kept_reads.m2g_um_seg2 to genome dm6 with Bowtie2 (2/2)
[2016-03-12 17:52:41] Searching for junctions via segment mapping
	Coverage-search algorithm is turned on, making this step very slow
	Please try running TopHat again with the option (--no-coverage-search) if this step takes too much time or memory.
[2016-03-12 19:33:08] Retrieving sequences for splices
[2016-03-12 19:39:19] Indexing splices
Building a SMALL index
[2016-03-12 19:58:57] Mapping left_kept_reads.m2g_um_seg1 to genome segment_juncs with Bowtie2 (1/2)
[2016-03-12 20:04:40] Mapping left_kept_reads.m2g_um_seg2 to genome segment_juncs with Bowtie2 (2/2)
[2016-03-12 20:10:57] Joining segment hits
[2016-03-12 20:15:51] Reporting output tracks
slurmstepd: error: Job 58119060 exceeded memory limit (41692992 > 24576000), being killed
slurmstepd: error: *** JOB 58119060 ON holy2a17202 CANCELLED AT 2016-03-12T20:31:15 ***
slurmstepd: error: Exceeded step memory limit at some point.
slurmstepd: error: Exceeded job memory limit at some point.
