
[2016-03-12 14:52:54] Beginning TopHat run (v2.0.13)
-----------------------------------------------
[2016-03-12 14:52:54] Checking for Bowtie
		  Bowtie version:	 2.2.2.0
[2016-03-12 14:52:54] Checking for Bowtie index files (genome)..
[2016-03-12 14:52:54] Checking for reference FASTA file
[2016-03-12 14:52:54] Generating SAM header for /n/regal/eddy_lab/pkoo/opticlobe/reference_genome/dm6_bowtie_reference/dm6
[2016-03-12 14:52:55] Reading known junctions from GTF file
[2016-03-12 14:52:59] Preparing reads
	 left reads: min. length=50, max. length=50, 33858303 kept reads (53885 discarded)
[2016-03-12 15:05:37] Building transcriptome data files /n/regal/eddy_lab/pkoo/opticlobe/alignment/tophat151028_SN651_0472_BH7YYFBCXX__Sample_LH_102_1/tmp/dm6_Ensembl
[2016-03-12 15:06:15] Building Bowtie index from dm6_Ensembl.fa
[2016-03-12 15:31:55] Mapping left_kept_reads to transcriptome dm6_Ensembl with Bowtie2 
[2016-03-12 16:09:55] Resuming TopHat pipeline with unmapped reads
[2016-03-12 16:09:56] Mapping left_kept_reads.m2g_um to genome dm6 with Bowtie2 
[2016-03-12 16:39:03] Mapping left_kept_reads.m2g_um_seg1 to genome dm6 with Bowtie2 (1/2)
[2016-03-12 16:42:59] Mapping left_kept_reads.m2g_um_seg2 to genome dm6 with Bowtie2 (2/2)
[2016-03-12 16:47:59] Searching for junctions via segment mapping
	Coverage-search algorithm is turned on, making this step very slow
	Please try running TopHat again with the option (--no-coverage-search) if this step takes too much time or memory.
[2016-03-12 17:49:20] Retrieving sequences for splices
[2016-03-12 17:53:08] Indexing splices
Building a SMALL index
[2016-03-12 18:13:48] Mapping left_kept_reads.m2g_um_seg1 to genome segment_juncs with Bowtie2 (1/2)
[2016-03-12 18:19:01] Mapping left_kept_reads.m2g_um_seg2 to genome segment_juncs with Bowtie2 (2/2)
[2016-03-12 18:24:49] Joining segment hits
[2016-03-12 18:30:00] Reporting output tracks
slurmstepd: error: Job 58118932 exceeded memory limit (37007708 > 24576000), being killed
slurmstepd: error: *** JOB 58118932 ON holyconroy02 CANCELLED AT 2016-03-12T18:40:17 ***
