
[2016-03-12 14:52:39] Beginning TopHat run (v2.0.13)
-----------------------------------------------
[2016-03-12 14:52:39] Checking for Bowtie
		  Bowtie version:	 2.2.2.0
[2016-03-12 14:52:39] Checking for Bowtie index files (genome)..
[2016-03-12 14:52:39] Checking for reference FASTA file
[2016-03-12 14:52:39] Generating SAM header for /n/regal/eddy_lab/pkoo/opticlobe/reference_genome/dm6_bowtie_reference/dm6
[2016-03-12 14:52:39] Reading known junctions from GTF file
[2016-03-12 14:52:44] Preparing reads
	 left reads: min. length=50, max. length=50, 34518919 kept reads (54217 discarded)
[2016-03-12 15:08:47] Building transcriptome data files /n/regal/eddy_lab/pkoo/opticlobe/alignment/tophat151028_SN651_0471_AH7YYYBCXX__Sample_LH_84_1/tmp/dm6_Ensembl
[2016-03-12 15:09:53] Building Bowtie index from dm6_Ensembl.fa
[2016-03-12 15:35:31] Mapping left_kept_reads to transcriptome dm6_Ensembl with Bowtie2 
[2016-03-12 16:20:05] Resuming TopHat pipeline with unmapped reads
[2016-03-12 16:20:06] Mapping left_kept_reads.m2g_um to genome dm6 with Bowtie2 
[2016-03-12 16:49:16] Mapping left_kept_reads.m2g_um_seg1 to genome dm6 with Bowtie2 (1/2)
[2016-03-12 16:53:20] Mapping left_kept_reads.m2g_um_seg2 to genome dm6 with Bowtie2 (2/2)
[2016-03-12 16:58:12] Searching for junctions via segment mapping
	Coverage-search algorithm is turned on, making this step very slow
	Please try running TopHat again with the option (--no-coverage-search) if this step takes too much time or memory.
[2016-03-12 18:54:44] Retrieving sequences for splices
[2016-03-12 18:59:31] Indexing splices
Building a SMALL index
[2016-03-12 19:20:27] Mapping left_kept_reads.m2g_um_seg1 to genome segment_juncs with Bowtie2 (1/2)
[2016-03-12 19:25:07] Mapping left_kept_reads.m2g_um_seg2 to genome segment_juncs with Bowtie2 (2/2)
[2016-03-12 19:30:27] Joining segment hits
[2016-03-12 19:33:40] Reporting output tracks
slurmstepd: error: Job 58118901 exceeded memory limit (46281976 > 24576000), being killed
slurmstepd: error: Exceeded job memory limit
slurmstepd: error: *** JOB 58118901 ON holy2a23206 CANCELLED AT 2016-03-12T19:43:58 ***
slurmstepd: error: Exceeded step memory limit at some point.
slurmstepd: error: Exceeded job memory limit at some point.
