
[2016-03-12 14:52:41] Beginning TopHat run (v2.0.13)
-----------------------------------------------
[2016-03-12 14:52:41] Checking for Bowtie
		  Bowtie version:	 2.2.2.0
[2016-03-12 14:52:41] Checking for Bowtie index files (genome)..
[2016-03-12 14:52:41] Checking for reference FASTA file
[2016-03-12 14:52:41] Generating SAM header for /n/regal/eddy_lab/pkoo/opticlobe/reference_genome/dm6_bowtie_reference/dm6
[2016-03-12 14:52:41] Reading known junctions from GTF file
[2016-03-12 14:52:43] Preparing reads
	 left reads: min. length=50, max. length=50, 27606628 kept reads (62562 discarded)
[2016-03-12 14:59:39] Building transcriptome data files /n/regal/eddy_lab/pkoo/opticlobe/alignment/tophat151028_SN651_0471_AH7YYYBCXX__Sample_LH_92_1/tmp/dm6_Ensembl
[2016-03-12 15:00:14] Building Bowtie index from dm6_Ensembl.fa
[2016-03-12 15:13:38] Mapping left_kept_reads to transcriptome dm6_Ensembl with Bowtie2 
[2016-03-12 15:47:07] Resuming TopHat pipeline with unmapped reads
[2016-03-12 15:47:07] Mapping left_kept_reads.m2g_um to genome dm6 with Bowtie2 
[2016-03-12 16:09:48] Mapping left_kept_reads.m2g_um_seg1 to genome dm6 with Bowtie2 (1/2)
[2016-03-12 16:13:37] Mapping left_kept_reads.m2g_um_seg2 to genome dm6 with Bowtie2 (2/2)
[2016-03-12 16:18:45] Searching for junctions via segment mapping
	Coverage-search algorithm is turned on, making this step very slow
	Please try running TopHat again with the option (--no-coverage-search) if this step takes too much time or memory.
[2016-03-12 17:12:15] Retrieving sequences for splices
[2016-03-12 17:15:49] Indexing splices
Building a SMALL index
[2016-03-12 17:27:50] Mapping left_kept_reads.m2g_um_seg1 to genome segment_juncs with Bowtie2 (1/2)
[2016-03-12 17:32:04] Mapping left_kept_reads.m2g_um_seg2 to genome segment_juncs with Bowtie2 (2/2)
[2016-03-12 17:37:18] Joining segment hits
[2016-03-12 17:40:30] Reporting output tracks
slurmstepd: error: Job 58118912 exceeded memory limit (46271340 > 24576000), being killed
slurmstepd: error: *** JOB 58118912 ON holy2b07107 CANCELLED AT 2016-03-12T17:48:32 ***
slurmstepd: error: Exceeded step memory limit at some point.
