
[2016-03-12 14:52:10] Beginning TopHat run (v2.0.13)
-----------------------------------------------
[2016-03-12 14:52:10] Checking for Bowtie
		  Bowtie version:	 2.2.2.0
[2016-03-12 14:52:10] Checking for Bowtie index files (genome)..
[2016-03-12 14:52:10] Checking for reference FASTA file
[2016-03-12 14:52:10] Generating SAM header for /n/regal/eddy_lab/pkoo/opticlobe/reference_genome/dm6_bowtie_reference/dm6
[2016-03-12 14:52:11] Reading known junctions from GTF file
[2016-03-12 14:52:15] Preparing reads
	 left reads: min. length=105, max. length=105, 34657937 kept reads (31801 discarded)
[2016-03-12 15:19:45] Building transcriptome data files /n/regal/eddy_lab/pkoo/opticlobe/alignment/tophat150506_SN651_0392_BH3WVKBCXX__Sample_L_G_L15_1/tmp/dm6_Ensembl
[2016-03-12 15:20:50] Building Bowtie index from dm6_Ensembl.fa
[2016-03-12 15:46:28] Mapping left_kept_reads to transcriptome dm6_Ensembl with Bowtie2 
[2016-03-12 16:34:05] Resuming TopHat pipeline with unmapped reads
[2016-03-12 16:34:06] Mapping left_kept_reads.m2g_um to genome dm6 with Bowtie2 
[2016-03-12 17:35:58] Mapping left_kept_reads.m2g_um_seg1 to genome dm6 with Bowtie2 (1/4)
[2016-03-12 17:48:14] Mapping left_kept_reads.m2g_um_seg2 to genome dm6 with Bowtie2 (2/4)
[2016-03-12 18:04:45] Mapping left_kept_reads.m2g_um_seg3 to genome dm6 with Bowtie2 (3/4)
[2016-03-12 18:17:03] Mapping left_kept_reads.m2g_um_seg4 to genome dm6 with Bowtie2 (4/4)
[2016-03-12 18:29:17] Searching for junctions via segment mapping
[2016-03-12 18:38:04] Retrieving sequences for splices
[2016-03-12 18:38:36] Indexing splices
Building a SMALL index
[2016-03-12 18:40:16] Mapping left_kept_reads.m2g_um_seg1 to genome segment_juncs with Bowtie2 (1/4)
[2016-03-12 18:45:41] Mapping left_kept_reads.m2g_um_seg2 to genome segment_juncs with Bowtie2 (2/4)
[2016-03-12 18:51:04] Mapping left_kept_reads.m2g_um_seg3 to genome segment_juncs with Bowtie2 (3/4)
[2016-03-12 18:57:22] Mapping left_kept_reads.m2g_um_seg4 to genome segment_juncs with Bowtie2 (4/4)
[2016-03-12 19:01:47] Joining segment hits
[2016-03-12 19:05:03] Reporting output tracks
-----------------------------------------------
[2016-03-12 20:01:47] A summary of the alignment counts can be found in /n/regal/eddy_lab/pkoo/opticlobe/alignment/tophat150506_SN651_0392_BH3WVKBCXX__Sample_L_G_L15_1/align_summary.txt
[2016-03-12 20:01:47] Run complete: 05:09:37 elapsed
slurmstepd: error: Exceeded step memory limit at some point.
slurmstepd: error: Exceeded job memory limit at some point.
