
[2016-03-12 14:53:35] Beginning TopHat run (v2.0.13)
-----------------------------------------------
[2016-03-12 14:53:35] Checking for Bowtie
		  Bowtie version:	 2.2.2.0
[2016-03-12 14:53:35] Checking for Bowtie index files (genome)..
[2016-03-12 14:53:35] Checking for reference FASTA file
[2016-03-12 14:53:35] Generating SAM header for /n/regal/eddy_lab/pkoo/opticlobe/reference_genome/dm6_bowtie_reference/dm6
[2016-03-12 14:53:35] Reading known junctions from GTF file
[2016-03-12 14:53:38] Preparing reads
	 left reads: min. length=50, max. length=50, 44202595 kept reads (39457 discarded)
[2016-03-12 15:19:44] Building transcriptome data files /n/regal/eddy_lab/pkoo/opticlobe/alignment/tophat151110_SN651_0484_AHFC7TBCXX__Sample_LH_52_1/tmp/dm6_Ensembl
[2016-03-12 15:21:03] Building Bowtie index from dm6_Ensembl.fa
[2016-03-12 15:37:47] Mapping left_kept_reads to transcriptome dm6_Ensembl with Bowtie2 
[2016-03-12 17:17:31] Resuming TopHat pipeline with unmapped reads
[2016-03-12 17:17:31] Mapping left_kept_reads.m2g_um to genome dm6 with Bowtie2 
[2016-03-12 18:18:28] Mapping left_kept_reads.m2g_um_seg1 to genome dm6 with Bowtie2 (1/2)
[2016-03-12 18:25:47] Mapping left_kept_reads.m2g_um_seg2 to genome dm6 with Bowtie2 (2/2)
[2016-03-12 18:36:24] Searching for junctions via segment mapping
	Coverage-search algorithm is turned on, making this step very slow
	Please try running TopHat again with the option (--no-coverage-search) if this step takes too much time or memory.
[2016-03-12 20:52:16] Retrieving sequences for splices
[2016-03-12 20:57:13] Indexing splices
Building a SMALL index
[2016-03-12 21:09:19] Mapping left_kept_reads.m2g_um_seg1 to genome segment_juncs with Bowtie2 (1/2)
[2016-03-12 21:16:58] Mapping left_kept_reads.m2g_um_seg2 to genome segment_juncs with Bowtie2 (2/2)
[2016-03-12 21:23:41] Joining segment hits
[2016-03-12 21:27:55] Reporting output tracks
slurmstepd: error: Job 58119256 exceeded memory limit (46310960 > 24576000), being killed
slurmstepd: error: *** JOB 58119256 ON zorana01 CANCELLED AT 2016-03-12T21:44:14 ***
slurmstepd: error: Exceeded step memory limit at some point.
slurmstepd: error: Exceeded job memory limit at some point.
