
[2016-03-12 14:52:48] Beginning TopHat run (v2.0.13)
-----------------------------------------------
[2016-03-12 14:52:48] Checking for Bowtie
		  Bowtie version:	 2.2.2.0
[2016-03-12 14:52:48] Checking for Bowtie index files (genome)..
[2016-03-12 14:52:48] Checking for reference FASTA file
[2016-03-12 14:52:48] Generating SAM header for /n/regal/eddy_lab/pkoo/opticlobe/reference_genome/dm6_bowtie_reference/dm6
[2016-03-12 14:52:48] Reading known junctions from GTF file
[2016-03-12 14:52:53] Preparing reads
	 left reads: min. length=50, max. length=50, 32412048 kept reads (22845 discarded)
[2016-03-12 15:05:40] Building transcriptome data files /n/regal/eddy_lab/pkoo/opticlobe/alignment/tophat151105_SN651_0479_AHFFGJBCXX__Sample_LH_55_1/tmp/dm6_Ensembl
[2016-03-12 15:06:47] Building Bowtie index from dm6_Ensembl.fa
[2016-03-12 15:32:20] Mapping left_kept_reads to transcriptome dm6_Ensembl with Bowtie2 
[2016-03-12 16:24:44] Resuming TopHat pipeline with unmapped reads
[2016-03-12 16:24:44] Mapping left_kept_reads.m2g_um to genome dm6 with Bowtie2 
[2016-03-12 17:08:51] Mapping left_kept_reads.m2g_um_seg1 to genome dm6 with Bowtie2 (1/2)
[2016-03-12 17:13:24] Mapping left_kept_reads.m2g_um_seg2 to genome dm6 with Bowtie2 (2/2)
[2016-03-12 17:18:44] Searching for junctions via segment mapping
	Coverage-search algorithm is turned on, making this step very slow
	Please try running TopHat again with the option (--no-coverage-search) if this step takes too much time or memory.
[2016-03-12 18:50:01] Retrieving sequences for splices
[2016-03-12 18:56:02] Indexing splices
Building a SMALL index
[2016-03-12 19:13:52] Mapping left_kept_reads.m2g_um_seg1 to genome segment_juncs with Bowtie2 (1/2)
[2016-03-12 19:17:51] Mapping left_kept_reads.m2g_um_seg2 to genome segment_juncs with Bowtie2 (2/2)
[2016-03-12 19:22:52] Joining segment hits
[2016-03-12 19:27:22] Reporting output tracks
slurmstepd: error: Job 58118975 exceeded memory limit (41250544 > 24576000), being killed
slurmstepd: error: *** JOB 58118975 ON holy2a18102 CANCELLED AT 2016-03-12T19:38:39 ***
slurmstepd: error: Exceeded step memory limit at some point.
