
[2016-03-12 14:52:48] Beginning TopHat run (v2.0.13)
-----------------------------------------------
[2016-03-12 14:52:48] Checking for Bowtie
		  Bowtie version:	 2.2.2.0
[2016-03-12 14:52:48] Checking for Bowtie index files (genome)..
[2016-03-12 14:52:48] Checking for reference FASTA file
[2016-03-12 14:52:48] Generating SAM header for /n/regal/eddy_lab/pkoo/opticlobe/reference_genome/dm6_bowtie_reference/dm6
[2016-03-12 14:52:49] Reading known junctions from GTF file
[2016-03-12 14:52:53] Preparing reads
	 left reads: min. length=50, max. length=50, 39575546 kept reads (128379 discarded)
[2016-03-12 15:08:08] Building transcriptome data files /n/regal/eddy_lab/pkoo/opticlobe/alignment/tophat151028_SN651_0472_BH7YYFBCXX__Sample_LH_2_T4T5_1/tmp/dm6_Ensembl
[2016-03-12 15:09:14] Building Bowtie index from dm6_Ensembl.fa
[2016-03-12 15:35:23] Mapping left_kept_reads to transcriptome dm6_Ensembl with Bowtie2 
[2016-03-12 16:19:13] Resuming TopHat pipeline with unmapped reads
[2016-03-12 16:19:13] Mapping left_kept_reads.m2g_um to genome dm6 with Bowtie2 
[2016-03-12 16:51:02] Mapping left_kept_reads.m2g_um_seg1 to genome dm6 with Bowtie2 (1/2)
[2016-03-12 16:54:49] Mapping left_kept_reads.m2g_um_seg2 to genome dm6 with Bowtie2 (2/2)
[2016-03-12 16:59:14] Searching for junctions via segment mapping
	Coverage-search algorithm is turned on, making this step very slow
	Please try running TopHat again with the option (--no-coverage-search) if this step takes too much time or memory.
[2016-03-12 18:49:22] Retrieving sequences for splices
[2016-03-12 18:56:24] Indexing splices
Building a SMALL index
[2016-03-12 19:18:41] Mapping left_kept_reads.m2g_um_seg1 to genome segment_juncs with Bowtie2 (1/2)
[2016-03-12 19:22:56] Mapping left_kept_reads.m2g_um_seg2 to genome segment_juncs with Bowtie2 (2/2)
[2016-03-12 19:27:27] Joining segment hits
[2016-03-12 19:32:18] Reporting output tracks
slurmstepd: error: Job 58118944 exceeded memory limit (45924000 > 24576000), being killed
slurmstepd: error: *** JOB 58118944 ON holy2a11203 CANCELLED AT 2016-03-12T19:48:11 ***
slurmstepd: error: Exceeded step memory limit at some point.
slurmstepd: error: Exceeded job memory limit at some point.
