
[2016-03-12 14:53:08] Beginning TopHat run (v2.0.13)
-----------------------------------------------
[2016-03-12 14:53:08] Checking for Bowtie
		  Bowtie version:	 2.2.2.0
[2016-03-12 14:53:08] Checking for Bowtie index files (genome)..
[2016-03-12 14:53:08] Checking for reference FASTA file
[2016-03-12 14:53:08] Generating SAM header for /n/regal/eddy_lab/pkoo/opticlobe/reference_genome/dm6_bowtie_reference/dm6
[2016-03-12 14:53:08] Reading known junctions from GTF file
[2016-03-12 14:53:13] Preparing reads
	 left reads: min. length=50, max. length=50, 31737479 kept reads (50492 discarded)
[2016-03-12 15:04:19] Building transcriptome data files /n/regal/eddy_lab/pkoo/opticlobe/alignment/tophat151109_SN651_0481_AHFFKGBCXX__Sample_LH_2_1/tmp/dm6_Ensembl
[2016-03-12 15:05:25] Building Bowtie index from dm6_Ensembl.fa
[2016-03-12 15:30:59] Mapping left_kept_reads to transcriptome dm6_Ensembl with Bowtie2 
[2016-03-12 16:11:17] Resuming TopHat pipeline with unmapped reads
[2016-03-12 16:11:17] Mapping left_kept_reads.m2g_um to genome dm6 with Bowtie2 
[2016-03-12 16:34:48] Mapping left_kept_reads.m2g_um_seg1 to genome dm6 with Bowtie2 (1/2)
[2016-03-12 16:38:15] Mapping left_kept_reads.m2g_um_seg2 to genome dm6 with Bowtie2 (2/2)
[2016-03-12 16:42:56] Searching for junctions via segment mapping
	Coverage-search algorithm is turned on, making this step very slow
	Please try running TopHat again with the option (--no-coverage-search) if this step takes too much time or memory.
[2016-03-12 18:16:12] Retrieving sequences for splices
[2016-03-12 18:21:48] Indexing splices
Building a SMALL index
[2016-03-12 18:37:39] Mapping left_kept_reads.m2g_um_seg1 to genome segment_juncs with Bowtie2 (1/2)
[2016-03-12 18:41:34] Mapping left_kept_reads.m2g_um_seg2 to genome segment_juncs with Bowtie2 (2/2)
[2016-03-12 18:46:00] Joining segment hits
[2016-03-12 18:50:24] Reporting output tracks
slurmstepd: error: Job 58119130 exceeded memory limit (36684212 > 24576000), being killed
slurmstepd: error: *** JOB 58119130 ON holy2a15206 CANCELLED AT 2016-03-12T18:57:58 ***
