
[2016-03-12 14:52:39] Beginning TopHat run (v2.0.13)
-----------------------------------------------
[2016-03-12 14:52:39] Checking for Bowtie
		  Bowtie version:	 2.2.2.0
[2016-03-12 14:52:39] Checking for Bowtie index files (genome)..
[2016-03-12 14:52:39] Checking for reference FASTA file
[2016-03-12 14:52:39] Generating SAM header for /n/regal/eddy_lab/pkoo/opticlobe/reference_genome/dm6_bowtie_reference/dm6
[2016-03-12 14:52:40] Reading known junctions from GTF file
[2016-03-12 14:52:44] Preparing reads
	 left reads: min. length=50, max. length=50, 26177680 kept reads (35764 discarded)
[2016-03-12 15:03:46] Building transcriptome data files /n/regal/eddy_lab/pkoo/opticlobe/alignment/tophat151028_SN651_0471_AH7YYYBCXX__Sample_LH_91_1/tmp/dm6_Ensembl
[2016-03-12 15:04:58] Building Bowtie index from dm6_Ensembl.fa
[2016-03-12 15:33:07] Mapping left_kept_reads to transcriptome dm6_Ensembl with Bowtie2 
[2016-03-12 16:07:01] Resuming TopHat pipeline with unmapped reads
[2016-03-12 16:07:01] Mapping left_kept_reads.m2g_um to genome dm6 with Bowtie2 
[2016-03-12 16:31:44] Mapping left_kept_reads.m2g_um_seg1 to genome dm6 with Bowtie2 (1/2)
[2016-03-12 16:35:01] Mapping left_kept_reads.m2g_um_seg2 to genome dm6 with Bowtie2 (2/2)
[2016-03-12 16:39:04] Searching for junctions via segment mapping
	Coverage-search algorithm is turned on, making this step very slow
	Please try running TopHat again with the option (--no-coverage-search) if this step takes too much time or memory.
[2016-03-12 18:25:16] Retrieving sequences for splices
[2016-03-12 18:32:30] Indexing splices
Building a SMALL index
[2016-03-12 18:51:46] Mapping left_kept_reads.m2g_um_seg1 to genome segment_juncs with Bowtie2 (1/2)
[2016-03-12 18:56:23] Mapping left_kept_reads.m2g_um_seg2 to genome segment_juncs with Bowtie2 (2/2)
[2016-03-12 19:00:55] Joining segment hits
[2016-03-12 19:06:03] Reporting output tracks
slurmstepd: error: Job 58118910 exceeded memory limit (44142508 > 24576000), being killed
slurmstepd: error: *** JOB 58118910 ON holy2b05304 CANCELLED AT 2016-03-12T19:14:29 ***
slurmstepd: error: Exceeded step memory limit at some point.
