
[2016-03-12 14:52:40] Beginning TopHat run (v2.0.13)
-----------------------------------------------
[2016-03-12 14:52:40] Checking for Bowtie
		  Bowtie version:	 2.2.2.0
[2016-03-12 14:52:40] Checking for Bowtie index files (genome)..
[2016-03-12 14:52:40] Checking for reference FASTA file
[2016-03-12 14:52:40] Generating SAM header for /n/regal/eddy_lab/pkoo/opticlobe/reference_genome/dm6_bowtie_reference/dm6
[2016-03-12 14:52:40] Reading known junctions from GTF file
[2016-03-12 14:52:43] Preparing reads
	 left reads: min. length=50, max. length=50, 34006006 kept reads (75149 discarded)
[2016-03-12 15:01:18] Building transcriptome data files /n/regal/eddy_lab/pkoo/opticlobe/alignment/tophat151028_SN651_0471_AH7YYYBCXX__Sample_LH_98_1/tmp/dm6_Ensembl
[2016-03-12 15:01:52] Building Bowtie index from dm6_Ensembl.fa
[2016-03-12 15:15:27] Mapping left_kept_reads to transcriptome dm6_Ensembl with Bowtie2 
[2016-03-12 15:46:56] Resuming TopHat pipeline with unmapped reads
[2016-03-12 15:46:56] Mapping left_kept_reads.m2g_um to genome dm6 with Bowtie2 
[2016-03-12 16:13:38] Mapping left_kept_reads.m2g_um_seg1 to genome dm6 with Bowtie2 (1/2)
[2016-03-12 16:17:33] Mapping left_kept_reads.m2g_um_seg2 to genome dm6 with Bowtie2 (2/2)
[2016-03-12 16:23:08] Searching for junctions via segment mapping
	Coverage-search algorithm is turned on, making this step very slow
	Please try running TopHat again with the option (--no-coverage-search) if this step takes too much time or memory.
[2016-03-12 17:22:23] Retrieving sequences for splices
[2016-03-12 17:25:52] Indexing splices
Building a SMALL index
[2016-03-12 17:38:29] Mapping left_kept_reads.m2g_um_seg1 to genome segment_juncs with Bowtie2 (1/2)
[2016-03-12 17:42:14] Mapping left_kept_reads.m2g_um_seg2 to genome segment_juncs with Bowtie2 (2/2)
[2016-03-12 17:47:00] Joining segment hits
[2016-03-12 17:50:09] Reporting output tracks
slurmstepd: error: Job 58118921 exceeded memory limit (46161516 > 24576000), being killed
slurmstepd: error: *** JOB 58118921 ON holy2b07206 CANCELLED AT 2016-03-12T18:01:32 ***
slurmstepd: error: Exceeded step memory limit at some point.
slurmstepd: error: Exceeded job memory limit at some point.
