
[2016-03-12 14:52:40] Beginning TopHat run (v2.0.13)
-----------------------------------------------
[2016-03-12 14:52:40] Checking for Bowtie
		  Bowtie version:	 2.2.2.0
[2016-03-12 14:52:40] Checking for Bowtie index files (genome)..
[2016-03-12 14:52:40] Checking for reference FASTA file
[2016-03-12 14:52:40] Generating SAM header for /n/regal/eddy_lab/pkoo/opticlobe/reference_genome/dm6_bowtie_reference/dm6
[2016-03-12 14:52:41] Reading known junctions from GTF file
[2016-03-12 14:52:44] Preparing reads
	 left reads: min. length=50, max. length=50, 34671558 kept reads (50199 discarded)
[2016-03-12 15:10:52] Building transcriptome data files /n/regal/eddy_lab/pkoo/opticlobe/alignment/tophat151028_SN651_0472_BH7YYFBCXX__Sample_LH_101_1/tmp/dm6_Ensembl
[2016-03-12 15:11:36] Building Bowtie index from dm6_Ensembl.fa
[2016-03-12 15:37:15] Mapping left_kept_reads to transcriptome dm6_Ensembl with Bowtie2 
[2016-03-12 16:13:00] Resuming TopHat pipeline with unmapped reads
[2016-03-12 16:13:01] Mapping left_kept_reads.m2g_um to genome dm6 with Bowtie2 
[2016-03-12 16:45:28] Mapping left_kept_reads.m2g_um_seg1 to genome dm6 with Bowtie2 (1/2)
[2016-03-12 16:50:52] Mapping left_kept_reads.m2g_um_seg2 to genome dm6 with Bowtie2 (2/2)
[2016-03-12 16:56:21] Searching for junctions via segment mapping
	Coverage-search algorithm is turned on, making this step very slow
	Please try running TopHat again with the option (--no-coverage-search) if this step takes too much time or memory.
[2016-03-12 18:51:41] Retrieving sequences for splices
[2016-03-12 18:58:37] Indexing splices
Building a SMALL index
[2016-03-12 19:20:49] Mapping left_kept_reads.m2g_um_seg1 to genome segment_juncs with Bowtie2 (1/2)
[2016-03-12 19:26:04] Mapping left_kept_reads.m2g_um_seg2 to genome segment_juncs with Bowtie2 (2/2)
[2016-03-12 19:32:06] Joining segment hits
[2016-03-12 19:37:35] Reporting output tracks
slurmstepd: error: Job 58118927 exceeded memory limit (45956928 > 24576000), being killed
slurmstepd: error: *** JOB 58118927 ON holy2b09107 CANCELLED AT 2016-03-12T19:48:00 ***
slurmstepd: error: Exceeded step memory limit at some point.
