
[2016-03-12 14:53:04] Beginning TopHat run (v2.0.13)
-----------------------------------------------
[2016-03-12 14:53:04] Checking for Bowtie
		  Bowtie version:	 2.2.2.0
[2016-03-12 14:53:04] Checking for Bowtie index files (genome)..
[2016-03-12 14:53:04] Checking for reference FASTA file
[2016-03-12 14:53:04] Generating SAM header for /n/regal/eddy_lab/pkoo/opticlobe/reference_genome/dm6_bowtie_reference/dm6
[2016-03-12 14:53:05] Reading known junctions from GTF file
[2016-03-12 14:53:09] Preparing reads
	 left reads: min. length=50, max. length=50, 28912563 kept reads (33510 discarded)
[2016-03-12 15:04:14] Building transcriptome data files /n/regal/eddy_lab/pkoo/opticlobe/alignment/tophat151109_SN651_0481_AHFFKGBCXX__Sample_LH_41_1/tmp/dm6_Ensembl
[2016-03-12 15:05:20] Building Bowtie index from dm6_Ensembl.fa
[2016-03-12 15:30:45] Mapping left_kept_reads to transcriptome dm6_Ensembl with Bowtie2 
[2016-03-12 16:05:42] Resuming TopHat pipeline with unmapped reads
[2016-03-12 16:05:42] Mapping left_kept_reads.m2g_um to genome dm6 with Bowtie2 
[2016-03-12 16:26:00] Mapping left_kept_reads.m2g_um_seg1 to genome dm6 with Bowtie2 (1/2)
[2016-03-12 16:28:52] Mapping left_kept_reads.m2g_um_seg2 to genome dm6 with Bowtie2 (2/2)
[2016-03-12 16:32:05] Searching for junctions via segment mapping
	Coverage-search algorithm is turned on, making this step very slow
	Please try running TopHat again with the option (--no-coverage-search) if this step takes too much time or memory.
[2016-03-12 17:46:25] Retrieving sequences for splices
[2016-03-12 17:52:17] Indexing splices
Building a SMALL index
[2016-03-12 18:09:48] Mapping left_kept_reads.m2g_um_seg1 to genome segment_juncs with Bowtie2 (1/2)
[2016-03-12 18:13:04] Mapping left_kept_reads.m2g_um_seg2 to genome segment_juncs with Bowtie2 (2/2)
[2016-03-12 18:17:06] Joining segment hits
[2016-03-12 18:21:19] Reporting output tracks
slurmstepd: error: Job 58119141 exceeded memory limit (40502348 > 24576000), being killed
slurmstepd: error: *** JOB 58119141 ON holy2a17205 CANCELLED AT 2016-03-12T18:28:25 ***
