
[2016-03-12 14:52:18] Beginning TopHat run (v2.0.13)
-----------------------------------------------
[2016-03-12 14:52:18] Checking for Bowtie
		  Bowtie version:	 2.2.2.0
[2016-03-12 14:52:18] Checking for Bowtie index files (genome)..
[2016-03-12 14:52:18] Checking for reference FASTA file
[2016-03-12 14:52:18] Generating SAM header for /n/regal/eddy_lab/pkoo/opticlobe/reference_genome/dm6_bowtie_reference/dm6
[2016-03-12 14:52:18] Reading known junctions from GTF file
[2016-03-12 14:52:23] Preparing reads
	 left reads: min. length=105, max. length=105, 43341321 kept reads (191747 discarded)
[2016-03-12 15:36:03] Building transcriptome data files /n/regal/eddy_lab/pkoo/opticlobe/alignment/tophat150506_SN651_0392_BH3WVKBCXX__Sample_L_G_L14_1/tmp/dm6_Ensembl
[2016-03-12 15:37:08] Building Bowtie index from dm6_Ensembl.fa
[2016-03-12 16:02:42] Mapping left_kept_reads to transcriptome dm6_Ensembl with Bowtie2 
[2016-03-12 17:00:20] Resuming TopHat pipeline with unmapped reads
[2016-03-12 17:00:21] Mapping left_kept_reads.m2g_um to genome dm6 with Bowtie2 
[2016-03-12 18:25:47] Mapping left_kept_reads.m2g_um_seg1 to genome dm6 with Bowtie2 (1/4)
[2016-03-12 18:45:38] Mapping left_kept_reads.m2g_um_seg2 to genome dm6 with Bowtie2 (2/4)
[2016-03-12 19:06:07] Mapping left_kept_reads.m2g_um_seg3 to genome dm6 with Bowtie2 (3/4)
[2016-03-12 19:25:59] Mapping left_kept_reads.m2g_um_seg4 to genome dm6 with Bowtie2 (4/4)
[2016-03-12 19:38:47] Searching for junctions via segment mapping
[2016-03-12 19:45:18] Retrieving sequences for splices
[2016-03-12 19:45:56] Indexing splices
Building a SMALL index
[2016-03-12 19:48:44] Mapping left_kept_reads.m2g_um_seg1 to genome segment_juncs with Bowtie2 (1/4)
[2016-03-12 19:55:22] Mapping left_kept_reads.m2g_um_seg2 to genome segment_juncs with Bowtie2 (2/4)
[2016-03-12 20:02:08] Mapping left_kept_reads.m2g_um_seg3 to genome segment_juncs with Bowtie2 (3/4)
[2016-03-12 20:08:30] Mapping left_kept_reads.m2g_um_seg4 to genome segment_juncs with Bowtie2 (4/4)
[2016-03-12 20:13:30] Joining segment hits
[2016-03-12 20:17:55] Reporting output tracks
-----------------------------------------------
[2016-03-12 21:44:00] A summary of the alignment counts can be found in /n/regal/eddy_lab/pkoo/opticlobe/alignment/tophat150506_SN651_0392_BH3WVKBCXX__Sample_L_G_L14_1/align_summary.txt
[2016-03-12 21:44:00] Run complete: 06:51:42 elapsed
slurmstepd: error: Exceeded step memory limit at some point.
slurmstepd: error: Exceeded job memory limit at some point.
