
[2016-03-12 14:52:51] Beginning TopHat run (v2.0.13)
-----------------------------------------------
[2016-03-12 14:52:51] Checking for Bowtie
		  Bowtie version:	 2.2.2.0
[2016-03-12 14:52:51] Checking for Bowtie index files (genome)..
[2016-03-12 14:52:51] Checking for reference FASTA file
[2016-03-12 14:52:51] Generating SAM header for /n/regal/eddy_lab/pkoo/opticlobe/reference_genome/dm6_bowtie_reference/dm6
[2016-03-12 14:52:51] Reading known junctions from GTF file
[2016-03-12 14:52:54] Preparing reads
	 left reads: min. length=50, max. length=50, 37069287 kept reads (38295 discarded)
[2016-03-12 15:10:43] Building transcriptome data files /n/regal/eddy_lab/pkoo/opticlobe/alignment/tophat151105_SN651_0479_AHFFGJBCXX__Sample_LH_54_1/tmp/dm6_Ensembl
[2016-03-12 15:11:49] Building Bowtie index from dm6_Ensembl.fa
[2016-03-12 15:37:26] Mapping left_kept_reads to transcriptome dm6_Ensembl with Bowtie2 
[2016-03-12 16:17:11] Resuming TopHat pipeline with unmapped reads
[2016-03-12 16:17:11] Mapping left_kept_reads.m2g_um to genome dm6 with Bowtie2 
[2016-03-12 16:43:41] Mapping left_kept_reads.m2g_um_seg1 to genome dm6 with Bowtie2 (1/2)
[2016-03-12 16:46:46] Mapping left_kept_reads.m2g_um_seg2 to genome dm6 with Bowtie2 (2/2)
[2016-03-12 16:50:16] Searching for junctions via segment mapping
	Coverage-search algorithm is turned on, making this step very slow
	Please try running TopHat again with the option (--no-coverage-search) if this step takes too much time or memory.
[2016-03-12 18:17:01] Retrieving sequences for splices
[2016-03-12 18:22:25] Indexing splices
Building a SMALL index
[2016-03-12 18:37:52] Mapping left_kept_reads.m2g_um_seg1 to genome segment_juncs with Bowtie2 (1/2)
[2016-03-12 18:42:13] Mapping left_kept_reads.m2g_um_seg2 to genome segment_juncs with Bowtie2 (2/2)
[2016-03-12 18:46:33] Joining segment hits
[2016-03-12 18:49:03] Reporting output tracks
slurmstepd: error: Job 58118959 exceeded memory limit (38085852 > 24576000), being killed
slurmstepd: error: *** JOB 58118959 ON holy2a17206 CANCELLED AT 2016-03-12T19:03:40 ***
slurmstepd: error: Exceeded step memory limit at some point.
slurmstepd: error: Exceeded job memory limit at some point.
