
[2016-03-12 14:52:56] Beginning TopHat run (v2.0.13)
-----------------------------------------------
[2016-03-12 14:52:56] Checking for Bowtie
		  Bowtie version:	 2.2.2.0
[2016-03-12 14:52:56] Checking for Bowtie index files (genome)..
[2016-03-12 14:52:56] Checking for reference FASTA file
[2016-03-12 14:52:56] Generating SAM header for /n/regal/eddy_lab/pkoo/opticlobe/reference_genome/dm6_bowtie_reference/dm6
[2016-03-12 14:52:57] Reading known junctions from GTF file
[2016-03-12 14:53:01] Preparing reads
	 left reads: min. length=50, max. length=50, 36233512 kept reads (19753 discarded)
[2016-03-12 15:05:23] Building transcriptome data files /n/regal/eddy_lab/pkoo/opticlobe/alignment/tophat151105_SN651_0479_AHFFGJBCXX__Sample_LH_59_1/tmp/dm6_Ensembl
[2016-03-12 15:06:11] Building Bowtie index from dm6_Ensembl.fa
[2016-03-12 15:22:17] Mapping left_kept_reads to transcriptome dm6_Ensembl with Bowtie2 
[2016-03-12 16:03:25] Resuming TopHat pipeline with unmapped reads
[2016-03-12 16:03:25] Mapping left_kept_reads.m2g_um to genome dm6 with Bowtie2 
[2016-03-12 16:32:32] Mapping left_kept_reads.m2g_um_seg1 to genome dm6 with Bowtie2 (1/2)
[2016-03-12 16:36:42] Mapping left_kept_reads.m2g_um_seg2 to genome dm6 with Bowtie2 (2/2)
[2016-03-12 16:41:28] Searching for junctions via segment mapping
	Coverage-search algorithm is turned on, making this step very slow
	Please try running TopHat again with the option (--no-coverage-search) if this step takes too much time or memory.
[2016-03-12 18:02:55] Retrieving sequences for splices
[2016-03-12 18:06:51] Indexing splices
Building a SMALL index
[2016-03-12 18:19:54] Mapping left_kept_reads.m2g_um_seg1 to genome segment_juncs with Bowtie2 (1/2)
[2016-03-12 18:23:58] Mapping left_kept_reads.m2g_um_seg2 to genome segment_juncs with Bowtie2 (2/2)
[2016-03-12 18:28:58] Joining segment hits
[2016-03-12 18:33:06] Reporting output tracks
slurmstepd: error: Job 58119045 exceeded memory limit (46298468 > 24576000), being killed
slurmstepd: error: *** JOB 58119045 ON holy2b09105 CANCELLED AT 2016-03-12T18:46:16 ***
slurmstepd: error: Exceeded step memory limit at some point.
slurmstepd: error: Exceeded job memory limit at some point.
