
[2016-03-12 14:51:52] Beginning TopHat run (v2.0.13)
-----------------------------------------------
[2016-03-12 14:51:52] Checking for Bowtie
		  Bowtie version:	 2.2.2.0
[2016-03-12 14:51:52] Checking for Bowtie index files (genome)..
[2016-03-12 14:51:52] Checking for reference FASTA file
[2016-03-12 14:51:52] Generating SAM header for /n/regal/eddy_lab/pkoo/opticlobe/reference_genome/dm6_bowtie_reference/dm6
[2016-03-12 14:51:52] Reading known junctions from GTF file
[2016-03-12 14:51:55] Preparing reads
	 left reads: min. length=105, max. length=105, 36057107 kept reads (45669 discarded)
[2016-03-12 15:17:20] Building transcriptome data files /n/regal/eddy_lab/pkoo/opticlobe/alignment/tophat150506_SN651_0392_BH3WVKBCXX__Sample_L_G_L12_1/tmp/dm6_Ensembl
[2016-03-12 15:18:28] Building Bowtie index from dm6_Ensembl.fa
[2016-03-12 15:38:54] Mapping left_kept_reads to transcriptome dm6_Ensembl with Bowtie2 
[2016-03-12 16:28:16] Resuming TopHat pipeline with unmapped reads
[2016-03-12 16:28:16] Mapping left_kept_reads.m2g_um to genome dm6 with Bowtie2 
[2016-03-12 17:46:03] Mapping left_kept_reads.m2g_um_seg1 to genome dm6 with Bowtie2 (1/4)
[2016-03-12 18:02:53] Mapping left_kept_reads.m2g_um_seg2 to genome dm6 with Bowtie2 (2/4)
[2016-03-12 18:20:02] Mapping left_kept_reads.m2g_um_seg3 to genome dm6 with Bowtie2 (3/4)
[2016-03-12 18:35:44] Mapping left_kept_reads.m2g_um_seg4 to genome dm6 with Bowtie2 (4/4)
[2016-03-12 18:46:27] Searching for junctions via segment mapping
[2016-03-12 18:52:58] Retrieving sequences for splices
[2016-03-12 18:53:18] Indexing splices
Building a SMALL index
[2016-03-12 18:54:22] Mapping left_kept_reads.m2g_um_seg1 to genome segment_juncs with Bowtie2 (1/4)
[2016-03-12 19:01:28] Mapping left_kept_reads.m2g_um_seg2 to genome segment_juncs with Bowtie2 (2/4)
[2016-03-12 19:08:37] Mapping left_kept_reads.m2g_um_seg3 to genome segment_juncs with Bowtie2 (3/4)
[2016-03-12 19:15:21] Mapping left_kept_reads.m2g_um_seg4 to genome segment_juncs with Bowtie2 (4/4)
[2016-03-12 19:19:44] Joining segment hits
[2016-03-12 19:24:30] Reporting output tracks
-----------------------------------------------
[2016-03-12 20:19:37] A summary of the alignment counts can be found in /n/regal/eddy_lab/pkoo/opticlobe/alignment/tophat150506_SN651_0392_BH3WVKBCXX__Sample_L_G_L12_1/align_summary.txt
[2016-03-12 20:19:37] Run complete: 05:27:45 elapsed
slurmstepd: error: Exceeded step memory limit at some point.
slurmstepd: error: Exceeded job memory limit at some point.
