
[2016-03-12 14:48:07] Beginning TopHat run (v2.0.13)
-----------------------------------------------
[2016-03-12 14:48:07] Checking for Bowtie
		  Bowtie version:	 2.2.2.0
[2016-03-12 14:48:07] Checking for Bowtie index files (genome)..
[2016-03-12 14:48:07] Checking for reference FASTA file
[2016-03-12 14:48:07] Generating SAM header for /n/regal/eddy_lab/pkoo/opticlobe/reference_genome/dm6_bowtie_reference/dm6
[2016-03-12 14:48:08] Reading known junctions from GTF file
[2016-03-12 14:48:12] Preparing reads
	 left reads: min. length=60, max. length=60, 36707881 kept reads (23424 discarded)
[2016-03-12 15:08:13] Building transcriptome data files /n/regal/eddy_lab/pkoo/opticlobe/alignment/tophat150415_SN651_0372_AH3N2YBCXX__Sample_H_L_M5_1/tmp/dm6_Ensembl
[2016-03-12 15:08:52] Building Bowtie index from dm6_Ensembl.fa
[2016-03-12 15:35:21] Mapping left_kept_reads to transcriptome dm6_Ensembl with Bowtie2 
[2016-03-12 16:28:11] Resuming TopHat pipeline with unmapped reads
[2016-03-12 16:28:12] Mapping left_kept_reads.m2g_um to genome dm6 with Bowtie2 
[2016-03-12 17:08:07] Mapping left_kept_reads.m2g_um_seg1 to genome dm6 with Bowtie2 (1/2)
[2016-03-12 17:12:51] Mapping left_kept_reads.m2g_um_seg2 to genome dm6 with Bowtie2 (2/2)
[2016-03-12 17:42:42] Searching for junctions via segment mapping
	Coverage-search algorithm is turned on, making this step very slow
	Please try running TopHat again with the option (--no-coverage-search) if this step takes too much time or memory.
[2016-03-12 18:56:52] Retrieving sequences for splices
[2016-03-12 19:01:51] Indexing splices
Building a SMALL index
[2016-03-12 19:22:10] Mapping left_kept_reads.m2g_um_seg1 to genome segment_juncs with Bowtie2 (1/2)
[2016-03-12 19:27:07] Mapping left_kept_reads.m2g_um_seg2 to genome segment_juncs with Bowtie2 (2/2)
[2016-03-12 19:32:11] Joining segment hits
[2016-03-12 19:35:52] Reporting output tracks
slurmstepd: error: Job 58118577 exceeded memory limit (34519168 > 24576000), being killed
slurmstepd: error: *** JOB 58118577 ON holy2a24206 CANCELLED AT 2016-03-12T20:01:56 ***
slurmstepd: error: Exceeded step memory limit at some point.
