
[2016-03-12 14:52:34] Beginning TopHat run (v2.0.13)
-----------------------------------------------
[2016-03-12 14:52:34] Checking for Bowtie
		  Bowtie version:	 2.2.2.0
[2016-03-12 14:52:35] Checking for Bowtie index files (genome)..
[2016-03-12 14:52:35] Checking for reference FASTA file
[2016-03-12 14:52:35] Generating SAM header for /n/regal/eddy_lab/pkoo/opticlobe/reference_genome/dm6_bowtie_reference/dm6
[2016-03-12 14:52:35] Reading known junctions from GTF file
[2016-03-12 14:52:40] Preparing reads
	 left reads: min. length=105, max. length=105, 37448068 kept reads (37243 discarded)
[2016-03-12 15:30:38] Building transcriptome data files /n/regal/eddy_lab/pkoo/opticlobe/alignment/tophat150507_SN651_0393_AH572MBCXX__Sample_L_G_L23_1/tmp/dm6_Ensembl
[2016-03-12 15:31:44] Building Bowtie index from dm6_Ensembl.fa
[2016-03-12 15:57:21] Mapping left_kept_reads to transcriptome dm6_Ensembl with Bowtie2 
[2016-03-12 16:51:18] Resuming TopHat pipeline with unmapped reads
[2016-03-12 16:51:18] Mapping left_kept_reads.m2g_um to genome dm6 with Bowtie2 
[2016-03-12 17:53:27] Mapping left_kept_reads.m2g_um_seg1 to genome dm6 with Bowtie2 (1/4)
[2016-03-12 18:09:36] Mapping left_kept_reads.m2g_um_seg2 to genome dm6 with Bowtie2 (2/4)
[2016-03-12 18:27:21] Mapping left_kept_reads.m2g_um_seg3 to genome dm6 with Bowtie2 (3/4)
[2016-03-12 18:43:53] Mapping left_kept_reads.m2g_um_seg4 to genome dm6 with Bowtie2 (4/4)
[2016-03-12 18:56:20] Searching for junctions via segment mapping
[2016-03-12 19:03:55] Retrieving sequences for splices
[2016-03-12 19:04:31] Indexing splices
Building a SMALL index
[2016-03-12 19:06:40] Mapping left_kept_reads.m2g_um_seg1 to genome segment_juncs with Bowtie2 (1/4)
[2016-03-12 19:17:17] Mapping left_kept_reads.m2g_um_seg2 to genome segment_juncs with Bowtie2 (2/4)
[2016-03-12 19:28:17] Mapping left_kept_reads.m2g_um_seg3 to genome segment_juncs with Bowtie2 (3/4)
[2016-03-12 19:38:28] Mapping left_kept_reads.m2g_um_seg4 to genome segment_juncs with Bowtie2 (4/4)
[2016-03-12 19:45:12] Joining segment hits
[2016-03-12 19:50:04] Reporting output tracks
-----------------------------------------------
[2016-03-12 20:42:44] A summary of the alignment counts can be found in /n/regal/eddy_lab/pkoo/opticlobe/alignment/tophat150507_SN651_0393_AH572MBCXX__Sample_L_G_L23_1/align_summary.txt
[2016-03-12 20:42:44] Run complete: 05:50:10 elapsed
slurmstepd: error: Exceeded step memory limit at some point.
slurmstepd: error: Exceeded job memory limit at some point.
