
[2016-03-12 14:53:08] Beginning TopHat run (v2.0.13)
-----------------------------------------------
[2016-03-12 14:53:08] Checking for Bowtie
		  Bowtie version:	 2.2.2.0
[2016-03-12 14:53:08] Checking for Bowtie index files (genome)..
[2016-03-12 14:53:08] Checking for reference FASTA file
[2016-03-12 14:53:08] Generating SAM header for /n/regal/eddy_lab/pkoo/opticlobe/reference_genome/dm6_bowtie_reference/dm6
[2016-03-12 14:53:09] Reading known junctions from GTF file
[2016-03-12 14:53:13] Preparing reads
	 left reads: min. length=50, max. length=50, 41111055 kept reads (37316 discarded)
[2016-03-12 15:08:59] Building transcriptome data files /n/regal/eddy_lab/pkoo/opticlobe/alignment/tophat151105_SN651_0480_BHFFKLBCXX__Sample_LH_80_1/tmp/dm6_Ensembl
[2016-03-12 15:09:37] Building Bowtie index from dm6_Ensembl.fa
[2016-03-12 15:36:04] Mapping left_kept_reads to transcriptome dm6_Ensembl with Bowtie2 
[2016-03-12 16:24:04] Resuming TopHat pipeline with unmapped reads
[2016-03-12 16:24:05] Mapping left_kept_reads.m2g_um to genome dm6 with Bowtie2 
[2016-03-12 16:55:58] Mapping left_kept_reads.m2g_um_seg1 to genome dm6 with Bowtie2 (1/2)
[2016-03-12 16:59:47] Mapping left_kept_reads.m2g_um_seg2 to genome dm6 with Bowtie2 (2/2)
[2016-03-12 17:04:23] Searching for junctions via segment mapping
	Coverage-search algorithm is turned on, making this step very slow
	Please try running TopHat again with the option (--no-coverage-search) if this step takes too much time or memory.
[2016-03-12 19:16:12] Retrieving sequences for splices
[2016-03-12 19:20:12] Indexing splices
Building a SMALL index
[2016-03-12 19:41:16] Mapping left_kept_reads.m2g_um_seg1 to genome segment_juncs with Bowtie2 (1/2)
[2016-03-12 19:45:38] Mapping left_kept_reads.m2g_um_seg2 to genome segment_juncs with Bowtie2 (2/2)
[2016-03-12 19:50:26] Joining segment hits
[2016-03-12 19:53:57] Reporting output tracks
slurmstepd: error: Job 58119087 exceeded memory limit (43503760 > 24576000), being killed
slurmstepd: error: *** JOB 58119087 ON holy2a11204 CANCELLED AT 2016-03-12T20:06:27 ***
slurmstepd: error: Exceeded step memory limit at some point.
slurmstepd: error: Exceeded job memory limit at some point.
