
[2016-03-12 14:52:44] Beginning TopHat run (v2.0.13)
-----------------------------------------------
[2016-03-12 14:52:44] Checking for Bowtie
		  Bowtie version:	 2.2.2.0
[2016-03-12 14:52:44] Checking for Bowtie index files (genome)..
[2016-03-12 14:52:44] Checking for reference FASTA file
[2016-03-12 14:52:44] Generating SAM header for /n/regal/eddy_lab/pkoo/opticlobe/reference_genome/dm6_bowtie_reference/dm6
[2016-03-12 14:52:45] Reading known junctions from GTF file
[2016-03-12 14:52:48] Preparing reads
	 left reads: min. length=50, max. length=50, 34191203 kept reads (37369 discarded)
[2016-03-12 15:04:50] Building transcriptome data files /n/regal/eddy_lab/pkoo/opticlobe/alignment/tophat151105_SN651_0480_BHFFKLBCXX__Sample_LH_62_1/tmp/dm6_Ensembl
[2016-03-12 15:05:40] Building Bowtie index from dm6_Ensembl.fa
[2016-03-12 15:23:35] Mapping left_kept_reads to transcriptome dm6_Ensembl with Bowtie2 
[2016-03-12 16:15:24] Resuming TopHat pipeline with unmapped reads
[2016-03-12 16:15:24] Mapping left_kept_reads.m2g_um to genome dm6 with Bowtie2 
[2016-03-12 16:51:33] Mapping left_kept_reads.m2g_um_seg1 to genome dm6 with Bowtie2 (1/2)
[2016-03-12 16:55:30] Mapping left_kept_reads.m2g_um_seg2 to genome dm6 with Bowtie2 (2/2)
[2016-03-12 17:00:00] Searching for junctions via segment mapping
	Coverage-search algorithm is turned on, making this step very slow
	Please try running TopHat again with the option (--no-coverage-search) if this step takes too much time or memory.
[2016-03-12 18:03:25] Retrieving sequences for splices
[2016-03-12 18:07:48] Indexing splices
Building a SMALL index
[2016-03-12 18:20:44] Mapping left_kept_reads.m2g_um_seg1 to genome segment_juncs with Bowtie2 (1/2)
[2016-03-12 18:24:35] Mapping left_kept_reads.m2g_um_seg2 to genome segment_juncs with Bowtie2 (2/2)
[2016-03-12 18:28:38] Joining segment hits
[2016-03-12 18:32:05] Reporting output tracks
slurmstepd: error: Job 58119054 exceeded memory limit (39568880 > 24576000), being killed
slurmstepd: error: *** JOB 58119054 ON jenny02 CANCELLED AT 2016-03-12T18:48:14 ***
slurmstepd: error: Exceeded step memory limit at some point.
