
[2016-03-12 14:52:34] Beginning TopHat run (v2.0.13)
-----------------------------------------------
[2016-03-12 14:52:34] Checking for Bowtie
		  Bowtie version:	 2.2.2.0
[2016-03-12 14:52:34] Checking for Bowtie index files (genome)..
[2016-03-12 14:52:34] Checking for reference FASTA file
[2016-03-12 14:52:34] Generating SAM header for /n/regal/eddy_lab/pkoo/opticlobe/reference_genome/dm6_bowtie_reference/dm6
[2016-03-12 14:52:34] Reading known junctions from GTF file
[2016-03-12 14:52:36] Preparing reads
	 left reads: min. length=105, max. length=105, 42447839 kept reads (51906 discarded)
[2016-03-12 15:13:58] Building transcriptome data files /n/regal/eddy_lab/pkoo/opticlobe/alignment/tophat150507_SN651_0393_AH572MBCXX__Sample_L_G_L24_1/tmp/dm6_Ensembl
[2016-03-12 15:14:32] Building Bowtie index from dm6_Ensembl.fa
[2016-03-12 15:28:10] Mapping left_kept_reads to transcriptome dm6_Ensembl with Bowtie2 
[2016-03-12 16:39:31] Resuming TopHat pipeline with unmapped reads
[2016-03-12 16:39:31] Mapping left_kept_reads.m2g_um to genome dm6 with Bowtie2 
[2016-03-12 17:43:08] Mapping left_kept_reads.m2g_um_seg1 to genome dm6 with Bowtie2 (1/4)
[2016-03-12 18:12:40] Mapping left_kept_reads.m2g_um_seg2 to genome dm6 with Bowtie2 (2/4)
[2016-03-12 18:48:58] Mapping left_kept_reads.m2g_um_seg3 to genome dm6 with Bowtie2 (3/4)
[2016-03-12 19:12:31] Mapping left_kept_reads.m2g_um_seg4 to genome dm6 with Bowtie2 (4/4)
[2016-03-12 19:30:46] Searching for junctions via segment mapping
[2016-03-12 19:44:58] Retrieving sequences for splices
[2016-03-12 19:45:19] Indexing splices
Building a SMALL index
[2016-03-12 19:46:38] Mapping left_kept_reads.m2g_um_seg1 to genome segment_juncs with Bowtie2 (1/4)
[2016-03-12 20:11:01] Mapping left_kept_reads.m2g_um_seg2 to genome segment_juncs with Bowtie2 (2/4)
[2016-03-12 20:35:46] Mapping left_kept_reads.m2g_um_seg3 to genome segment_juncs with Bowtie2 (3/4)
[2016-03-12 21:02:02] Mapping left_kept_reads.m2g_um_seg4 to genome segment_juncs with Bowtie2 (4/4)
[2016-03-12 21:10:53] Joining segment hits
[2016-03-12 21:18:31] Reporting output tracks
-----------------------------------------------
[2016-03-12 21:57:20] A summary of the alignment counts can be found in /n/regal/eddy_lab/pkoo/opticlobe/alignment/tophat150507_SN651_0393_AH572MBCXX__Sample_L_G_L24_1/align_summary.txt
[2016-03-12 21:57:20] Run complete: 07:04:46 elapsed
slurmstepd: error: Exceeded step memory limit at some point.
slurmstepd: error: Exceeded job memory limit at some point.
