
[2016-03-12 14:50:03] Beginning TopHat run (v2.0.13)
-----------------------------------------------
[2016-03-12 14:50:03] Checking for Bowtie
		  Bowtie version:	 2.2.2.0
[2016-03-12 14:50:03] Checking for Bowtie index files (genome)..
[2016-03-12 14:50:03] Checking for reference FASTA file
[2016-03-12 14:50:03] Generating SAM header for /n/regal/eddy_lab/pkoo/opticlobe/reference_genome/dm6_bowtie_reference/dm6
[2016-03-12 14:50:03] Reading known junctions from GTF file
[2016-03-12 14:50:05] Preparing reads
	 left reads: min. length=105, max. length=105, 35978802 kept reads (62025 discarded)
[2016-03-12 15:07:04] Building transcriptome data files /n/regal/eddy_lab/pkoo/opticlobe/alignment/tophat150506_SN651_0391_AH57JGBCXX__Sample_L_G_L2_1/tmp/dm6_Ensembl
[2016-03-12 15:07:36] Building Bowtie index from dm6_Ensembl.fa
[2016-03-12 15:19:50] Mapping left_kept_reads to transcriptome dm6_Ensembl with Bowtie2 
[2016-03-12 16:03:40] Resuming TopHat pipeline with unmapped reads
[2016-03-12 16:03:40] Mapping left_kept_reads.m2g_um to genome dm6 with Bowtie2 
[2016-03-12 16:48:42] Mapping left_kept_reads.m2g_um_seg1 to genome dm6 with Bowtie2 (1/4)
[2016-03-12 17:01:11] Mapping left_kept_reads.m2g_um_seg2 to genome dm6 with Bowtie2 (2/4)
[2016-03-12 17:13:58] Mapping left_kept_reads.m2g_um_seg3 to genome dm6 with Bowtie2 (3/4)
[2016-03-12 17:26:20] Mapping left_kept_reads.m2g_um_seg4 to genome dm6 with Bowtie2 (4/4)
[2016-03-12 17:36:07] Searching for junctions via segment mapping
[2016-03-12 17:41:50] Retrieving sequences for splices
[2016-03-12 17:42:09] Indexing splices
Building a SMALL index
[2016-03-12 17:43:09] Mapping left_kept_reads.m2g_um_seg1 to genome segment_juncs with Bowtie2 (1/4)
[2016-03-12 17:48:55] Mapping left_kept_reads.m2g_um_seg2 to genome segment_juncs with Bowtie2 (2/4)
[2016-03-12 17:54:48] Mapping left_kept_reads.m2g_um_seg3 to genome segment_juncs with Bowtie2 (3/4)
[2016-03-12 18:00:33] Mapping left_kept_reads.m2g_um_seg4 to genome segment_juncs with Bowtie2 (4/4)
[2016-03-12 18:04:20] Joining segment hits
[2016-03-12 18:07:35] Reporting output tracks
-----------------------------------------------
[2016-03-12 18:36:16] A summary of the alignment counts can be found in /n/regal/eddy_lab/pkoo/opticlobe/alignment/tophat150506_SN651_0391_AH57JGBCXX__Sample_L_G_L2_1/align_summary.txt
[2016-03-12 18:36:16] Run complete: 03:46:13 elapsed
slurmstepd: error: Exceeded step memory limit at some point.
slurmstepd: error: Exceeded job memory limit at some point.
