
[2016-03-12 14:52:14] Beginning TopHat run (v2.0.13)
-----------------------------------------------
[2016-03-12 14:52:14] Checking for Bowtie
		  Bowtie version:	 2.2.2.0
[2016-03-12 14:52:14] Checking for Bowtie index files (genome)..
[2016-03-12 14:52:14] Checking for reference FASTA file
[2016-03-12 14:52:14] Generating SAM header for /n/regal/eddy_lab/pkoo/opticlobe/reference_genome/dm6_bowtie_reference/dm6
[2016-03-12 14:52:14] Reading known junctions from GTF file
[2016-03-12 14:52:17] Preparing reads
	 left reads: min. length=105, max. length=105, 41466550 kept reads (45334 discarded)
[2016-03-12 15:20:20] Building transcriptome data files /n/regal/eddy_lab/pkoo/opticlobe/alignment/tophat150507_SN651_0393_AH572MBCXX__Sample_L_G_L21_1/tmp/dm6_Ensembl
[2016-03-12 15:20:58] Building Bowtie index from dm6_Ensembl.fa
[2016-03-12 15:46:33] Mapping left_kept_reads to transcriptome dm6_Ensembl with Bowtie2 
[2016-03-12 16:41:17] Resuming TopHat pipeline with unmapped reads
[2016-03-12 16:41:17] Mapping left_kept_reads.m2g_um to genome dm6 with Bowtie2 
[2016-03-12 17:50:23] Mapping left_kept_reads.m2g_um_seg1 to genome dm6 with Bowtie2 (1/4)
[2016-03-12 18:08:07] Mapping left_kept_reads.m2g_um_seg2 to genome dm6 with Bowtie2 (2/4)
[2016-03-12 18:25:23] Mapping left_kept_reads.m2g_um_seg3 to genome dm6 with Bowtie2 (3/4)
[2016-03-12 18:42:22] Mapping left_kept_reads.m2g_um_seg4 to genome dm6 with Bowtie2 (4/4)
[2016-03-12 18:53:32] Searching for junctions via segment mapping
[2016-03-12 18:59:32] Retrieving sequences for splices
[2016-03-12 19:00:07] Indexing splices
Building a SMALL index
[2016-03-12 19:02:14] Mapping left_kept_reads.m2g_um_seg1 to genome segment_juncs with Bowtie2 (1/4)
[2016-03-12 19:09:03] Mapping left_kept_reads.m2g_um_seg2 to genome segment_juncs with Bowtie2 (2/4)
[2016-03-12 19:16:07] Mapping left_kept_reads.m2g_um_seg3 to genome segment_juncs with Bowtie2 (3/4)
[2016-03-12 19:22:53] Mapping left_kept_reads.m2g_um_seg4 to genome segment_juncs with Bowtie2 (4/4)
[2016-03-12 19:27:47] Joining segment hits
[2016-03-12 19:31:47] Reporting output tracks
-----------------------------------------------
[2016-03-12 20:22:01] A summary of the alignment counts can be found in /n/regal/eddy_lab/pkoo/opticlobe/alignment/tophat150507_SN651_0393_AH572MBCXX__Sample_L_G_L21_1/align_summary.txt
[2016-03-12 20:22:01] Run complete: 05:29:47 elapsed
slurmstepd: error: Exceeded step memory limit at some point.
slurmstepd: error: Exceeded job memory limit at some point.
