
[2016-03-12 14:49:50] Beginning TopHat run (v2.0.13)
-----------------------------------------------
[2016-03-12 14:49:50] Checking for Bowtie
		  Bowtie version:	 2.2.2.0
[2016-03-12 14:49:51] Checking for Bowtie index files (genome)..
[2016-03-12 14:49:51] Checking for reference FASTA file
[2016-03-12 14:49:51] Generating SAM header for /n/regal/eddy_lab/pkoo/opticlobe/reference_genome/dm6_bowtie_reference/dm6
[2016-03-12 14:49:51] Reading known junctions from GTF file
[2016-03-12 14:49:56] Preparing reads
	 left reads: min. length=105, max. length=105, 33750003 kept reads (49290 discarded)
[2016-03-12 15:15:24] Building transcriptome data files /n/regal/eddy_lab/pkoo/opticlobe/alignment/tophat150506_SN651_0391_AH57JGBCXX__Sample_L_G_L1_1/tmp/dm6_Ensembl
[2016-03-12 15:16:31] Building Bowtie index from dm6_Ensembl.fa
[2016-03-12 15:41:56] Mapping left_kept_reads to transcriptome dm6_Ensembl with Bowtie2 
[2016-03-12 16:27:15] Resuming TopHat pipeline with unmapped reads
[2016-03-12 16:27:15] Mapping left_kept_reads.m2g_um to genome dm6 with Bowtie2 
[2016-03-12 17:22:43] Mapping left_kept_reads.m2g_um_seg1 to genome dm6 with Bowtie2 (1/4)
[2016-03-12 17:36:14] Mapping left_kept_reads.m2g_um_seg2 to genome dm6 with Bowtie2 (2/4)
[2016-03-12 17:49:48] Mapping left_kept_reads.m2g_um_seg3 to genome dm6 with Bowtie2 (3/4)
[2016-03-12 18:02:42] Mapping left_kept_reads.m2g_um_seg4 to genome dm6 with Bowtie2 (4/4)
[2016-03-12 18:12:13] Searching for junctions via segment mapping
[2016-03-12 18:18:59] Retrieving sequences for splices
[2016-03-12 18:19:33] Indexing splices
Building a SMALL index
[2016-03-12 18:21:26] Mapping left_kept_reads.m2g_um_seg1 to genome segment_juncs with Bowtie2 (1/4)
[2016-03-12 18:27:13] Mapping left_kept_reads.m2g_um_seg2 to genome segment_juncs with Bowtie2 (2/4)
[2016-03-12 18:33:16] Mapping left_kept_reads.m2g_um_seg3 to genome segment_juncs with Bowtie2 (3/4)
[2016-03-12 18:38:49] Mapping left_kept_reads.m2g_um_seg4 to genome segment_juncs with Bowtie2 (4/4)
[2016-03-12 18:42:33] Joining segment hits
[2016-03-12 18:46:05] Reporting output tracks
-----------------------------------------------
[2016-03-12 19:37:08] A summary of the alignment counts can be found in /n/regal/eddy_lab/pkoo/opticlobe/alignment/tophat150506_SN651_0391_AH57JGBCXX__Sample_L_G_L1_1/align_summary.txt
[2016-03-12 19:37:08] Run complete: 04:47:17 elapsed
slurmstepd: error: Exceeded step memory limit at some point.
slurmstepd: error: Exceeded job memory limit at some point.
