
[2016-03-12 14:48:45] Beginning TopHat run (v2.0.13)
-----------------------------------------------
[2016-03-12 14:48:45] Checking for Bowtie
		  Bowtie version:	 2.2.2.0
[2016-03-12 14:48:45] Checking for Bowtie index files (genome)..
[2016-03-12 14:48:45] Checking for reference FASTA file
[2016-03-12 14:48:45] Generating SAM header for /n/regal/eddy_lab/pkoo/opticlobe/reference_genome/dm6_bowtie_reference/dm6
[2016-03-12 14:48:45] Reading known junctions from GTF file
[2016-03-12 14:48:50] Preparing reads
	 left reads: min. length=60, max. length=60, 36312273 kept reads (37576 discarded)
[2016-03-12 15:09:13] Building transcriptome data files /n/regal/eddy_lab/pkoo/opticlobe/alignment/tophat150415_SN651_0373_BH3N2LBCXX__Sample_H_L_M16_1/tmp/dm6_Ensembl
[2016-03-12 15:10:20] Building Bowtie index from dm6_Ensembl.fa
[2016-03-12 15:35:55] Mapping left_kept_reads to transcriptome dm6_Ensembl with Bowtie2 
[2016-03-12 16:22:45] Resuming TopHat pipeline with unmapped reads
[2016-03-12 16:22:46] Mapping left_kept_reads.m2g_um to genome dm6 with Bowtie2 
[2016-03-12 16:53:37] Mapping left_kept_reads.m2g_um_seg1 to genome dm6 with Bowtie2 (1/2)
[2016-03-12 16:58:27] Mapping left_kept_reads.m2g_um_seg2 to genome dm6 with Bowtie2 (2/2)
[2016-03-12 17:03:57] Searching for junctions via segment mapping
	Coverage-search algorithm is turned on, making this step very slow
	Please try running TopHat again with the option (--no-coverage-search) if this step takes too much time or memory.
[2016-03-12 19:24:54] Retrieving sequences for splices
[2016-03-12 19:31:40] Indexing splices
Building a SMALL index
[2016-03-12 19:59:26] Mapping left_kept_reads.m2g_um_seg1 to genome segment_juncs with Bowtie2 (1/2)
[2016-03-12 20:04:14] Mapping left_kept_reads.m2g_um_seg2 to genome segment_juncs with Bowtie2 (2/2)
[2016-03-12 20:10:49] Joining segment hits
[2016-03-12 20:14:03] Reporting output tracks
slurmstepd: error: Job 58118746 exceeded memory limit (43330944 > 24576000), being killed
slurmstepd: error: *** JOB 58118746 ON holy2a14107 CANCELLED AT 2016-03-12T20:28:35 ***
slurmstepd: error: Exceeded step memory limit at some point.
slurmstepd: error: Exceeded job memory limit at some point.
