
[2016-03-12 14:51:43] Beginning TopHat run (v2.0.13)
-----------------------------------------------
[2016-03-12 14:51:43] Checking for Bowtie
		  Bowtie version:	 2.2.2.0
[2016-03-12 14:51:43] Checking for Bowtie index files (genome)..
[2016-03-12 14:51:43] Checking for reference FASTA file
[2016-03-12 14:51:43] Generating SAM header for /n/regal/eddy_lab/pkoo/opticlobe/reference_genome/dm6_bowtie_reference/dm6
[2016-03-12 14:51:44] Reading known junctions from GTF file
[2016-03-12 14:51:46] Preparing reads
	 left reads: min. length=105, max. length=105, 45766298 kept reads (47555 discarded)
[2016-03-12 15:18:19] Building transcriptome data files /n/regal/eddy_lab/pkoo/opticlobe/alignment/tophat150506_SN651_0391_AH57JGBCXX__Sample_L_G_L6_1/tmp/dm6_Ensembl
[2016-03-12 15:19:04] Building Bowtie index from dm6_Ensembl.fa
[2016-03-12 15:35:03] Mapping left_kept_reads to transcriptome dm6_Ensembl with Bowtie2 
[2016-03-12 16:43:23] Resuming TopHat pipeline with unmapped reads
[2016-03-12 16:43:23] Mapping left_kept_reads.m2g_um to genome dm6 with Bowtie2 
[2016-03-12 17:55:38] Mapping left_kept_reads.m2g_um_seg1 to genome dm6 with Bowtie2 (1/4)
[2016-03-12 18:16:54] Mapping left_kept_reads.m2g_um_seg2 to genome dm6 with Bowtie2 (2/4)
[2016-03-12 18:40:02] Mapping left_kept_reads.m2g_um_seg3 to genome dm6 with Bowtie2 (3/4)
[2016-03-12 19:01:28] Mapping left_kept_reads.m2g_um_seg4 to genome dm6 with Bowtie2 (4/4)
[2016-03-12 19:16:19] Searching for junctions via segment mapping
[2016-03-12 19:25:18] Retrieving sequences for splices
[2016-03-12 19:25:42] Indexing splices
Building a SMALL index
[2016-03-12 19:27:07] Mapping left_kept_reads.m2g_um_seg1 to genome segment_juncs with Bowtie2 (1/4)
[2016-03-12 19:36:54] Mapping left_kept_reads.m2g_um_seg2 to genome segment_juncs with Bowtie2 (2/4)
[2016-03-12 19:48:20] Mapping left_kept_reads.m2g_um_seg3 to genome segment_juncs with Bowtie2 (3/4)
[2016-03-12 19:58:26] Mapping left_kept_reads.m2g_um_seg4 to genome segment_juncs with Bowtie2 (4/4)
[2016-03-12 20:05:36] Joining segment hits
[2016-03-12 20:11:27] Reporting output tracks
-----------------------------------------------
[2016-03-12 21:07:36] A summary of the alignment counts can be found in /n/regal/eddy_lab/pkoo/opticlobe/alignment/tophat150506_SN651_0391_AH57JGBCXX__Sample_L_G_L6_1/align_summary.txt
[2016-03-12 21:07:36] Run complete: 06:15:52 elapsed
slurmstepd: error: Exceeded step memory limit at some point.
slurmstepd: error: Exceeded job memory limit at some point.
