
[2016-03-12 14:49:57] Beginning TopHat run (v2.0.13)
-----------------------------------------------
[2016-03-12 14:49:57] Checking for Bowtie
		  Bowtie version:	 2.2.2.0
[2016-03-12 14:49:58] Checking for Bowtie index files (genome)..
[2016-03-12 14:49:58] Checking for reference FASTA file
[2016-03-12 14:49:58] Generating SAM header for /n/regal/eddy_lab/pkoo/opticlobe/reference_genome/dm6_bowtie_reference/dm6
[2016-03-12 14:49:58] Reading known junctions from GTF file
[2016-03-12 14:50:03] Preparing reads
	 left reads: min. length=65, max. length=65, 41048755 kept reads (73325 discarded)
[2016-03-12 15:19:38] Building transcriptome data files /n/regal/eddy_lab/pkoo/opticlobe/alignment/tophat150420_SN651_0376_AH3FFYBCXX__Sample_L_G_M19_1/tmp/dm6_Ensembl
[2016-03-12 15:20:47] Building Bowtie index from dm6_Ensembl.fa
[2016-03-12 15:47:16] Mapping left_kept_reads to transcriptome dm6_Ensembl with Bowtie2 
[2016-03-12 17:01:03] Resuming TopHat pipeline with unmapped reads
[2016-03-12 17:01:04] Mapping left_kept_reads.m2g_um to genome dm6 with Bowtie2 
[2016-03-12 18:23:25] Mapping left_kept_reads.m2g_um_seg1 to genome dm6 with Bowtie2 (1/2)
[2016-03-12 18:36:21] Mapping left_kept_reads.m2g_um_seg2 to genome dm6 with Bowtie2 (2/2)
[2016-03-12 18:52:08] Searching for junctions via segment mapping
	Coverage-search algorithm is turned on, making this step very slow
	Please try running TopHat again with the option (--no-coverage-search) if this step takes too much time or memory.
[2016-03-12 21:35:50] Retrieving sequences for splices
[2016-03-12 21:42:06] Indexing splices
Building a SMALL index
[2016-03-12 22:10:55] Mapping left_kept_reads.m2g_um_seg1 to genome segment_juncs with Bowtie2 (1/2)
[2016-03-12 22:21:06] Mapping left_kept_reads.m2g_um_seg2 to genome segment_juncs with Bowtie2 (2/2)
[2016-03-12 22:28:30] Joining segment hits
[2016-03-12 22:33:45] Reporting output tracks
slurmstepd: error: *** JOB 58118789 ON holy2a22103 CANCELLED AT 2016-03-12T22:49:56 DUE TO TIME LIMIT ***
