
[2016-03-12 14:53:17] Beginning TopHat run (v2.0.13)
-----------------------------------------------
[2016-03-12 14:53:17] Checking for Bowtie
		  Bowtie version:	 2.2.2.0
[2016-03-12 14:53:17] Checking for Bowtie index files (genome)..
[2016-03-12 14:53:17] Checking for reference FASTA file
[2016-03-12 14:53:17] Generating SAM header for /n/regal/eddy_lab/pkoo/opticlobe/reference_genome/dm6_bowtie_reference/dm6
[2016-03-12 14:53:18] Reading known junctions from GTF file
[2016-03-12 14:53:21] Preparing reads
	 left reads: min. length=50, max. length=50, 35445094 kept reads (36812 discarded)
[2016-03-12 15:10:03] Building transcriptome data files /n/regal/eddy_lab/pkoo/opticlobe/alignment/tophat151110_SN651_0484_AHFC7TBCXX__Sample_LH_49_1/tmp/dm6_Ensembl
[2016-03-12 15:11:16] Building Bowtie index from dm6_Ensembl.fa
[2016-03-12 15:39:34] Mapping left_kept_reads to transcriptome dm6_Ensembl with Bowtie2 
[2016-03-12 16:31:27] Resuming TopHat pipeline with unmapped reads
[2016-03-12 16:31:28] Mapping left_kept_reads.m2g_um to genome dm6 with Bowtie2 
[2016-03-12 16:58:03] Mapping left_kept_reads.m2g_um_seg1 to genome dm6 with Bowtie2 (1/2)
[2016-03-12 17:02:07] Mapping left_kept_reads.m2g_um_seg2 to genome dm6 with Bowtie2 (2/2)
[2016-03-12 17:06:32] Searching for junctions via segment mapping
	Coverage-search algorithm is turned on, making this step very slow
	Please try running TopHat again with the option (--no-coverage-search) if this step takes too much time or memory.
[2016-03-12 18:52:57] Retrieving sequences for splices
[2016-03-12 18:56:51] Indexing splices
Building a SMALL index
[2016-03-12 19:18:30] Mapping left_kept_reads.m2g_um_seg1 to genome segment_juncs with Bowtie2 (1/2)
[2016-03-12 19:22:30] Mapping left_kept_reads.m2g_um_seg2 to genome segment_juncs with Bowtie2 (2/2)
[2016-03-12 19:27:05] Joining segment hits
[2016-03-12 19:30:22] Reporting output tracks
slurmstepd: error: Job 58119196 exceeded memory limit (38140468 > 24576000), being killed
slurmstepd: error: *** JOB 58119196 ON holy2b07105 CANCELLED AT 2016-03-12T19:40:08 ***
slurmstepd: error: Exceeded step memory limit at some point.
slurmstepd: error: Exceeded job memory limit at some point.
