
[2016-03-12 14:48:50] Beginning TopHat run (v2.0.13)
-----------------------------------------------
[2016-03-12 14:48:50] Checking for Bowtie
		  Bowtie version:	 2.2.2.0
[2016-03-12 14:48:50] Checking for Bowtie index files (genome)..
[2016-03-12 14:48:50] Checking for reference FASTA file
[2016-03-12 14:48:50] Generating SAM header for /n/regal/eddy_lab/pkoo/opticlobe/reference_genome/dm6_bowtie_reference/dm6
[2016-03-12 14:48:51] Reading known junctions from GTF file
[2016-03-12 14:48:55] Preparing reads
	 left reads: min. length=65, max. length=65, 33780699 kept reads (104863 discarded)
[2016-03-12 15:13:01] Building transcriptome data files /n/regal/eddy_lab/pkoo/opticlobe/alignment/tophat150420_SN651_0376_AH3FFYBCXX__Sample_L_G_M17_1/tmp/dm6_Ensembl
[2016-03-12 15:14:10] Building Bowtie index from dm6_Ensembl.fa
[2016-03-12 15:40:42] Mapping left_kept_reads to transcriptome dm6_Ensembl with Bowtie2 
[2016-03-12 16:26:14] Resuming TopHat pipeline with unmapped reads
[2016-03-12 16:26:14] Mapping left_kept_reads.m2g_um to genome dm6 with Bowtie2 
[2016-03-12 17:36:14] Mapping left_kept_reads.m2g_um_seg1 to genome dm6 with Bowtie2 (1/2)
[2016-03-12 17:44:58] Mapping left_kept_reads.m2g_um_seg2 to genome dm6 with Bowtie2 (2/2)
[2016-03-12 17:54:17] Searching for junctions via segment mapping
	Coverage-search algorithm is turned on, making this step very slow
	Please try running TopHat again with the option (--no-coverage-search) if this step takes too much time or memory.
[2016-03-12 20:31:52] Retrieving sequences for splices
[2016-03-12 20:38:10] Indexing splices
Building a SMALL index
[2016-03-12 21:04:37] Mapping left_kept_reads.m2g_um_seg1 to genome segment_juncs with Bowtie2 (1/2)
[2016-03-12 21:10:27] Mapping left_kept_reads.m2g_um_seg2 to genome segment_juncs with Bowtie2 (2/2)
[2016-03-12 21:17:08] Joining segment hits
[2016-03-12 21:21:53] Reporting output tracks
slurmstepd: error: Job 58118767 exceeded memory limit (39480712 > 24576000), being killed
slurmstepd: error: *** JOB 58118767 ON holy2a14108 CANCELLED AT 2016-03-12T21:41:14 ***
slurmstepd: error: Exceeded step memory limit at some point.
slurmstepd: error: Exceeded job memory limit at some point.
