
[2016-03-12 14:48:10] Beginning TopHat run (v2.0.13)
-----------------------------------------------
[2016-03-12 14:48:10] Checking for Bowtie
		  Bowtie version:	 2.2.2.0
[2016-03-12 14:48:11] Checking for Bowtie index files (genome)..
[2016-03-12 14:48:11] Checking for reference FASTA file
[2016-03-12 14:48:11] Generating SAM header for /n/regal/eddy_lab/pkoo/opticlobe/reference_genome/dm6_bowtie_reference/dm6
[2016-03-12 14:48:11] Reading known junctions from GTF file
[2016-03-12 14:48:16] Preparing reads
	 left reads: min. length=60, max. length=60, 43399540 kept reads (48312 discarded)
[2016-03-12 15:10:54] Building transcriptome data files /n/regal/eddy_lab/pkoo/opticlobe/alignment/tophat150415_SN651_0372_AH3N2YBCXX__Sample_H_L_M3_1/tmp/dm6_Ensembl
[2016-03-12 15:12:01] Building Bowtie index from dm6_Ensembl.fa
[2016-03-12 15:37:11] Mapping left_kept_reads to transcriptome dm6_Ensembl with Bowtie2 
[2016-03-12 16:38:26] Resuming TopHat pipeline with unmapped reads
[2016-03-12 16:38:26] Mapping left_kept_reads.m2g_um to genome dm6 with Bowtie2 
[2016-03-12 17:28:48] Mapping left_kept_reads.m2g_um_seg1 to genome dm6 with Bowtie2 (1/2)
[2016-03-12 17:37:13] Mapping left_kept_reads.m2g_um_seg2 to genome dm6 with Bowtie2 (2/2)
[2016-03-12 17:47:22] Searching for junctions via segment mapping
	Coverage-search algorithm is turned on, making this step very slow
	Please try running TopHat again with the option (--no-coverage-search) if this step takes too much time or memory.
[2016-03-12 20:26:47] Retrieving sequences for splices
[2016-03-12 20:33:00] Indexing splices
Building a SMALL index
[2016-03-12 20:56:34] Mapping left_kept_reads.m2g_um_seg1 to genome segment_juncs with Bowtie2 (1/2)
[2016-03-12 21:05:19] Mapping left_kept_reads.m2g_um_seg2 to genome segment_juncs with Bowtie2 (2/2)
[2016-03-12 21:12:51] Joining segment hits
[2016-03-12 21:17:48] Reporting output tracks
slurmstepd: error: Job 58118531 exceeded memory limit (30683604 > 24576000), being killed
slurmstepd: error: *** JOB 58118531 ON holy2a22102 CANCELLED AT 2016-03-12T21:39:01 ***
slurmstepd: error: Exceeded step memory limit at some point.
slurmstepd: error: Exceeded job memory limit at some point.
