
[2016-03-12 14:53:19] Beginning TopHat run (v2.0.13)
-----------------------------------------------
[2016-03-12 14:53:19] Checking for Bowtie
		  Bowtie version:	 2.2.2.0
[2016-03-12 14:53:19] Checking for Bowtie index files (genome)..
[2016-03-12 14:53:19] Checking for reference FASTA file
[2016-03-12 14:53:19] Generating SAM header for /n/regal/eddy_lab/pkoo/opticlobe/reference_genome/dm6_bowtie_reference/dm6
[2016-03-12 14:53:20] Reading known junctions from GTF file
[2016-03-12 14:53:22] Preparing reads
	 left reads: min. length=50, max. length=50, 42984597 kept reads (31854 discarded)
[2016-03-12 15:12:08] Building transcriptome data files /n/regal/eddy_lab/pkoo/opticlobe/alignment/tophat151110_SN651_0484_AHFC7TBCXX__Sample_LH_46_1/tmp/dm6_Ensembl
[2016-03-12 15:12:44] Building Bowtie index from dm6_Ensembl.fa
[2016-03-12 15:33:06] Mapping left_kept_reads to transcriptome dm6_Ensembl with Bowtie2 
[2016-03-12 16:45:57] Resuming TopHat pipeline with unmapped reads
[2016-03-12 16:45:58] Mapping left_kept_reads.m2g_um to genome dm6 with Bowtie2 
[2016-03-12 17:33:35] Mapping left_kept_reads.m2g_um_seg1 to genome dm6 with Bowtie2 (1/2)
[2016-03-12 17:39:21] Mapping left_kept_reads.m2g_um_seg2 to genome dm6 with Bowtie2 (2/2)
[2016-03-12 17:44:25] Searching for junctions via segment mapping
	Coverage-search algorithm is turned on, making this step very slow
	Please try running TopHat again with the option (--no-coverage-search) if this step takes too much time or memory.
[2016-03-12 19:08:44] Retrieving sequences for splices
[2016-03-12 19:15:52] Indexing splices
Building a SMALL index
[2016-03-12 19:37:37] Mapping left_kept_reads.m2g_um_seg1 to genome segment_juncs with Bowtie2 (1/2)
[2016-03-12 19:44:30] Mapping left_kept_reads.m2g_um_seg2 to genome segment_juncs with Bowtie2 (2/2)
[2016-03-12 19:52:00] Joining segment hits
[2016-03-12 19:57:40] Reporting output tracks
slurmstepd: error: Job 58119181 exceeded memory limit (46322860 > 24576000), being killed
slurmstepd: error: *** JOB 58119181 ON holy2a13201 CANCELLED AT 2016-03-12T20:12:41 ***
slurmstepd: error: Exceeded step memory limit at some point.
slurmstepd: error: Exceeded job memory limit at some point.
