
[2016-03-12 14:52:52] Beginning TopHat run (v2.0.13)
-----------------------------------------------
[2016-03-12 14:52:52] Checking for Bowtie
		  Bowtie version:	 2.2.2.0
[2016-03-12 14:52:52] Checking for Bowtie index files (genome)..
[2016-03-12 14:52:52] Checking for reference FASTA file
[2016-03-12 14:52:52] Generating SAM header for /n/regal/eddy_lab/pkoo/opticlobe/reference_genome/dm6_bowtie_reference/dm6
[2016-03-12 14:52:53] Reading known junctions from GTF file
[2016-03-12 14:52:58] Preparing reads
	 left reads: min. length=50, max. length=50, 39643064 kept reads (24678 discarded)
[2016-03-12 15:06:36] Building transcriptome data files /n/regal/eddy_lab/pkoo/opticlobe/alignment/tophat151105_SN651_0480_BHFFKLBCXX__Sample_LH_76_1/tmp/dm6_Ensembl
[2016-03-12 15:08:04] Building Bowtie index from dm6_Ensembl.fa
[2016-03-12 15:34:42] Mapping left_kept_reads to transcriptome dm6_Ensembl with Bowtie2 
[2016-03-12 16:18:07] Resuming TopHat pipeline with unmapped reads
[2016-03-12 16:18:07] Mapping left_kept_reads.m2g_um to genome dm6 with Bowtie2 
[2016-03-12 16:49:23] Mapping left_kept_reads.m2g_um_seg1 to genome dm6 with Bowtie2 (1/2)
[2016-03-12 16:55:13] Mapping left_kept_reads.m2g_um_seg2 to genome dm6 with Bowtie2 (2/2)
[2016-03-12 17:01:01] Searching for junctions via segment mapping
	Coverage-search algorithm is turned on, making this step very slow
	Please try running TopHat again with the option (--no-coverage-search) if this step takes too much time or memory.
[2016-03-12 18:04:20] Retrieving sequences for splices
[2016-03-12 18:07:53] Indexing splices
Building a SMALL index
[2016-03-12 18:27:39] Mapping left_kept_reads.m2g_um_seg1 to genome segment_juncs with Bowtie2 (1/2)
[2016-03-12 18:32:25] Mapping left_kept_reads.m2g_um_seg2 to genome segment_juncs with Bowtie2 (2/2)
[2016-03-12 18:37:46] Joining segment hits
[2016-03-12 18:43:40] Reporting output tracks
slurmstepd: error: Job 58119074 exceeded memory limit (40068848 > 24576000), being killed
slurmstepd: error: *** JOB 58119074 ON holy2b09205 CANCELLED AT 2016-03-12T19:01:15 ***
slurmstepd: error: Exceeded step memory limit at some point.
slurmstepd: error: Exceeded job memory limit at some point.
