
[2016-03-12 14:52:38] Beginning TopHat run (v2.0.13)
-----------------------------------------------
[2016-03-12 14:52:38] Checking for Bowtie
		  Bowtie version:	 2.2.2.0
[2016-03-12 14:52:38] Checking for Bowtie index files (genome)..
[2016-03-12 14:52:38] Checking for reference FASTA file
[2016-03-12 14:52:38] Generating SAM header for /n/regal/eddy_lab/pkoo/opticlobe/reference_genome/dm6_bowtie_reference/dm6
[2016-03-12 14:52:39] Reading known junctions from GTF file
[2016-03-12 14:52:41] Preparing reads
	 left reads: min. length=50, max. length=50, 29232278 kept reads (46305 discarded)
[2016-03-12 15:00:10] Building transcriptome data files /n/regal/eddy_lab/pkoo/opticlobe/alignment/tophat151028_SN651_0471_AH7YYYBCXX__Sample_LH_88_1/tmp/dm6_Ensembl
[2016-03-12 15:00:46] Building Bowtie index from dm6_Ensembl.fa
[2016-03-12 15:14:37] Mapping left_kept_reads to transcriptome dm6_Ensembl with Bowtie2 
[2016-03-12 15:51:11] Resuming TopHat pipeline with unmapped reads
[2016-03-12 15:51:11] Mapping left_kept_reads.m2g_um to genome dm6 with Bowtie2 
[2016-03-12 16:12:14] Mapping left_kept_reads.m2g_um_seg1 to genome dm6 with Bowtie2 (1/2)
[2016-03-12 16:15:16] Mapping left_kept_reads.m2g_um_seg2 to genome dm6 with Bowtie2 (2/2)
[2016-03-12 16:19:02] Searching for junctions via segment mapping
	Coverage-search algorithm is turned on, making this step very slow
	Please try running TopHat again with the option (--no-coverage-search) if this step takes too much time or memory.
[2016-03-12 17:05:34] Retrieving sequences for splices
[2016-03-12 17:08:36] Indexing splices
Building a SMALL index
[2016-03-12 17:18:05] Mapping left_kept_reads.m2g_um_seg1 to genome segment_juncs with Bowtie2 (1/2)
[2016-03-12 17:21:19] Mapping left_kept_reads.m2g_um_seg2 to genome segment_juncs with Bowtie2 (2/2)
[2016-03-12 17:24:52] Joining segment hits
[2016-03-12 17:27:35] Reporting output tracks
slurmstepd: error: Job 58118907 exceeded memory limit (39502180 > 24576000), being killed
slurmstepd: error: *** JOB 58118907 ON holy2b05105 CANCELLED AT 2016-03-12T17:35:58 ***
