
[2016-03-12 14:52:39] Beginning TopHat run (v2.0.13)
-----------------------------------------------
[2016-03-12 14:52:39] Checking for Bowtie
		  Bowtie version:	 2.2.2.0
[2016-03-12 14:52:39] Checking for Bowtie index files (genome)..
[2016-03-12 14:52:39] Checking for reference FASTA file
[2016-03-12 14:52:39] Generating SAM header for /n/regal/eddy_lab/pkoo/opticlobe/reference_genome/dm6_bowtie_reference/dm6
[2016-03-12 14:52:39] Reading known junctions from GTF file
[2016-03-12 14:52:44] Preparing reads
	 left reads: min. length=105, max. length=105, 43451194 kept reads (67597 discarded)
[2016-03-12 15:28:56] Building transcriptome data files /n/regal/eddy_lab/pkoo/opticlobe/alignment/tophat150507_SN651_0394_BH53WHBCXX__Sample_L_G_L27_1/tmp/dm6_Ensembl
[2016-03-12 15:30:03] Building Bowtie index from dm6_Ensembl.fa
[2016-03-12 15:55:38] Mapping left_kept_reads to transcriptome dm6_Ensembl with Bowtie2 
[2016-03-12 16:57:58] Resuming TopHat pipeline with unmapped reads
[2016-03-12 16:57:58] Mapping left_kept_reads.m2g_um to genome dm6 with Bowtie2 
[2016-03-12 18:13:32] Mapping left_kept_reads.m2g_um_seg1 to genome dm6 with Bowtie2 (1/4)
[2016-03-12 18:32:22] Mapping left_kept_reads.m2g_um_seg2 to genome dm6 with Bowtie2 (2/4)
[2016-03-12 18:51:19] Mapping left_kept_reads.m2g_um_seg3 to genome dm6 with Bowtie2 (3/4)
[2016-03-12 19:09:41] Mapping left_kept_reads.m2g_um_seg4 to genome dm6 with Bowtie2 (4/4)
[2016-03-12 19:24:06] Searching for junctions via segment mapping
[2016-03-12 19:32:04] Retrieving sequences for splices
[2016-03-12 19:32:41] Indexing splices
Building a SMALL index
[2016-03-12 19:34:46] Mapping left_kept_reads.m2g_um_seg1 to genome segment_juncs with Bowtie2 (1/4)
[2016-03-12 19:41:50] Mapping left_kept_reads.m2g_um_seg2 to genome segment_juncs with Bowtie2 (2/4)
[2016-03-12 19:48:57] Mapping left_kept_reads.m2g_um_seg3 to genome segment_juncs with Bowtie2 (3/4)
[2016-03-12 19:55:51] Mapping left_kept_reads.m2g_um_seg4 to genome segment_juncs with Bowtie2 (4/4)
[2016-03-12 20:00:45] Joining segment hits
[2016-03-12 20:05:27] Reporting output tracks
-----------------------------------------------
[2016-03-12 21:22:37] A summary of the alignment counts can be found in /n/regal/eddy_lab/pkoo/opticlobe/alignment/tophat150507_SN651_0394_BH53WHBCXX__Sample_L_G_L27_1/align_summary.txt
[2016-03-12 21:22:37] Run complete: 06:29:58 elapsed
slurmstepd: error: Exceeded step memory limit at some point.
slurmstepd: error: Exceeded job memory limit at some point.
