
[2016-03-12 14:52:34] Beginning TopHat run (v2.0.13)
-----------------------------------------------
[2016-03-12 14:52:34] Checking for Bowtie
		  Bowtie version:	 2.2.2.0
[2016-03-12 14:52:35] Checking for Bowtie index files (genome)..
[2016-03-12 14:52:35] Checking for reference FASTA file
[2016-03-12 14:52:35] Generating SAM header for /n/regal/eddy_lab/pkoo/opticlobe/reference_genome/dm6_bowtie_reference/dm6
[2016-03-12 14:52:35] Reading known junctions from GTF file
[2016-03-12 14:52:40] Preparing reads
	 left reads: min. length=105, max. length=105, 46980673 kept reads (59673 discarded)
[2016-03-12 15:26:34] Building transcriptome data files /n/regal/eddy_lab/pkoo/opticlobe/alignment/tophat150507_SN651_0393_AH572MBCXX__Sample_L_G_L22_1/tmp/dm6_Ensembl
[2016-03-12 15:27:43] Building Bowtie index from dm6_Ensembl.fa
[2016-03-12 15:54:16] Mapping left_kept_reads to transcriptome dm6_Ensembl with Bowtie2 
[2016-03-12 17:01:22] Resuming TopHat pipeline with unmapped reads
[2016-03-12 17:01:22] Mapping left_kept_reads.m2g_um to genome dm6 with Bowtie2 
[2016-03-12 18:23:30] Mapping left_kept_reads.m2g_um_seg1 to genome dm6 with Bowtie2 (1/4)
[2016-03-12 18:48:16] Mapping left_kept_reads.m2g_um_seg2 to genome dm6 with Bowtie2 (2/4)
[2016-03-12 19:20:15] Mapping left_kept_reads.m2g_um_seg3 to genome dm6 with Bowtie2 (3/4)
[2016-03-12 19:52:46] Mapping left_kept_reads.m2g_um_seg4 to genome dm6 with Bowtie2 (4/4)
[2016-03-12 20:06:28] Searching for junctions via segment mapping
[2016-03-12 20:13:43] Retrieving sequences for splices
[2016-03-12 20:14:22] Indexing splices
Building a SMALL index
[2016-03-12 20:17:03] Mapping left_kept_reads.m2g_um_seg1 to genome segment_juncs with Bowtie2 (1/4)
[2016-03-12 20:25:36] Mapping left_kept_reads.m2g_um_seg2 to genome segment_juncs with Bowtie2 (2/4)
[2016-03-12 20:34:16] Mapping left_kept_reads.m2g_um_seg3 to genome segment_juncs with Bowtie2 (3/4)
[2016-03-12 20:42:44] Mapping left_kept_reads.m2g_um_seg4 to genome segment_juncs with Bowtie2 (4/4)
[2016-03-12 20:49:02] Joining segment hits
[2016-03-12 20:53:48] Reporting output tracks
-----------------------------------------------
[2016-03-12 22:09:09] A summary of the alignment counts can be found in /n/regal/eddy_lab/pkoo/opticlobe/alignment/tophat150507_SN651_0393_AH572MBCXX__Sample_L_G_L22_1/align_summary.txt
[2016-03-12 22:09:09] Run complete: 07:16:34 elapsed
slurmstepd: error: Exceeded step memory limit at some point.
slurmstepd: error: Exceeded job memory limit at some point.
