
[2016-03-12 14:52:12] Beginning TopHat run (v2.0.13)
-----------------------------------------------
[2016-03-12 14:52:12] Checking for Bowtie
		  Bowtie version:	 2.2.2.0
[2016-03-12 14:52:12] Checking for Bowtie index files (genome)..
[2016-03-12 14:52:12] Checking for reference FASTA file
[2016-03-12 14:52:12] Generating SAM header for /n/regal/eddy_lab/pkoo/opticlobe/reference_genome/dm6_bowtie_reference/dm6
[2016-03-12 14:52:13] Reading known junctions from GTF file
[2016-03-12 14:52:15] Preparing reads
	 left reads: min. length=105, max. length=105, 36623533 kept reads (28775 discarded)
[2016-03-12 15:09:58] Building transcriptome data files /n/regal/eddy_lab/pkoo/opticlobe/alignment/tophat150506_SN651_0392_BH3WVKBCXX__Sample_L_G_L16_1/tmp/dm6_Ensembl
[2016-03-12 15:10:32] Building Bowtie index from dm6_Ensembl.fa
[2016-03-12 15:23:59] Mapping left_kept_reads to transcriptome dm6_Ensembl with Bowtie2 
[2016-03-12 16:32:26] Resuming TopHat pipeline with unmapped reads
[2016-03-12 16:32:26] Mapping left_kept_reads.m2g_um to genome dm6 with Bowtie2 
[2016-03-12 17:28:01] Mapping left_kept_reads.m2g_um_seg1 to genome dm6 with Bowtie2 (1/4)
[2016-03-12 17:43:44] Mapping left_kept_reads.m2g_um_seg2 to genome dm6 with Bowtie2 (2/4)
[2016-03-12 18:00:15] Mapping left_kept_reads.m2g_um_seg3 to genome dm6 with Bowtie2 (3/4)
[2016-03-12 18:16:37] Mapping left_kept_reads.m2g_um_seg4 to genome dm6 with Bowtie2 (4/4)
[2016-03-12 18:27:30] Searching for junctions via segment mapping
[2016-03-12 18:33:36] Retrieving sequences for splices
[2016-03-12 18:33:53] Indexing splices
Building a SMALL index
[2016-03-12 18:34:49] Mapping left_kept_reads.m2g_um_seg1 to genome segment_juncs with Bowtie2 (1/4)
[2016-03-12 18:42:12] Mapping left_kept_reads.m2g_um_seg2 to genome segment_juncs with Bowtie2 (2/4)
[2016-03-12 18:49:42] Mapping left_kept_reads.m2g_um_seg3 to genome segment_juncs with Bowtie2 (3/4)
[2016-03-12 18:56:52] Mapping left_kept_reads.m2g_um_seg4 to genome segment_juncs with Bowtie2 (4/4)
[2016-03-12 19:01:41] Joining segment hits
[2016-03-12 19:05:33] Reporting output tracks
-----------------------------------------------
[2016-03-12 19:51:00] A summary of the alignment counts can be found in /n/regal/eddy_lab/pkoo/opticlobe/alignment/tophat150506_SN651_0392_BH3WVKBCXX__Sample_L_G_L16_1/align_summary.txt
[2016-03-12 19:51:00] Run complete: 04:58:47 elapsed
slurmstepd: error: Exceeded step memory limit at some point.
slurmstepd: error: Exceeded job memory limit at some point.
