
[2016-03-12 14:51:51] Beginning TopHat run (v2.0.13)
-----------------------------------------------
[2016-03-12 14:51:51] Checking for Bowtie
		  Bowtie version:	 2.2.2.0
[2016-03-12 14:51:52] Checking for Bowtie index files (genome)..
[2016-03-12 14:51:52] Checking for reference FASTA file
[2016-03-12 14:51:52] Generating SAM header for /n/regal/eddy_lab/pkoo/opticlobe/reference_genome/dm6_bowtie_reference/dm6
[2016-03-12 14:51:52] Reading known junctions from GTF file
[2016-03-12 14:51:57] Preparing reads
	 left reads: min. length=105, max. length=105, 37295790 kept reads (50132 discarded)
[2016-03-12 15:18:40] Building transcriptome data files /n/regal/eddy_lab/pkoo/opticlobe/alignment/tophat150506_SN651_0391_AH57JGBCXX__Sample_L_G_L7_1/tmp/dm6_Ensembl
[2016-03-12 15:19:46] Building Bowtie index from dm6_Ensembl.fa
[2016-03-12 15:45:22] Mapping left_kept_reads to transcriptome dm6_Ensembl with Bowtie2 
[2016-03-12 16:35:11] Resuming TopHat pipeline with unmapped reads
[2016-03-12 16:35:11] Mapping left_kept_reads.m2g_um to genome dm6 with Bowtie2 
[2016-03-12 17:37:05] Mapping left_kept_reads.m2g_um_seg1 to genome dm6 with Bowtie2 (1/4)
[2016-03-12 17:50:09] Mapping left_kept_reads.m2g_um_seg2 to genome dm6 with Bowtie2 (2/4)
[2016-03-12 18:03:39] Mapping left_kept_reads.m2g_um_seg3 to genome dm6 with Bowtie2 (3/4)
[2016-03-12 18:16:26] Mapping left_kept_reads.m2g_um_seg4 to genome dm6 with Bowtie2 (4/4)
[2016-03-12 18:26:57] Searching for junctions via segment mapping
[2016-03-12 18:31:41] Retrieving sequences for splices
[2016-03-12 18:32:12] Indexing splices
Building a SMALL index
[2016-03-12 18:33:57] Mapping left_kept_reads.m2g_um_seg1 to genome segment_juncs with Bowtie2 (1/4)
[2016-03-12 18:38:51] Mapping left_kept_reads.m2g_um_seg2 to genome segment_juncs with Bowtie2 (2/4)
[2016-03-12 18:44:36] Mapping left_kept_reads.m2g_um_seg3 to genome segment_juncs with Bowtie2 (3/4)
[2016-03-12 18:50:06] Mapping left_kept_reads.m2g_um_seg4 to genome segment_juncs with Bowtie2 (4/4)
[2016-03-12 18:54:16] Joining segment hits
[2016-03-12 18:57:03] Reporting output tracks
-----------------------------------------------
[2016-03-12 19:49:36] A summary of the alignment counts can be found in /n/regal/eddy_lab/pkoo/opticlobe/alignment/tophat150506_SN651_0391_AH57JGBCXX__Sample_L_G_L7_1/align_summary.txt
[2016-03-12 19:49:36] Run complete: 04:57:44 elapsed
slurmstepd: error: Exceeded step memory limit at some point.
slurmstepd: error: Exceeded job memory limit at some point.
