
[2016-03-12 14:52:53] Beginning TopHat run (v2.0.13)
-----------------------------------------------
[2016-03-12 14:52:53] Checking for Bowtie
		  Bowtie version:	 2.2.2.0
[2016-03-12 14:52:53] Checking for Bowtie index files (genome)..
[2016-03-12 14:52:53] Checking for reference FASTA file
[2016-03-12 14:52:53] Generating SAM header for /n/regal/eddy_lab/pkoo/opticlobe/reference_genome/dm6_bowtie_reference/dm6
[2016-03-12 14:52:53] Reading known junctions from GTF file
[2016-03-12 14:52:58] Preparing reads
	 left reads: min. length=50, max. length=50, 44846305 kept reads (78543 discarded)
[2016-03-12 15:07:53] Building transcriptome data files /n/regal/eddy_lab/pkoo/opticlobe/alignment/tophat151028_SN651_0472_BH7YYFBCXX__Sample_LH_1_T4T5_1/tmp/dm6_Ensembl
[2016-03-12 15:08:59] Building Bowtie index from dm6_Ensembl.fa
[2016-03-12 15:34:36] Mapping left_kept_reads to transcriptome dm6_Ensembl with Bowtie2 
[2016-03-12 16:44:50] Resuming TopHat pipeline with unmapped reads
[2016-03-12 16:44:50] Mapping left_kept_reads.m2g_um to genome dm6 with Bowtie2 
[2016-03-12 17:26:41] Mapping left_kept_reads.m2g_um_seg1 to genome dm6 with Bowtie2 (1/2)
[2016-03-12 17:32:07] Mapping left_kept_reads.m2g_um_seg2 to genome dm6 with Bowtie2 (2/2)
[2016-03-12 17:37:02] Searching for junctions via segment mapping
	Coverage-search algorithm is turned on, making this step very slow
	Please try running TopHat again with the option (--no-coverage-search) if this step takes too much time or memory.
[2016-03-12 19:09:05] Retrieving sequences for splices
[2016-03-12 19:16:02] Indexing splices
Building a SMALL index
[2016-03-12 19:37:59] Mapping left_kept_reads.m2g_um_seg1 to genome segment_juncs with Bowtie2 (1/2)
[2016-03-12 19:43:24] Mapping left_kept_reads.m2g_um_seg2 to genome segment_juncs with Bowtie2 (2/2)
[2016-03-12 19:47:33] Joining segment hits
[2016-03-12 19:52:43] Reporting output tracks
slurmstepd: error: Job 58118941 exceeded memory limit (43409056 > 24576000), being killed
slurmstepd: error: *** JOB 58118941 ON holy2a11107 CANCELLED AT 2016-03-12T20:09:42 ***
slurmstepd: error: Exceeded step memory limit at some point.
slurmstepd: error: Exceeded job memory limit at some point.
