
[2016-03-12 14:47:58] Beginning TopHat run (v2.0.13)
-----------------------------------------------
[2016-03-12 14:47:58] Checking for Bowtie
		  Bowtie version:	 2.2.2.0
[2016-03-12 14:47:58] Checking for Bowtie index files (genome)..
[2016-03-12 14:47:58] Checking for reference FASTA file
[2016-03-12 14:47:58] Generating SAM header for /n/regal/eddy_lab/pkoo/opticlobe/reference_genome/dm6_bowtie_reference/dm6
[2016-03-12 14:47:59] Reading known junctions from GTF file
[2016-03-12 14:48:02] Preparing reads
	 left reads: min. length=60, max. length=60, 40353668 kept reads (23792 discarded)
[2016-03-12 15:09:22] Building transcriptome data files /n/regal/eddy_lab/pkoo/opticlobe/alignment/tophat150415_SN651_0372_AH3N2YBCXX__Sample_H_L_M2_1/tmp/dm6_Ensembl
[2016-03-12 15:10:06] Building Bowtie index from dm6_Ensembl.fa
[2016-03-12 15:25:01] Mapping left_kept_reads to transcriptome dm6_Ensembl with Bowtie2 
[2016-03-12 16:22:57] Resuming TopHat pipeline with unmapped reads
[2016-03-12 16:22:57] Mapping left_kept_reads.m2g_um to genome dm6 with Bowtie2 
[2016-03-12 17:20:18] Mapping left_kept_reads.m2g_um_seg1 to genome dm6 with Bowtie2 (1/2)
[2016-03-12 17:25:25] Mapping left_kept_reads.m2g_um_seg2 to genome dm6 with Bowtie2 (2/2)
[2016-03-12 17:31:26] Searching for junctions via segment mapping
	Coverage-search algorithm is turned on, making this step very slow
	Please try running TopHat again with the option (--no-coverage-search) if this step takes too much time or memory.
[2016-03-12 19:31:57] Retrieving sequences for splices
[2016-03-12 19:36:56] Indexing splices
Building a SMALL index
[2016-03-12 19:55:36] Mapping left_kept_reads.m2g_um_seg1 to genome segment_juncs with Bowtie2 (1/2)
[2016-03-12 20:00:18] Mapping left_kept_reads.m2g_um_seg2 to genome segment_juncs with Bowtie2 (2/2)
[2016-03-12 20:05:13] Joining segment hits
[2016-03-12 20:08:21] Reporting output tracks
slurmstepd: error: Job 58118529 exceeded memory limit (33934428 > 24576000), being killed
slurmstepd: error: *** JOB 58118529 ON holy2a21303 CANCELLED AT 2016-03-12T20:51:19 ***
slurmstepd: error: Exceeded step memory limit at some point.
slurmstepd: error: Exceeded job memory limit at some point.
