
[2016-03-12 14:51:47] Beginning TopHat run (v2.0.13)
-----------------------------------------------
[2016-03-12 14:51:47] Checking for Bowtie
		  Bowtie version:	 2.2.2.0
[2016-03-12 14:51:47] Checking for Bowtie index files (genome)..
[2016-03-12 14:51:47] Checking for reference FASTA file
[2016-03-12 14:51:47] Generating SAM header for /n/regal/eddy_lab/pkoo/opticlobe/reference_genome/dm6_bowtie_reference/dm6
[2016-03-12 14:51:47] Reading known junctions from GTF file
[2016-03-12 14:51:52] Preparing reads
	 left reads: min. length=105, max. length=105, 39902889 kept reads (61760 discarded)
[2016-03-12 15:17:52] Building transcriptome data files /n/regal/eddy_lab/pkoo/opticlobe/alignment/tophat150506_SN651_0391_AH57JGBCXX__Sample_L_G_L4_1/tmp/dm6_Ensembl
[2016-03-12 15:18:58] Building Bowtie index from dm6_Ensembl.fa
[2016-03-12 15:44:33] Mapping left_kept_reads to transcriptome dm6_Ensembl with Bowtie2 
[2016-03-12 16:39:10] Resuming TopHat pipeline with unmapped reads
[2016-03-12 16:39:11] Mapping left_kept_reads.m2g_um to genome dm6 with Bowtie2 
[2016-03-12 17:48:13] Mapping left_kept_reads.m2g_um_seg1 to genome dm6 with Bowtie2 (1/4)
[2016-03-12 18:03:32] Mapping left_kept_reads.m2g_um_seg2 to genome dm6 with Bowtie2 (2/4)
[2016-03-12 18:19:35] Mapping left_kept_reads.m2g_um_seg3 to genome dm6 with Bowtie2 (3/4)
[2016-03-12 18:34:38] Mapping left_kept_reads.m2g_um_seg4 to genome dm6 with Bowtie2 (4/4)
[2016-03-12 18:46:04] Searching for junctions via segment mapping
[2016-03-12 18:53:36] Retrieving sequences for splices
[2016-03-12 18:54:14] Indexing splices
Building a SMALL index
[2016-03-12 18:56:21] Mapping left_kept_reads.m2g_um_seg1 to genome segment_juncs with Bowtie2 (1/4)
[2016-03-12 19:03:16] Mapping left_kept_reads.m2g_um_seg2 to genome segment_juncs with Bowtie2 (2/4)
[2016-03-12 19:10:38] Mapping left_kept_reads.m2g_um_seg3 to genome segment_juncs with Bowtie2 (3/4)
[2016-03-12 19:17:44] Mapping left_kept_reads.m2g_um_seg4 to genome segment_juncs with Bowtie2 (4/4)
[2016-03-12 19:22:26] Joining segment hits
[2016-03-12 19:26:34] Reporting output tracks
-----------------------------------------------
[2016-03-12 20:31:59] A summary of the alignment counts can be found in /n/regal/eddy_lab/pkoo/opticlobe/alignment/tophat150506_SN651_0391_AH57JGBCXX__Sample_L_G_L4_1/align_summary.txt
[2016-03-12 20:31:59] Run complete: 05:40:12 elapsed
slurmstepd: error: Exceeded step memory limit at some point.
slurmstepd: error: Exceeded job memory limit at some point.
