
[2016-03-12 14:53:03] Beginning TopHat run (v2.0.13)
-----------------------------------------------
[2016-03-12 14:53:03] Checking for Bowtie
		  Bowtie version:	 2.2.2.0
[2016-03-12 14:53:03] Checking for Bowtie index files (genome)..
[2016-03-12 14:53:03] Checking for reference FASTA file
[2016-03-12 14:53:03] Generating SAM header for /n/regal/eddy_lab/pkoo/opticlobe/reference_genome/dm6_bowtie_reference/dm6
[2016-03-12 14:53:04] Reading known junctions from GTF file
[2016-03-12 14:53:06] Preparing reads
	 left reads: min. length=50, max. length=50, 36276081 kept reads (62012 discarded)
[2016-03-12 15:03:30] Building transcriptome data files /n/regal/eddy_lab/pkoo/opticlobe/alignment/tophat151109_SN651_0481_AHFFKGBCXX__Sample_LH_1_1/tmp/dm6_Ensembl
[2016-03-12 15:04:11] Building Bowtie index from dm6_Ensembl.fa
[2016-03-12 15:19:17] Mapping left_kept_reads to transcriptome dm6_Ensembl with Bowtie2 
[2016-03-12 16:31:45] Resuming TopHat pipeline with unmapped reads
[2016-03-12 16:31:46] Mapping left_kept_reads.m2g_um to genome dm6 with Bowtie2 
[2016-03-12 17:09:29] Mapping left_kept_reads.m2g_um_seg1 to genome dm6 with Bowtie2 (1/2)
[2016-03-12 17:16:45] Mapping left_kept_reads.m2g_um_seg2 to genome dm6 with Bowtie2 (2/2)
[2016-03-12 17:24:28] Searching for junctions via segment mapping
	Coverage-search algorithm is turned on, making this step very slow
	Please try running TopHat again with the option (--no-coverage-search) if this step takes too much time or memory.
[2016-03-12 18:24:09] Retrieving sequences for splices
[2016-03-12 18:27:27] Indexing splices
Building a SMALL index
[2016-03-12 18:42:41] Mapping left_kept_reads.m2g_um_seg1 to genome segment_juncs with Bowtie2 (1/2)
[2016-03-12 18:48:48] Mapping left_kept_reads.m2g_um_seg2 to genome segment_juncs with Bowtie2 (2/2)
[2016-03-12 18:56:01] Joining segment hits
[2016-03-12 18:59:15] Reporting output tracks
slurmstepd: error: Job 58119113 exceeded memory limit (40894972 > 24576000), being killed
slurmstepd: error: *** JOB 58119113 ON holy2a14104 CANCELLED AT 2016-03-12T19:10:54 ***
slurmstepd: error: Exceeded step memory limit at some point.
slurmstepd: error: Exceeded job memory limit at some point.
