
[2016-03-12 14:53:01] Beginning TopHat run (v2.0.13)
-----------------------------------------------
[2016-03-12 14:53:01] Checking for Bowtie
		  Bowtie version:	 2.2.2.0
[2016-03-12 14:53:01] Checking for Bowtie index files (genome)..
[2016-03-12 14:53:01] Checking for reference FASTA file
[2016-03-12 14:53:01] Generating SAM header for /n/regal/eddy_lab/pkoo/opticlobe/reference_genome/dm6_bowtie_reference/dm6
[2016-03-12 14:53:02] Reading known junctions from GTF file
[2016-03-12 14:53:06] Preparing reads
	 left reads: min. length=50, max. length=50, 38760439 kept reads (45265 discarded)
[2016-03-12 15:08:50] Building transcriptome data files /n/regal/eddy_lab/pkoo/opticlobe/alignment/tophat151110_SN651_0484_AHFC7TBCXX__Sample_LH_45_1/tmp/dm6_Ensembl
[2016-03-12 15:09:57] Building Bowtie index from dm6_Ensembl.fa
[2016-03-12 15:36:26] Mapping left_kept_reads to transcriptome dm6_Ensembl with Bowtie2 
[2016-03-12 16:20:36] Resuming TopHat pipeline with unmapped reads
[2016-03-12 16:20:36] Mapping left_kept_reads.m2g_um to genome dm6 with Bowtie2 
[2016-03-12 16:50:59] Mapping left_kept_reads.m2g_um_seg1 to genome dm6 with Bowtie2 (1/2)
[2016-03-12 16:54:39] Mapping left_kept_reads.m2g_um_seg2 to genome dm6 with Bowtie2 (2/2)
[2016-03-12 16:59:03] Searching for junctions via segment mapping
	Coverage-search algorithm is turned on, making this step very slow
	Please try running TopHat again with the option (--no-coverage-search) if this step takes too much time or memory.
[2016-03-12 18:34:22] Retrieving sequences for splices
[2016-03-12 18:40:39] Indexing splices
Building a SMALL index
[2016-03-12 18:58:53] Mapping left_kept_reads.m2g_um_seg1 to genome segment_juncs with Bowtie2 (1/2)
[2016-03-12 19:02:24] Mapping left_kept_reads.m2g_um_seg2 to genome segment_juncs with Bowtie2 (2/2)
[2016-03-12 19:06:21] Joining segment hits
[2016-03-12 19:09:14] Reporting output tracks
slurmstepd: error: Job 58119179 exceeded memory limit (30656988 > 24576000), being killed
slurmstepd: error: *** JOB 58119179 ON holyseas06 CANCELLED AT 2016-03-12T19:17:50 ***
