
[2016-03-12 14:52:58] Beginning TopHat run (v2.0.13)
-----------------------------------------------
[2016-03-12 14:52:58] Checking for Bowtie
		  Bowtie version:	 2.2.2.0
[2016-03-12 14:52:58] Checking for Bowtie index files (genome)..
[2016-03-12 14:52:58] Checking for reference FASTA file
[2016-03-12 14:52:58] Generating SAM header for /n/regal/eddy_lab/pkoo/opticlobe/reference_genome/dm6_bowtie_reference/dm6
[2016-03-12 14:52:59] Reading known junctions from GTF file
[2016-03-12 14:53:03] Preparing reads
	 left reads: min. length=50, max. length=50, 26483836 kept reads (21597 discarded)
[2016-03-12 15:04:44] Building transcriptome data files /n/regal/eddy_lab/pkoo/opticlobe/alignment/tophat151105_SN651_0480_BHFFKLBCXX__Sample_LH_71_1/tmp/dm6_Ensembl
[2016-03-12 15:05:53] Building Bowtie index from dm6_Ensembl.fa
[2016-03-12 15:32:21] Mapping left_kept_reads to transcriptome dm6_Ensembl with Bowtie2 
[2016-03-12 16:18:45] Resuming TopHat pipeline with unmapped reads
[2016-03-12 16:18:46] Mapping left_kept_reads.m2g_um to genome dm6 with Bowtie2 
[2016-03-12 16:50:01] Mapping left_kept_reads.m2g_um_seg1 to genome dm6 with Bowtie2 (1/2)
[2016-03-12 16:53:53] Mapping left_kept_reads.m2g_um_seg2 to genome dm6 with Bowtie2 (2/2)
[2016-03-12 16:58:20] Searching for junctions via segment mapping
	Coverage-search algorithm is turned on, making this step very slow
	Please try running TopHat again with the option (--no-coverage-search) if this step takes too much time or memory.
[2016-03-12 18:23:30] Retrieving sequences for splices
[2016-03-12 18:29:07] Indexing splices
Building a SMALL index
[2016-03-12 18:46:10] Mapping left_kept_reads.m2g_um_seg1 to genome segment_juncs with Bowtie2 (1/2)
[2016-03-12 18:49:33] Mapping left_kept_reads.m2g_um_seg2 to genome segment_juncs with Bowtie2 (2/2)
[2016-03-12 18:53:41] Joining segment hits
[2016-03-12 18:57:49] Reporting output tracks
slurmstepd: error: Job 58119057 exceeded memory limit (36057240 > 24576000), being killed
slurmstepd: error: *** JOB 58119057 ON holy2a11202 CANCELLED AT 2016-03-12T19:07:18 ***
