
[2016-03-12 14:52:45] Beginning TopHat run (v2.0.13)
-----------------------------------------------
[2016-03-12 14:52:45] Checking for Bowtie
		  Bowtie version:	 2.2.2.0
[2016-03-12 14:52:45] Checking for Bowtie index files (genome)..
[2016-03-12 14:52:45] Checking for reference FASTA file
[2016-03-12 14:52:45] Generating SAM header for /n/regal/eddy_lab/pkoo/opticlobe/reference_genome/dm6_bowtie_reference/dm6
[2016-03-12 14:52:45] Reading known junctions from GTF file
[2016-03-12 14:52:47] Preparing reads
	 left reads: min. length=50, max. length=50, 34795123 kept reads (48159 discarded)
[2016-03-12 15:01:41] Building transcriptome data files /n/regal/eddy_lab/pkoo/opticlobe/alignment/tophat151028_SN651_0472_BH7YYFBCXX__Sample_LH_100_1/tmp/dm6_Ensembl
[2016-03-12 15:02:14] Building Bowtie index from dm6_Ensembl.fa
[2016-03-12 15:14:51] Mapping left_kept_reads to transcriptome dm6_Ensembl with Bowtie2 
[2016-03-12 15:52:59] Resuming TopHat pipeline with unmapped reads
[2016-03-12 15:53:00] Mapping left_kept_reads.m2g_um to genome dm6 with Bowtie2 
[2016-03-12 16:16:38] Mapping left_kept_reads.m2g_um_seg1 to genome dm6 with Bowtie2 (1/2)
[2016-03-12 16:20:33] Mapping left_kept_reads.m2g_um_seg2 to genome dm6 with Bowtie2 (2/2)
[2016-03-12 16:25:21] Searching for junctions via segment mapping
	Coverage-search algorithm is turned on, making this step very slow
	Please try running TopHat again with the option (--no-coverage-search) if this step takes too much time or memory.
[2016-03-12 17:21:15] Retrieving sequences for splices
[2016-03-12 17:24:27] Indexing splices
Building a SMALL index
[2016-03-12 17:35:24] Mapping left_kept_reads.m2g_um_seg1 to genome segment_juncs with Bowtie2 (1/2)
[2016-03-12 17:39:13] Mapping left_kept_reads.m2g_um_seg2 to genome segment_juncs with Bowtie2 (2/2)
[2016-03-12 17:43:39] Joining segment hits
[2016-03-12 17:46:33] Reporting output tracks
slurmstepd: error: Job 58118925 exceeded memory limit (38287412 > 24576000), being killed
slurmstepd: error: *** JOB 58118925 ON holy2b09102 CANCELLED AT 2016-03-12T17:54:07 ***
slurmstepd: error: Exceeded step memory limit at some point.
slurmstepd: error: Exceeded job memory limit at some point.
