
[2016-03-12 14:48:50] Beginning TopHat run (v2.0.13)
-----------------------------------------------
[2016-03-12 14:48:50] Checking for Bowtie
		  Bowtie version:	 2.2.2.0
[2016-03-12 14:48:50] Checking for Bowtie index files (genome)..
[2016-03-12 14:48:50] Checking for reference FASTA file
[2016-03-12 14:48:50] Generating SAM header for /n/regal/eddy_lab/pkoo/opticlobe/reference_genome/dm6_bowtie_reference/dm6
[2016-03-12 14:48:51] Reading known junctions from GTF file
[2016-03-12 14:48:55] Preparing reads
	 left reads: min. length=60, max. length=60, 36157504 kept reads (40455 discarded)
[2016-03-12 15:06:29] Building transcriptome data files /n/regal/eddy_lab/pkoo/opticlobe/alignment/tophat150415_SN651_0373_BH3N2LBCXX__Sample_H_L_M13_1/tmp/dm6_Ensembl
[2016-03-12 15:07:34] Building Bowtie index from dm6_Ensembl.fa
[2016-03-12 15:33:13] Mapping left_kept_reads to transcriptome dm6_Ensembl with Bowtie2 
[2016-03-12 16:24:31] Resuming TopHat pipeline with unmapped reads
[2016-03-12 16:24:32] Mapping left_kept_reads.m2g_um to genome dm6 with Bowtie2 
[2016-03-12 16:59:09] Mapping left_kept_reads.m2g_um_seg1 to genome dm6 with Bowtie2 (1/2)
[2016-03-12 17:04:00] Mapping left_kept_reads.m2g_um_seg2 to genome dm6 with Bowtie2 (2/2)
[2016-03-12 17:10:00] Searching for junctions via segment mapping
	Coverage-search algorithm is turned on, making this step very slow
	Please try running TopHat again with the option (--no-coverage-search) if this step takes too much time or memory.
[2016-03-12 18:33:35] Retrieving sequences for splices
[2016-03-12 18:39:19] Indexing splices
Building a SMALL index
[2016-03-12 18:57:06] Mapping left_kept_reads.m2g_um_seg1 to genome segment_juncs with Bowtie2 (1/2)
[2016-03-12 19:02:09] Mapping left_kept_reads.m2g_um_seg2 to genome segment_juncs with Bowtie2 (2/2)
[2016-03-12 19:20:16] Joining segment hits
[2016-03-12 19:23:52] Reporting output tracks
slurmstepd: error: Job 58118710 exceeded memory limit (36542828 > 24576000), being killed
slurmstepd: error: *** JOB 58118710 ON holy2a24201 CANCELLED AT 2016-03-12T19:34:42 ***
slurmstepd: error: Exceeded step memory limit at some point.
