
[2016-03-12 14:48:48] Beginning TopHat run (v2.0.13)
-----------------------------------------------
[2016-03-12 14:48:48] Checking for Bowtie
		  Bowtie version:	 2.2.2.0
[2016-03-12 14:48:48] Checking for Bowtie index files (genome)..
[2016-03-12 14:48:48] Checking for reference FASTA file
[2016-03-12 14:48:48] Generating SAM header for /n/regal/eddy_lab/pkoo/opticlobe/reference_genome/dm6_bowtie_reference/dm6
[2016-03-12 14:48:49] Reading known junctions from GTF file
[2016-03-12 14:48:54] Preparing reads
	 left reads: min. length=60, max. length=60, 43882999 kept reads (81692 discarded)
[2016-03-12 15:07:09] Building transcriptome data files /n/regal/eddy_lab/pkoo/opticlobe/alignment/tophat150415_SN651_0373_BH3N2LBCXX__Sample_H_L_M9_1/tmp/dm6_Ensembl
[2016-03-12 15:08:17] Building Bowtie index from dm6_Ensembl.fa
[2016-03-12 15:34:46] Mapping left_kept_reads to transcriptome dm6_Ensembl with Bowtie2 
[2016-03-12 16:30:45] Resuming TopHat pipeline with unmapped reads
[2016-03-12 16:30:46] Mapping left_kept_reads.m2g_um to genome dm6 with Bowtie2 
[2016-03-12 17:16:01] Mapping left_kept_reads.m2g_um_seg1 to genome dm6 with Bowtie2 (1/2)
[2016-03-12 17:21:20] Mapping left_kept_reads.m2g_um_seg2 to genome dm6 with Bowtie2 (2/2)
[2016-03-12 17:27:41] Searching for junctions via segment mapping
	Coverage-search algorithm is turned on, making this step very slow
	Please try running TopHat again with the option (--no-coverage-search) if this step takes too much time or memory.
[2016-03-12 19:07:30] Retrieving sequences for splices
[2016-03-12 19:13:46] Indexing splices
Building a SMALL index
[2016-03-12 19:29:32] Mapping left_kept_reads.m2g_um_seg1 to genome segment_juncs with Bowtie2 (1/2)
[2016-03-12 19:34:56] Mapping left_kept_reads.m2g_um_seg2 to genome segment_juncs with Bowtie2 (2/2)
[2016-03-12 19:42:14] Joining segment hits
[2016-03-12 19:46:57] Reporting output tracks
slurmstepd: error: Job 58118760 exceeded memory limit (40300252 > 24576000), being killed
slurmstepd: error: *** JOB 58118760 ON holy2a15205 CANCELLED AT 2016-03-12T19:59:45 ***
slurmstepd: error: Exceeded step memory limit at some point.
slurmstepd: error: Exceeded job memory limit at some point.
