
[2016-03-12 14:53:07] Beginning TopHat run (v2.0.13)
-----------------------------------------------
[2016-03-12 14:53:07] Checking for Bowtie
		  Bowtie version:	 2.2.2.0
[2016-03-12 14:53:07] Checking for Bowtie index files (genome)..
[2016-03-12 14:53:07] Checking for reference FASTA file
[2016-03-12 14:53:07] Generating SAM header for /n/regal/eddy_lab/pkoo/opticlobe/reference_genome/dm6_bowtie_reference/dm6
[2016-03-12 14:53:08] Reading known junctions from GTF file
[2016-03-12 14:53:12] Preparing reads
	 left reads: min. length=50, max. length=50, 29924240 kept reads (18940 discarded)
[2016-03-12 15:05:35] Building transcriptome data files /n/regal/eddy_lab/pkoo/opticlobe/alignment/tophat151109_SN651_0481_AHFFKGBCXX__Sample_LH_4_1/tmp/dm6_Ensembl
[2016-03-12 15:06:17] Building Bowtie index from dm6_Ensembl.fa
[2016-03-12 15:25:22] Mapping left_kept_reads to transcriptome dm6_Ensembl with Bowtie2 
[2016-03-12 16:18:34] Resuming TopHat pipeline with unmapped reads
[2016-03-12 16:18:35] Mapping left_kept_reads.m2g_um to genome dm6 with Bowtie2 
[2016-03-12 16:45:53] Mapping left_kept_reads.m2g_um_seg1 to genome dm6 with Bowtie2 (1/2)
[2016-03-12 16:49:36] Mapping left_kept_reads.m2g_um_seg2 to genome dm6 with Bowtie2 (2/2)
[2016-03-12 16:54:25] Searching for junctions via segment mapping
	Coverage-search algorithm is turned on, making this step very slow
	Please try running TopHat again with the option (--no-coverage-search) if this step takes too much time or memory.
[2016-03-12 18:14:32] Retrieving sequences for splices
[2016-03-12 18:17:57] Indexing splices
Building a SMALL index
[2016-03-12 18:35:28] Mapping left_kept_reads.m2g_um_seg1 to genome segment_juncs with Bowtie2 (1/2)
[2016-03-12 18:39:45] Mapping left_kept_reads.m2g_um_seg2 to genome segment_juncs with Bowtie2 (2/2)
[2016-03-12 18:44:18] Joining segment hits
[2016-03-12 18:48:40] Reporting output tracks
slurmstepd: error: Job 58119144 exceeded memory limit (36711384 > 24576000), being killed
slurmstepd: error: *** JOB 58119144 ON holy2b05303 CANCELLED AT 2016-03-12T18:58:56 ***
