
[2016-03-12 14:52:57] Beginning TopHat run (v2.0.13)
-----------------------------------------------
[2016-03-12 14:52:57] Checking for Bowtie
		  Bowtie version:	 2.2.2.0
[2016-03-12 14:52:57] Checking for Bowtie index files (genome)..
[2016-03-12 14:52:57] Checking for reference FASTA file
[2016-03-12 14:52:57] Generating SAM header for /n/regal/eddy_lab/pkoo/opticlobe/reference_genome/dm6_bowtie_reference/dm6
[2016-03-12 14:52:58] Reading known junctions from GTF file
[2016-03-12 14:53:00] Preparing reads
	 left reads: min. length=50, max. length=50, 30053390 kept reads (16444 discarded)
[2016-03-12 15:00:30] Building transcriptome data files /n/regal/eddy_lab/pkoo/opticlobe/alignment/tophat151105_SN651_0479_AHFFGJBCXX__Sample_LH_58_1/tmp/dm6_Ensembl
[2016-03-12 15:01:03] Building Bowtie index from dm6_Ensembl.fa
[2016-03-12 15:14:25] Mapping left_kept_reads to transcriptome dm6_Ensembl with Bowtie2 
[2016-03-12 15:44:33] Resuming TopHat pipeline with unmapped reads
[2016-03-12 15:44:34] Mapping left_kept_reads.m2g_um to genome dm6 with Bowtie2 
[2016-03-12 16:04:26] Mapping left_kept_reads.m2g_um_seg1 to genome dm6 with Bowtie2 (1/2)
[2016-03-12 16:07:06] Mapping left_kept_reads.m2g_um_seg2 to genome dm6 with Bowtie2 (2/2)
[2016-03-12 16:10:06] Searching for junctions via segment mapping
	Coverage-search algorithm is turned on, making this step very slow
	Please try running TopHat again with the option (--no-coverage-search) if this step takes too much time or memory.
[2016-03-12 17:02:49] Retrieving sequences for splices
[2016-03-12 17:05:48] Indexing splices
Building a SMALL index
[2016-03-12 17:15:42] Mapping left_kept_reads.m2g_um_seg1 to genome segment_juncs with Bowtie2 (1/2)
[2016-03-12 17:18:29] Mapping left_kept_reads.m2g_um_seg2 to genome segment_juncs with Bowtie2 (2/2)
[2016-03-12 17:21:27] Joining segment hits
[2016-03-12 17:23:49] Reporting output tracks
slurmstepd: error: Job 58119020 exceeded memory limit (40082368 > 24576000), being killed
slurmstepd: error: *** JOB 58119020 ON holy2b07207 CANCELLED AT 2016-03-12T17:30:19 ***
slurmstepd: error: Exceeded step memory limit at some point.
