
[2016-03-12 14:51:56] Beginning TopHat run (v2.0.13)
-----------------------------------------------
[2016-03-12 14:51:56] Checking for Bowtie
		  Bowtie version:	 2.2.2.0
[2016-03-12 14:51:57] Checking for Bowtie index files (genome)..
[2016-03-12 14:51:57] Checking for reference FASTA file
[2016-03-12 14:51:57] Generating SAM header for /n/regal/eddy_lab/pkoo/opticlobe/reference_genome/dm6_bowtie_reference/dm6
[2016-03-12 14:51:57] Reading known junctions from GTF file
[2016-03-12 14:52:02] Preparing reads
	 left reads: min. length=105, max. length=105, 36362208 kept reads (41259 discarded)
[2016-03-12 15:19:59] Building transcriptome data files /n/regal/eddy_lab/pkoo/opticlobe/alignment/tophat150506_SN651_0392_BH3WVKBCXX__Sample_L_G_L11_1/tmp/dm6_Ensembl
[2016-03-12 15:21:05] Building Bowtie index from dm6_Ensembl.fa
[2016-03-12 15:46:40] Mapping left_kept_reads to transcriptome dm6_Ensembl with Bowtie2 
[2016-03-12 17:00:16] Resuming TopHat pipeline with unmapped reads
[2016-03-12 17:00:16] Mapping left_kept_reads.m2g_um to genome dm6 with Bowtie2 
[2016-03-12 18:52:32] Mapping left_kept_reads.m2g_um_seg1 to genome dm6 with Bowtie2 (1/4)
[2016-03-12 19:19:31] Mapping left_kept_reads.m2g_um_seg2 to genome dm6 with Bowtie2 (2/4)
[2016-03-12 19:43:16] Mapping left_kept_reads.m2g_um_seg3 to genome dm6 with Bowtie2 (3/4)
[2016-03-12 20:12:00] Mapping left_kept_reads.m2g_um_seg4 to genome dm6 with Bowtie2 (4/4)
[2016-03-12 20:28:39] Searching for junctions via segment mapping
[2016-03-12 20:35:50] Retrieving sequences for splices
[2016-03-12 20:36:21] Indexing splices
Building a SMALL index
[2016-03-12 20:38:01] Mapping left_kept_reads.m2g_um_seg1 to genome segment_juncs with Bowtie2 (1/4)
[2016-03-12 20:49:36] Mapping left_kept_reads.m2g_um_seg2 to genome segment_juncs with Bowtie2 (2/4)
[2016-03-12 20:59:10] Mapping left_kept_reads.m2g_um_seg3 to genome segment_juncs with Bowtie2 (3/4)
[2016-03-12 21:08:36] Mapping left_kept_reads.m2g_um_seg4 to genome segment_juncs with Bowtie2 (4/4)
[2016-03-12 21:14:46] Joining segment hits
[2016-03-12 21:19:11] Reporting output tracks
-----------------------------------------------
[2016-03-12 22:28:14] A summary of the alignment counts can be found in /n/regal/eddy_lab/pkoo/opticlobe/alignment/tophat150506_SN651_0392_BH3WVKBCXX__Sample_L_G_L11_1/align_summary.txt
[2016-03-12 22:28:14] Run complete: 07:36:17 elapsed
slurmstepd: error: Exceeded step memory limit at some point.
slurmstepd: error: Exceeded job memory limit at some point.
