
[2016-03-12 14:48:51] Beginning TopHat run (v2.0.13)
-----------------------------------------------
[2016-03-12 14:48:51] Checking for Bowtie
		  Bowtie version:	 2.2.2.0
[2016-03-12 14:48:51] Checking for Bowtie index files (genome)..
[2016-03-12 14:48:51] Checking for reference FASTA file
[2016-03-12 14:48:51] Generating SAM header for /n/regal/eddy_lab/pkoo/opticlobe/reference_genome/dm6_bowtie_reference/dm6
[2016-03-12 14:48:52] Reading known junctions from GTF file
[2016-03-12 14:48:56] Preparing reads
	 left reads: min. length=60, max. length=60, 43435223 kept reads (43929 discarded)
[2016-03-12 15:09:27] Building transcriptome data files /n/regal/eddy_lab/pkoo/opticlobe/alignment/tophat150415_SN651_0373_BH3N2LBCXX__Sample_H_L_M11_1/tmp/dm6_Ensembl
[2016-03-12 15:10:35] Building Bowtie index from dm6_Ensembl.fa
[2016-03-12 15:30:30] Mapping left_kept_reads to transcriptome dm6_Ensembl with Bowtie2 
[2016-03-12 16:30:30] Resuming TopHat pipeline with unmapped reads
[2016-03-12 16:30:30] Mapping left_kept_reads.m2g_um to genome dm6 with Bowtie2 
[2016-03-12 17:15:47] Mapping left_kept_reads.m2g_um_seg1 to genome dm6 with Bowtie2 (1/2)
[2016-03-12 17:21:39] Mapping left_kept_reads.m2g_um_seg2 to genome dm6 with Bowtie2 (2/2)
[2016-03-12 17:28:30] Searching for junctions via segment mapping
	Coverage-search algorithm is turned on, making this step very slow
	Please try running TopHat again with the option (--no-coverage-search) if this step takes too much time or memory.
[2016-03-12 20:24:46] Retrieving sequences for splices
[2016-03-12 20:32:03] Indexing splices
Building a SMALL index
[2016-03-12 20:59:05] Mapping left_kept_reads.m2g_um_seg1 to genome segment_juncs with Bowtie2 (1/2)
[2016-03-12 21:05:23] Mapping left_kept_reads.m2g_um_seg2 to genome segment_juncs with Bowtie2 (2/2)
[2016-03-12 21:12:04] Joining segment hits
[2016-03-12 21:17:08] Reporting output tracks
slurmstepd: error: Job 58118701 exceeded memory limit (45430540 > 24576000), being killed
slurmstepd: error: *** JOB 58118701 ON holy2a23104 CANCELLED AT 2016-03-12T21:40:40 ***
slurmstepd: error: Exceeded step memory limit at some point.
slurmstepd: error: Exceeded job memory limit at some point.
