
[2016-03-12 14:52:34] Beginning TopHat run (v2.0.13)
-----------------------------------------------
[2016-03-12 14:52:34] Checking for Bowtie
		  Bowtie version:	 2.2.2.0
[2016-03-12 14:52:35] Checking for Bowtie index files (genome)..
[2016-03-12 14:52:35] Checking for reference FASTA file
[2016-03-12 14:52:35] Generating SAM header for /n/regal/eddy_lab/pkoo/opticlobe/reference_genome/dm6_bowtie_reference/dm6
[2016-03-12 14:52:35] Reading known junctions from GTF file
[2016-03-12 14:52:40] Preparing reads
	 left reads: min. length=105, max. length=105, 56206590 kept reads (75778 discarded)
[2016-03-12 15:39:13] Building transcriptome data files /n/regal/eddy_lab/pkoo/opticlobe/alignment/tophat150507_SN651_0394_BH53WHBCXX__Sample_L_G_L25_1/tmp/dm6_Ensembl
[2016-03-12 15:40:17] Building Bowtie index from dm6_Ensembl.fa
[2016-03-12 16:05:53] Mapping left_kept_reads to transcriptome dm6_Ensembl with Bowtie2 
[2016-03-12 17:28:19] Resuming TopHat pipeline with unmapped reads
[2016-03-12 17:28:20] Mapping left_kept_reads.m2g_um to genome dm6 with Bowtie2 
[2016-03-12 19:09:15] Mapping left_kept_reads.m2g_um_seg1 to genome dm6 with Bowtie2 (1/4)
[2016-03-12 19:35:01] Mapping left_kept_reads.m2g_um_seg2 to genome dm6 with Bowtie2 (2/4)
[2016-03-12 20:00:28] Mapping left_kept_reads.m2g_um_seg3 to genome dm6 with Bowtie2 (3/4)
[2016-03-12 20:30:45] Mapping left_kept_reads.m2g_um_seg4 to genome dm6 with Bowtie2 (4/4)
[2016-03-12 20:53:20] Searching for junctions via segment mapping
[2016-03-12 21:02:57] Retrieving sequences for splices
[2016-03-12 21:03:38] Indexing splices
Building a SMALL index
[2016-03-12 21:06:00] Mapping left_kept_reads.m2g_um_seg1 to genome segment_juncs with Bowtie2 (1/4)
[2016-03-12 21:19:14] Mapping left_kept_reads.m2g_um_seg2 to genome segment_juncs with Bowtie2 (2/4)
[2016-03-12 21:29:26] Mapping left_kept_reads.m2g_um_seg3 to genome segment_juncs with Bowtie2 (3/4)
[2016-03-12 21:42:24] Mapping left_kept_reads.m2g_um_seg4 to genome segment_juncs with Bowtie2 (4/4)
[2016-03-12 21:50:21] Joining segment hits
[2016-03-12 21:55:50] Reporting output tracks
slurmstepd: error: *** JOB 58118875 ON holy2a09308 CANCELLED AT 2016-03-12T22:53:04 DUE TO TIME LIMIT ***
slurmstepd: error: Exceeded step memory limit at some point.
slurmstepd: error: Exceeded job memory limit at some point.
