
[2016-03-12 14:52:50] Beginning TopHat run (v2.0.13)
-----------------------------------------------
[2016-03-12 14:52:50] Checking for Bowtie
		  Bowtie version:	 2.2.2.0
[2016-03-12 14:52:50] Checking for Bowtie index files (genome)..
[2016-03-12 14:52:50] Checking for reference FASTA file
[2016-03-12 14:52:50] Generating SAM header for /n/regal/eddy_lab/pkoo/opticlobe/reference_genome/dm6_bowtie_reference/dm6
[2016-03-12 14:52:50] Reading known junctions from GTF file
[2016-03-12 14:52:55] Preparing reads
	 left reads: min. length=50, max. length=50, 31247053 kept reads (40030 discarded)
[2016-03-12 15:04:17] Building transcriptome data files /n/regal/eddy_lab/pkoo/opticlobe/alignment/tophat151105_SN651_0479_AHFFGJBCXX__Sample_LH_56_1/tmp/dm6_Ensembl
[2016-03-12 15:05:22] Building Bowtie index from dm6_Ensembl.fa
[2016-03-12 15:30:58] Mapping left_kept_reads to transcriptome dm6_Ensembl with Bowtie2 
[2016-03-12 16:03:48] Resuming TopHat pipeline with unmapped reads
[2016-03-12 16:03:49] Mapping left_kept_reads.m2g_um to genome dm6 with Bowtie2 
[2016-03-12 16:33:04] Mapping left_kept_reads.m2g_um_seg1 to genome dm6 with Bowtie2 (1/2)
[2016-03-12 16:36:09] Mapping left_kept_reads.m2g_um_seg2 to genome dm6 with Bowtie2 (2/2)
[2016-03-12 16:39:49] Searching for junctions via segment mapping
	Coverage-search algorithm is turned on, making this step very slow
	Please try running TopHat again with the option (--no-coverage-search) if this step takes too much time or memory.
[2016-03-12 17:57:22] Retrieving sequences for splices
[2016-03-12 18:02:15] Indexing splices
Building a SMALL index
[2016-03-12 18:16:45] Mapping left_kept_reads.m2g_um_seg1 to genome segment_juncs with Bowtie2 (1/2)
[2016-03-12 18:19:34] Mapping left_kept_reads.m2g_um_seg2 to genome segment_juncs with Bowtie2 (2/2)
[2016-03-12 18:22:52] Joining segment hits
[2016-03-12 18:25:15] Reporting output tracks
slurmstepd: error: Job 58118976 exceeded memory limit (35858848 > 24576000), being killed
slurmstepd: error: *** JOB 58118976 ON holy2a22108 CANCELLED AT 2016-03-12T18:36:11 ***
slurmstepd: error: Exceeded step memory limit at some point.
