
[2016-03-12 14:52:55] Beginning TopHat run (v2.0.13)
-----------------------------------------------
[2016-03-12 14:52:55] Checking for Bowtie
		  Bowtie version:	 2.2.2.0
[2016-03-12 14:52:56] Checking for Bowtie index files (genome)..
[2016-03-12 14:52:56] Checking for reference FASTA file
[2016-03-12 14:52:56] Generating SAM header for /n/regal/eddy_lab/pkoo/opticlobe/reference_genome/dm6_bowtie_reference/dm6
[2016-03-12 14:52:56] Reading known junctions from GTF file
[2016-03-12 14:52:58] Preparing reads
	 left reads: min. length=50, max. length=50, 37018666 kept reads (46230 discarded)
[2016-03-12 15:07:36] Building transcriptome data files /n/regal/eddy_lab/pkoo/opticlobe/alignment/tophat151028_SN651_0472_BH7YYFBCXX__Sample_LH_99_1/tmp/dm6_Ensembl
[2016-03-12 15:08:14] Building Bowtie index from dm6_Ensembl.fa
[2016-03-12 15:24:25] Mapping left_kept_reads to transcriptome dm6_Ensembl with Bowtie2 
[2016-03-12 16:01:17] Resuming TopHat pipeline with unmapped reads
[2016-03-12 16:01:17] Mapping left_kept_reads.m2g_um to genome dm6 with Bowtie2 
[2016-03-12 16:37:55] Mapping left_kept_reads.m2g_um_seg1 to genome dm6 with Bowtie2 (1/2)
[2016-03-12 16:44:28] Mapping left_kept_reads.m2g_um_seg2 to genome dm6 with Bowtie2 (2/2)
[2016-03-12 16:52:55] Searching for junctions via segment mapping
	Coverage-search algorithm is turned on, making this step very slow
	Please try running TopHat again with the option (--no-coverage-search) if this step takes too much time or memory.
[2016-03-12 18:41:34] Retrieving sequences for splices
[2016-03-12 18:45:34] Indexing splices
Building a SMALL index
[2016-03-12 18:59:17] Mapping left_kept_reads.m2g_um_seg1 to genome segment_juncs with Bowtie2 (1/2)
[2016-03-12 19:03:30] Mapping left_kept_reads.m2g_um_seg2 to genome segment_juncs with Bowtie2 (2/2)
[2016-03-12 19:08:16] Joining segment hits
[2016-03-12 19:13:20] Reporting output tracks
slurmstepd: error: Job 58118950 exceeded memory limit (43729388 > 24576000), being killed
slurmstepd: error: *** JOB 58118950 ON holy2a13203 CANCELLED AT 2016-03-12T19:20:24 ***
slurmstepd: error: Exceeded step memory limit at some point.
