
[2016-03-12 15:16:38] Beginning TopHat run (v2.0.13)
-----------------------------------------------
[2016-03-12 15:16:38] Checking for Bowtie
		  Bowtie version:	 2.2.2.0
[2016-03-12 15:16:38] Checking for Bowtie index files (genome)..
[2016-03-12 15:16:38] Checking for reference FASTA file
[2016-03-12 15:16:38] Generating SAM header for /n/regal/eddy_lab/pkoo/opticlobe/reference_genome/dm6_bowtie_reference/dm6
[2016-03-12 15:16:40] Reading known junctions from GTF file
[2016-03-12 15:16:42] Preparing reads
	 left reads: min. length=60, max. length=60, 35390292 kept reads (88420 discarded)
[2016-03-12 15:29:47] Building transcriptome data files /n/regal/eddy_lab/pkoo/opticlobe/alignment/tophat150415_SN651_0372_AH3N2YBCXX__Sample_H_L_M8_1/tmp/dm6_Ensembl
[2016-03-12 15:30:27] Building Bowtie index from dm6_Ensembl.fa
[2016-03-12 15:56:04] Mapping left_kept_reads to transcriptome dm6_Ensembl with Bowtie2 
[2016-03-12 16:40:53] Resuming TopHat pipeline with unmapped reads
[2016-03-12 16:40:53] Mapping left_kept_reads.m2g_um to genome dm6 with Bowtie2 
[2016-03-12 17:16:01] Mapping left_kept_reads.m2g_um_seg1 to genome dm6 with Bowtie2 (1/2)
[2016-03-12 17:21:31] Mapping left_kept_reads.m2g_um_seg2 to genome dm6 with Bowtie2 (2/2)
[2016-03-12 17:28:05] Searching for junctions via segment mapping
	Coverage-search algorithm is turned on, making this step very slow
	Please try running TopHat again with the option (--no-coverage-search) if this step takes too much time or memory.
[2016-03-12 18:53:38] Retrieving sequences for splices
[2016-03-12 18:57:28] Indexing splices
Building a SMALL index
[2016-03-12 19:19:30] Mapping left_kept_reads.m2g_um_seg1 to genome segment_juncs with Bowtie2 (1/2)
[2016-03-12 19:24:56] Mapping left_kept_reads.m2g_um_seg2 to genome segment_juncs with Bowtie2 (2/2)
[2016-03-12 19:30:37] Joining segment hits
[2016-03-12 19:33:46] Reporting output tracks
slurmstepd: error: Job 58118670 exceeded memory limit (34974008 > 24576000), being killed
slurmstepd: error: *** JOB 58118670 ON holy2a24207 CANCELLED AT 2016-03-12T19:44:28 ***
slurmstepd: error: Exceeded step memory limit at some point.
slurmstepd: error: Exceeded job memory limit at some point.
