
[2016-03-12 14:52:56] Beginning TopHat run (v2.0.13)
-----------------------------------------------
[2016-03-12 14:52:56] Checking for Bowtie
		  Bowtie version:	 2.2.2.0
[2016-03-12 14:52:56] Checking for Bowtie index files (genome)..
[2016-03-12 14:52:56] Checking for reference FASTA file
[2016-03-12 14:52:56] Generating SAM header for /n/regal/eddy_lab/pkoo/opticlobe/reference_genome/dm6_bowtie_reference/dm6
[2016-03-12 14:52:57] Reading known junctions from GTF file
[2016-03-12 14:53:00] Preparing reads
	 left reads: min. length=50, max. length=50, 42419187 kept reads (40271 discarded)
[2016-03-12 15:06:25] Building transcriptome data files /n/regal/eddy_lab/pkoo/opticlobe/alignment/tophat151105_SN651_0480_BHFFKLBCXX__Sample_LH_79_1/tmp/dm6_Ensembl
[2016-03-12 15:07:07] Building Bowtie index from dm6_Ensembl.fa
[2016-03-12 15:23:13] Mapping left_kept_reads to transcriptome dm6_Ensembl with Bowtie2 
[2016-03-12 16:09:04] Resuming TopHat pipeline with unmapped reads
[2016-03-12 16:09:04] Mapping left_kept_reads.m2g_um to genome dm6 with Bowtie2 
[2016-03-12 16:38:28] Mapping left_kept_reads.m2g_um_seg1 to genome dm6 with Bowtie2 (1/2)
[2016-03-12 16:42:22] Mapping left_kept_reads.m2g_um_seg2 to genome dm6 with Bowtie2 (2/2)
[2016-03-12 16:47:07] Searching for junctions via segment mapping
	Coverage-search algorithm is turned on, making this step very slow
	Please try running TopHat again with the option (--no-coverage-search) if this step takes too much time or memory.
[2016-03-12 19:12:34] Retrieving sequences for splices
[2016-03-12 19:19:46] Indexing splices
Building a SMALL index
[2016-03-12 19:42:05] Mapping left_kept_reads.m2g_um_seg1 to genome segment_juncs with Bowtie2 (1/2)
[2016-03-12 19:46:36] Mapping left_kept_reads.m2g_um_seg2 to genome segment_juncs with Bowtie2 (2/2)
[2016-03-12 19:51:27] Joining segment hits
[2016-03-12 19:56:31] Reporting output tracks
slurmstepd: error: Job 58119086 exceeded memory limit (43517504 > 24576000), being killed
slurmstepd: error: *** JOB 58119086 ON holy2b09206 CANCELLED AT 2016-03-12T20:10:15 ***
slurmstepd: error: Exceeded step memory limit at some point.
slurmstepd: error: Exceeded job memory limit at some point.
