
[2016-03-12 14:53:06] Beginning TopHat run (v2.0.13)
-----------------------------------------------
[2016-03-12 14:53:06] Checking for Bowtie
		  Bowtie version:	 2.2.2.0
[2016-03-12 14:53:07] Checking for Bowtie index files (genome)..
[2016-03-12 14:53:07] Checking for reference FASTA file
[2016-03-12 14:53:07] Generating SAM header for /n/regal/eddy_lab/pkoo/opticlobe/reference_genome/dm6_bowtie_reference/dm6
[2016-03-12 14:53:07] Reading known junctions from GTF file
[2016-03-12 14:53:12] Preparing reads
	 left reads: min. length=50, max. length=50, 35357594 kept reads (30203 discarded)
[2016-03-12 15:07:03] Building transcriptome data files /n/regal/eddy_lab/pkoo/opticlobe/alignment/tophat151109_SN651_0481_AHFFKGBCXX__Sample_LH_43_1/tmp/dm6_Ensembl
[2016-03-12 15:07:50] Building Bowtie index from dm6_Ensembl.fa
[2016-03-12 15:35:53] Mapping left_kept_reads to transcriptome dm6_Ensembl with Bowtie2 
[2016-03-12 16:22:21] Resuming TopHat pipeline with unmapped reads
[2016-03-12 16:22:22] Mapping left_kept_reads.m2g_um to genome dm6 with Bowtie2 
[2016-03-12 16:54:08] Mapping left_kept_reads.m2g_um_seg1 to genome dm6 with Bowtie2 (1/2)
[2016-03-12 16:58:11] Mapping left_kept_reads.m2g_um_seg2 to genome dm6 with Bowtie2 (2/2)
[2016-03-12 17:03:13] Searching for junctions via segment mapping
	Coverage-search algorithm is turned on, making this step very slow
	Please try running TopHat again with the option (--no-coverage-search) if this step takes too much time or memory.
[2016-03-12 19:15:59] Retrieving sequences for splices
[2016-03-12 19:23:44] Indexing splices
Building a SMALL index
[2016-03-12 19:47:00] Mapping left_kept_reads.m2g_um_seg1 to genome segment_juncs with Bowtie2 (1/2)
[2016-03-12 19:51:13] Mapping left_kept_reads.m2g_um_seg2 to genome segment_juncs with Bowtie2 (2/2)
[2016-03-12 19:57:05] Joining segment hits
[2016-03-12 20:02:35] Reporting output tracks
slurmstepd: error: Job 58119149 exceeded memory limit (46374088 > 24576000), being killed
slurmstepd: error: *** JOB 58119149 ON holy2b07104 CANCELLED AT 2016-03-12T20:13:25 ***
slurmstepd: error: Exceeded step memory limit at some point.
slurmstepd: error: Exceeded job memory limit at some point.
