
[2016-03-12 14:48:47] Beginning TopHat run (v2.0.13)
-----------------------------------------------
[2016-03-12 14:48:47] Checking for Bowtie
		  Bowtie version:	 2.2.2.0
[2016-03-12 14:48:48] Checking for Bowtie index files (genome)..
[2016-03-12 14:48:48] Checking for reference FASTA file
[2016-03-12 14:48:48] Generating SAM header for /n/regal/eddy_lab/pkoo/opticlobe/reference_genome/dm6_bowtie_reference/dm6
[2016-03-12 14:48:48] Reading known junctions from GTF file
[2016-03-12 14:48:53] Preparing reads
	 left reads: min. length=60, max. length=60, 42264682 kept reads (31909 discarded)
[2016-03-12 15:07:37] Building transcriptome data files /n/regal/eddy_lab/pkoo/opticlobe/alignment/tophat150415_SN651_0373_BH3N2LBCXX__Sample_H_L_M15_1/tmp/dm6_Ensembl
[2016-03-12 15:08:44] Building Bowtie index from dm6_Ensembl.fa
[2016-03-12 15:34:19] Mapping left_kept_reads to transcriptome dm6_Ensembl with Bowtie2 
[2016-03-12 16:26:39] Resuming TopHat pipeline with unmapped reads
[2016-03-12 16:26:40] Mapping left_kept_reads.m2g_um to genome dm6 with Bowtie2 
[2016-03-12 17:01:57] Mapping left_kept_reads.m2g_um_seg1 to genome dm6 with Bowtie2 (1/2)
[2016-03-12 17:06:33] Mapping left_kept_reads.m2g_um_seg2 to genome dm6 with Bowtie2 (2/2)
[2016-03-12 17:11:59] Searching for junctions via segment mapping
	Coverage-search algorithm is turned on, making this step very slow
	Please try running TopHat again with the option (--no-coverage-search) if this step takes too much time or memory.
[2016-03-12 19:42:47] Retrieving sequences for splices
[2016-03-12 19:48:59] Indexing splices
Building a SMALL index
[2016-03-12 20:13:10] Mapping left_kept_reads.m2g_um_seg1 to genome segment_juncs with Bowtie2 (1/2)
[2016-03-12 20:18:08] Mapping left_kept_reads.m2g_um_seg2 to genome segment_juncs with Bowtie2 (2/2)
[2016-03-12 20:23:55] Joining segment hits
[2016-03-12 20:28:21] Reporting output tracks
slurmstepd: error: Job 58118743 exceeded memory limit (32554208 > 24576000), being killed
slurmstepd: error: *** JOB 58118743 ON holy2a22105 CANCELLED AT 2016-03-12T20:45:07 ***
