
[2016-03-12 15:16:42] Beginning TopHat run (v2.0.13)
-----------------------------------------------
[2016-03-12 15:16:42] Checking for Bowtie
		  Bowtie version:	 2.2.2.0
[2016-03-12 15:16:42] Checking for Bowtie index files (genome)..
[2016-03-12 15:16:42] Checking for reference FASTA file
[2016-03-12 15:16:42] Generating SAM header for /n/regal/eddy_lab/pkoo/opticlobe/reference_genome/dm6_bowtie_reference/dm6
[2016-03-12 15:16:43] Reading known junctions from GTF file
[2016-03-12 15:16:48] Preparing reads
	 left reads: min. length=60, max. length=60, 39116179 kept reads (34207 discarded)
[2016-03-12 15:33:54] Building transcriptome data files /n/regal/eddy_lab/pkoo/opticlobe/alignment/tophat150415_SN651_0373_BH3N2LBCXX__Sample_H_L_M14_1/tmp/dm6_Ensembl
[2016-03-12 15:34:34] Building Bowtie index from dm6_Ensembl.fa
[2016-03-12 16:00:11] Mapping left_kept_reads to transcriptome dm6_Ensembl with Bowtie2 
[2016-03-12 17:07:55] Resuming TopHat pipeline with unmapped reads
[2016-03-12 17:07:56] Mapping left_kept_reads.m2g_um to genome dm6 with Bowtie2 
[2016-03-12 17:54:01] Mapping left_kept_reads.m2g_um_seg1 to genome dm6 with Bowtie2 (1/2)
[2016-03-12 18:02:12] Mapping left_kept_reads.m2g_um_seg2 to genome dm6 with Bowtie2 (2/2)
[2016-03-12 18:11:47] Searching for junctions via segment mapping
	Coverage-search algorithm is turned on, making this step very slow
	Please try running TopHat again with the option (--no-coverage-search) if this step takes too much time or memory.
[2016-03-12 20:21:00] Retrieving sequences for splices
[2016-03-12 20:26:28] Indexing splices
Building a SMALL index
[2016-03-12 20:46:11] Mapping left_kept_reads.m2g_um_seg1 to genome segment_juncs with Bowtie2 (1/2)
[2016-03-12 20:54:12] Mapping left_kept_reads.m2g_um_seg2 to genome segment_juncs with Bowtie2 (2/2)
[2016-03-12 21:00:30] Joining segment hits
[2016-03-12 21:04:52] Reporting output tracks
slurmstepd: error: Job 58118715 exceeded memory limit (34973724 > 24576000), being killed
slurmstepd: error: *** JOB 58118715 ON holy2a21307 CANCELLED AT 2016-03-12T21:32:35 ***
slurmstepd: error: Exceeded step memory limit at some point.
slurmstepd: error: Exceeded job memory limit at some point.
