
[2016-03-12 14:53:04] Beginning TopHat run (v2.0.13)
-----------------------------------------------
[2016-03-12 14:53:04] Checking for Bowtie
		  Bowtie version:	 2.2.2.0
[2016-03-12 14:53:04] Checking for Bowtie index files (genome)..
[2016-03-12 14:53:04] Checking for reference FASTA file
[2016-03-12 14:53:04] Generating SAM header for /n/regal/eddy_lab/pkoo/opticlobe/reference_genome/dm6_bowtie_reference/dm6
[2016-03-12 14:53:05] Reading known junctions from GTF file
[2016-03-12 14:53:10] Preparing reads
	 left reads: min. length=50, max. length=50, 32354175 kept reads (28474 discarded)
[2016-03-12 15:07:19] Building transcriptome data files /n/regal/eddy_lab/pkoo/opticlobe/alignment/tophat151109_SN651_0481_AHFFKGBCXX__Sample_LH_42_1/tmp/dm6_Ensembl
[2016-03-12 15:08:04] Building Bowtie index from dm6_Ensembl.fa
[2016-03-12 15:36:01] Mapping left_kept_reads to transcriptome dm6_Ensembl with Bowtie2 
[2016-03-12 16:19:01] Resuming TopHat pipeline with unmapped reads
[2016-03-12 16:19:01] Mapping left_kept_reads.m2g_um to genome dm6 with Bowtie2 
[2016-03-12 16:45:01] Mapping left_kept_reads.m2g_um_seg1 to genome dm6 with Bowtie2 (1/2)
[2016-03-12 16:48:32] Mapping left_kept_reads.m2g_um_seg2 to genome dm6 with Bowtie2 (2/2)
[2016-03-12 16:52:30] Searching for junctions via segment mapping
	Coverage-search algorithm is turned on, making this step very slow
	Please try running TopHat again with the option (--no-coverage-search) if this step takes too much time or memory.
[2016-03-12 18:45:08] Retrieving sequences for splices
[2016-03-12 18:53:03] Indexing splices
Building a SMALL index
[2016-03-12 19:16:36] Mapping left_kept_reads.m2g_um_seg1 to genome segment_juncs with Bowtie2 (1/2)
[2016-03-12 19:20:24] Mapping left_kept_reads.m2g_um_seg2 to genome segment_juncs with Bowtie2 (2/2)
[2016-03-12 19:25:15] Joining segment hits
[2016-03-12 19:30:46] Reporting output tracks
slurmstepd: error: Job 58119146 exceeded memory limit (46168076 > 24576000), being killed
slurmstepd: error: *** JOB 58119146 ON holy2b07101 CANCELLED AT 2016-03-12T19:40:54 ***
slurmstepd: error: Exceeded step memory limit at some point.
