
[2016-03-12 14:53:33] Beginning TopHat run (v2.0.13)
-----------------------------------------------
[2016-03-12 14:53:33] Checking for Bowtie
		  Bowtie version:	 2.2.2.0
[2016-03-12 14:53:33] Checking for Bowtie index files (genome)..
[2016-03-12 14:53:33] Checking for reference FASTA file
[2016-03-12 14:53:33] Generating SAM header for /n/regal/eddy_lab/pkoo/opticlobe/reference_genome/dm6_bowtie_reference/dm6
[2016-03-12 14:53:34] Reading known junctions from GTF file
[2016-03-12 14:53:38] Preparing reads
	 left reads: min. length=50, max. length=50, 38229683 kept reads (36860 discarded)
[2016-03-12 15:13:01] Building transcriptome data files /n/regal/eddy_lab/pkoo/opticlobe/alignment/tophat151110_SN651_0484_AHFC7TBCXX__Sample_LH_51_1/tmp/dm6_Ensembl
[2016-03-12 15:14:10] Building Bowtie index from dm6_Ensembl.fa
[2016-03-12 15:40:42] Mapping left_kept_reads to transcriptome dm6_Ensembl with Bowtie2 
[2016-03-12 16:29:47] Resuming TopHat pipeline with unmapped reads
[2016-03-12 16:29:48] Mapping left_kept_reads.m2g_um to genome dm6 with Bowtie2 
[2016-03-12 17:02:29] Mapping left_kept_reads.m2g_um_seg1 to genome dm6 with Bowtie2 (1/2)
[2016-03-12 17:06:13] Mapping left_kept_reads.m2g_um_seg2 to genome dm6 with Bowtie2 (2/2)
[2016-03-12 17:10:39] Searching for junctions via segment mapping
	Coverage-search algorithm is turned on, making this step very slow
	Please try running TopHat again with the option (--no-coverage-search) if this step takes too much time or memory.
[2016-03-12 18:57:57] Retrieving sequences for splices
[2016-03-12 19:04:14] Indexing splices
Building a SMALL index
[2016-03-12 19:23:08] Mapping left_kept_reads.m2g_um_seg1 to genome segment_juncs with Bowtie2 (1/2)
[2016-03-12 19:27:13] Mapping left_kept_reads.m2g_um_seg2 to genome segment_juncs with Bowtie2 (2/2)
[2016-03-12 19:31:46] Joining segment hits
[2016-03-12 19:36:20] Reporting output tracks
slurmstepd: error: Job 58119225 exceeded memory limit (41570880 > 24576000), being killed
slurmstepd: error: *** JOB 58119225 ON holyconroy04 CANCELLED AT 2016-03-12T19:49:56 ***
slurmstepd: error: Exceeded step memory limit at some point.
slurmstepd: error: Exceeded job memory limit at some point.
