
[2016-03-12 14:52:15] Beginning TopHat run (v2.0.13)
-----------------------------------------------
[2016-03-12 14:52:15] Checking for Bowtie
		  Bowtie version:	 2.2.2.0
[2016-03-12 14:52:15] Checking for Bowtie index files (genome)..
[2016-03-12 14:52:15] Checking for reference FASTA file
[2016-03-12 14:52:15] Generating SAM header for /n/regal/eddy_lab/pkoo/opticlobe/reference_genome/dm6_bowtie_reference/dm6
[2016-03-12 14:52:15] Reading known junctions from GTF file
[2016-03-12 14:52:18] Preparing reads
	 left reads: min. length=105, max. length=105, 38698530 kept reads (130348 discarded)
[2016-03-12 15:11:05] Building transcriptome data files /n/regal/eddy_lab/pkoo/opticlobe/alignment/tophat150506_SN651_0392_BH3WVKBCXX__Sample_L_G_L9_1/tmp/dm6_Ensembl
[2016-03-12 15:11:39] Building Bowtie index from dm6_Ensembl.fa
[2016-03-12 15:25:05] Mapping left_kept_reads to transcriptome dm6_Ensembl with Bowtie2 
[2016-03-12 16:18:10] Resuming TopHat pipeline with unmapped reads
[2016-03-12 16:18:10] Mapping left_kept_reads.m2g_um to genome dm6 with Bowtie2 
[2016-03-12 17:35:47] Mapping left_kept_reads.m2g_um_seg1 to genome dm6 with Bowtie2 (1/4)
[2016-03-12 18:00:30] Mapping left_kept_reads.m2g_um_seg2 to genome dm6 with Bowtie2 (2/4)
[2016-03-12 18:29:07] Mapping left_kept_reads.m2g_um_seg3 to genome dm6 with Bowtie2 (3/4)
[2016-03-12 18:52:35] Mapping left_kept_reads.m2g_um_seg4 to genome dm6 with Bowtie2 (4/4)
[2016-03-12 19:05:21] Searching for junctions via segment mapping
[2016-03-12 19:12:07] Retrieving sequences for splices
[2016-03-12 19:12:26] Indexing splices
Building a SMALL index
[2016-03-12 19:13:41] Mapping left_kept_reads.m2g_um_seg1 to genome segment_juncs with Bowtie2 (1/4)
[2016-03-12 19:22:13] Mapping left_kept_reads.m2g_um_seg2 to genome segment_juncs with Bowtie2 (2/4)
[2016-03-12 19:30:40] Mapping left_kept_reads.m2g_um_seg3 to genome segment_juncs with Bowtie2 (3/4)
[2016-03-12 19:38:50] Mapping left_kept_reads.m2g_um_seg4 to genome segment_juncs with Bowtie2 (4/4)
[2016-03-12 19:43:52] Joining segment hits
[2016-03-12 19:49:22] Reporting output tracks
-----------------------------------------------
[2016-03-12 20:56:24] A summary of the alignment counts can be found in /n/regal/eddy_lab/pkoo/opticlobe/alignment/tophat150506_SN651_0392_BH3WVKBCXX__Sample_L_G_L9_1/align_summary.txt
[2016-03-12 20:56:24] Run complete: 06:04:08 elapsed
slurmstepd: error: Exceeded step memory limit at some point.
slurmstepd: error: Exceeded job memory limit at some point.
