
[2016-03-12 14:52:54] Beginning TopHat run (v2.0.13)
-----------------------------------------------
[2016-03-12 14:52:54] Checking for Bowtie
		  Bowtie version:	 2.2.2.0
[2016-03-12 14:52:54] Checking for Bowtie index files (genome)..
[2016-03-12 14:52:54] Checking for reference FASTA file
[2016-03-12 14:52:54] Generating SAM header for /n/regal/eddy_lab/pkoo/opticlobe/reference_genome/dm6_bowtie_reference/dm6
[2016-03-12 14:52:55] Reading known junctions from GTF file
[2016-03-12 14:53:00] Preparing reads
	 left reads: min. length=50, max. length=50, 31301324 kept reads (29355 discarded)
[2016-03-12 15:08:08] Building transcriptome data files /n/regal/eddy_lab/pkoo/opticlobe/alignment/tophat151105_SN651_0480_BHFFKLBCXX__Sample_LH_61_1/tmp/dm6_Ensembl
[2016-03-12 15:09:00] Building Bowtie index from dm6_Ensembl.fa
[2016-03-12 15:35:35] Mapping left_kept_reads to transcriptome dm6_Ensembl with Bowtie2 
[2016-03-12 16:18:37] Resuming TopHat pipeline with unmapped reads
[2016-03-12 16:18:37] Mapping left_kept_reads.m2g_um to genome dm6 with Bowtie2 
[2016-03-12 16:51:13] Mapping left_kept_reads.m2g_um_seg1 to genome dm6 with Bowtie2 (1/2)
[2016-03-12 16:54:44] Mapping left_kept_reads.m2g_um_seg2 to genome dm6 with Bowtie2 (2/2)
[2016-03-12 16:58:36] Searching for junctions via segment mapping
	Coverage-search algorithm is turned on, making this step very slow
	Please try running TopHat again with the option (--no-coverage-search) if this step takes too much time or memory.
[2016-03-12 18:31:59] Retrieving sequences for splices
[2016-03-12 18:37:39] Indexing splices
Building a SMALL index
[2016-03-12 18:54:13] Mapping left_kept_reads.m2g_um_seg1 to genome segment_juncs with Bowtie2 (1/2)
[2016-03-12 18:58:05] Mapping left_kept_reads.m2g_um_seg2 to genome segment_juncs with Bowtie2 (2/2)
[2016-03-12 19:02:28] Joining segment hits
[2016-03-12 19:06:40] Reporting output tracks
slurmstepd: error: Job 58119053 exceeded memory limit (35410432 > 24576000), being killed
slurmstepd: error: *** JOB 58119053 ON holymeissner02 CANCELLED AT 2016-03-12T19:17:14 ***
