
[2016-03-12 14:48:50] Beginning TopHat run (v2.0.13)
-----------------------------------------------
[2016-03-12 14:48:50] Checking for Bowtie
		  Bowtie version:	 2.2.2.0
[2016-03-12 14:48:50] Checking for Bowtie index files (genome)..
[2016-03-12 14:48:50] Checking for reference FASTA file
[2016-03-12 14:48:50] Generating SAM header for /n/regal/eddy_lab/pkoo/opticlobe/reference_genome/dm6_bowtie_reference/dm6
[2016-03-12 14:48:51] Reading known junctions from GTF file
[2016-03-12 14:48:55] Preparing reads
	 left reads: min. length=60, max. length=60, 41608993 kept reads (64235 discarded)
[2016-03-12 15:06:43] Building transcriptome data files /n/regal/eddy_lab/pkoo/opticlobe/alignment/tophat150415_SN651_0373_BH3N2LBCXX__Sample_H_L_M10_1/tmp/dm6_Ensembl
[2016-03-12 15:07:50] Building Bowtie index from dm6_Ensembl.fa
[2016-03-12 15:33:26] Mapping left_kept_reads to transcriptome dm6_Ensembl with Bowtie2 
[2016-03-12 16:26:24] Resuming TopHat pipeline with unmapped reads
[2016-03-12 16:26:24] Mapping left_kept_reads.m2g_um to genome dm6 with Bowtie2 
[2016-03-12 17:06:44] Mapping left_kept_reads.m2g_um_seg1 to genome dm6 with Bowtie2 (1/2)
[2016-03-12 17:11:40] Mapping left_kept_reads.m2g_um_seg2 to genome dm6 with Bowtie2 (2/2)
[2016-03-12 17:17:50] Searching for junctions via segment mapping
	Coverage-search algorithm is turned on, making this step very slow
	Please try running TopHat again with the option (--no-coverage-search) if this step takes too much time or memory.
[2016-03-12 19:19:22] Retrieving sequences for splices
[2016-03-12 19:25:12] Indexing splices
Building a SMALL index
[2016-03-12 19:47:06] Mapping left_kept_reads.m2g_um_seg1 to genome segment_juncs with Bowtie2 (1/2)
[2016-03-12 19:52:36] Mapping left_kept_reads.m2g_um_seg2 to genome segment_juncs with Bowtie2 (2/2)
[2016-03-12 19:58:21] Joining segment hits
[2016-03-12 20:02:32] Reporting output tracks
slurmstepd: error: Job 58118685 exceeded memory limit (39186028 > 24576000), being killed
slurmstepd: error: *** JOB 58118685 ON holy2a22205 CANCELLED AT 2016-03-12T20:22:08 ***
slurmstepd: error: Exceeded step memory limit at some point.
slurmstepd: error: Exceeded job memory limit at some point.
