
[2016-03-12 14:51:53] Beginning TopHat run (v2.0.13)
-----------------------------------------------
[2016-03-12 14:51:53] Checking for Bowtie
		  Bowtie version:	 2.2.2.0
[2016-03-12 14:51:53] Checking for Bowtie index files (genome)..
[2016-03-12 14:51:53] Checking for reference FASTA file
[2016-03-12 14:51:53] Generating SAM header for /n/regal/eddy_lab/pkoo/opticlobe/reference_genome/dm6_bowtie_reference/dm6
[2016-03-12 14:51:54] Reading known junctions from GTF file
[2016-03-12 14:51:58] Preparing reads
	 left reads: min. length=105, max. length=105, 40898004 kept reads (89987 discarded)
[2016-03-12 15:22:08] Building transcriptome data files /n/regal/eddy_lab/pkoo/opticlobe/alignment/tophat150506_SN651_0392_BH3WVKBCXX__Sample_L_G_L10_1/tmp/dm6_Ensembl
[2016-03-12 15:23:15] Building Bowtie index from dm6_Ensembl.fa
[2016-03-12 15:49:43] Mapping left_kept_reads to transcriptome dm6_Ensembl with Bowtie2 
[2016-03-12 16:47:17] Resuming TopHat pipeline with unmapped reads
[2016-03-12 16:47:17] Mapping left_kept_reads.m2g_um to genome dm6 with Bowtie2 
[2016-03-12 18:13:53] Mapping left_kept_reads.m2g_um_seg1 to genome dm6 with Bowtie2 (1/4)
[2016-03-12 18:33:07] Mapping left_kept_reads.m2g_um_seg2 to genome dm6 with Bowtie2 (2/4)
[2016-03-12 18:52:52] Mapping left_kept_reads.m2g_um_seg3 to genome dm6 with Bowtie2 (3/4)
[2016-03-12 19:17:30] Mapping left_kept_reads.m2g_um_seg4 to genome dm6 with Bowtie2 (4/4)
[2016-03-12 19:29:52] Searching for junctions via segment mapping
[2016-03-12 19:36:32] Retrieving sequences for splices
[2016-03-12 19:37:12] Indexing splices
Building a SMALL index
[2016-03-12 19:39:35] Mapping left_kept_reads.m2g_um_seg1 to genome segment_juncs with Bowtie2 (1/4)
[2016-03-12 19:46:10] Mapping left_kept_reads.m2g_um_seg2 to genome segment_juncs with Bowtie2 (2/4)
[2016-03-12 19:53:10] Mapping left_kept_reads.m2g_um_seg3 to genome segment_juncs with Bowtie2 (3/4)
[2016-03-12 19:59:54] Mapping left_kept_reads.m2g_um_seg4 to genome segment_juncs with Bowtie2 (4/4)
[2016-03-12 20:05:11] Joining segment hits
[2016-03-12 20:08:57] Reporting output tracks
-----------------------------------------------
[2016-03-12 21:23:52] A summary of the alignment counts can be found in /n/regal/eddy_lab/pkoo/opticlobe/alignment/tophat150506_SN651_0392_BH3WVKBCXX__Sample_L_G_L10_1/align_summary.txt
[2016-03-12 21:23:52] Run complete: 06:31:58 elapsed
slurmstepd: error: Exceeded step memory limit at some point.
slurmstepd: error: Exceeded job memory limit at some point.
