
[2016-03-12 14:52:23] Beginning TopHat run (v2.0.13)
-----------------------------------------------
[2016-03-12 14:52:23] Checking for Bowtie
		  Bowtie version:	 2.2.2.0
[2016-03-12 14:52:23] Checking for Bowtie index files (genome)..
[2016-03-12 14:52:23] Checking for reference FASTA file
[2016-03-12 14:52:23] Generating SAM header for /n/regal/eddy_lab/pkoo/opticlobe/reference_genome/dm6_bowtie_reference/dm6
[2016-03-12 14:52:23] Reading known junctions from GTF file
[2016-03-12 14:52:28] Preparing reads
	 left reads: min. length=105, max. length=105, 38118684 kept reads (163532 discarded)
[2016-03-12 15:30:22] Building transcriptome data files /n/regal/eddy_lab/pkoo/opticlobe/alignment/tophat150507_SN651_0393_AH572MBCXX__Sample_L_G_L18_1/tmp/dm6_Ensembl
[2016-03-12 15:31:27] Building Bowtie index from dm6_Ensembl.fa
[2016-03-12 15:57:01] Mapping left_kept_reads to transcriptome dm6_Ensembl with Bowtie2 
[2016-03-12 17:07:21] Resuming TopHat pipeline with unmapped reads
[2016-03-12 17:07:22] Mapping left_kept_reads.m2g_um to genome dm6 with Bowtie2 
[2016-03-12 18:29:34] Mapping left_kept_reads.m2g_um_seg1 to genome dm6 with Bowtie2 (1/4)
[2016-03-12 18:51:27] Mapping left_kept_reads.m2g_um_seg2 to genome dm6 with Bowtie2 (2/4)
[2016-03-12 19:14:42] Mapping left_kept_reads.m2g_um_seg3 to genome dm6 with Bowtie2 (3/4)
[2016-03-12 19:36:46] Mapping left_kept_reads.m2g_um_seg4 to genome dm6 with Bowtie2 (4/4)
[2016-03-12 19:49:42] Searching for junctions via segment mapping
[2016-03-12 19:56:21] Retrieving sequences for splices
[2016-03-12 19:57:00] Indexing splices
Building a SMALL index
[2016-03-12 19:59:32] Mapping left_kept_reads.m2g_um_seg1 to genome segment_juncs with Bowtie2 (1/4)
[2016-03-12 20:06:34] Mapping left_kept_reads.m2g_um_seg2 to genome segment_juncs with Bowtie2 (2/4)
[2016-03-12 20:13:42] Mapping left_kept_reads.m2g_um_seg3 to genome segment_juncs with Bowtie2 (3/4)
[2016-03-12 20:20:37] Mapping left_kept_reads.m2g_um_seg4 to genome segment_juncs with Bowtie2 (4/4)
[2016-03-12 20:25:23] Joining segment hits
[2016-03-12 20:29:21] Reporting output tracks
-----------------------------------------------
[2016-03-12 22:04:34] A summary of the alignment counts can be found in /n/regal/eddy_lab/pkoo/opticlobe/alignment/tophat150507_SN651_0393_AH572MBCXX__Sample_L_G_L18_1/align_summary.txt
[2016-03-12 22:04:34] Run complete: 07:12:11 elapsed
slurmstepd: error: Exceeded step memory limit at some point.
slurmstepd: error: Exceeded job memory limit at some point.
