
[2016-03-12 14:53:16] Beginning TopHat run (v2.0.13)
-----------------------------------------------
[2016-03-12 14:53:16] Checking for Bowtie
		  Bowtie version:	 2.2.2.0
[2016-03-12 14:53:16] Checking for Bowtie index files (genome)..
[2016-03-12 14:53:16] Checking for reference FASTA file
[2016-03-12 14:53:16] Generating SAM header for /n/regal/eddy_lab/pkoo/opticlobe/reference_genome/dm6_bowtie_reference/dm6
[2016-03-12 14:53:17] Reading known junctions from GTF file
[2016-03-12 14:53:22] Preparing reads
	 left reads: min. length=50, max. length=50, 38506301 kept reads (39845 discarded)
[2016-03-12 15:08:24] Building transcriptome data files /n/regal/eddy_lab/pkoo/opticlobe/alignment/tophat151110_SN651_0484_AHFC7TBCXX__Sample_LH_47_1/tmp/dm6_Ensembl
[2016-03-12 15:09:34] Building Bowtie index from dm6_Ensembl.fa
[2016-03-12 15:36:06] Mapping left_kept_reads to transcriptome dm6_Ensembl with Bowtie2 
[2016-03-12 16:23:27] Resuming TopHat pipeline with unmapped reads
[2016-03-12 16:23:27] Mapping left_kept_reads.m2g_um to genome dm6 with Bowtie2 
[2016-03-12 16:50:51] Mapping left_kept_reads.m2g_um_seg1 to genome dm6 with Bowtie2 (1/2)
[2016-03-12 16:54:20] Mapping left_kept_reads.m2g_um_seg2 to genome dm6 with Bowtie2 (2/2)
[2016-03-12 16:58:14] Searching for junctions via segment mapping
	Coverage-search algorithm is turned on, making this step very slow
	Please try running TopHat again with the option (--no-coverage-search) if this step takes too much time or memory.
[2016-03-12 18:55:58] Retrieving sequences for splices
[2016-03-12 19:02:18] Indexing splices
Building a SMALL index
[2016-03-12 19:24:33] Mapping left_kept_reads.m2g_um_seg1 to genome segment_juncs with Bowtie2 (1/2)
[2016-03-12 19:28:26] Mapping left_kept_reads.m2g_um_seg2 to genome segment_juncs with Bowtie2 (2/2)
[2016-03-12 19:32:44] Joining segment hits
[2016-03-12 19:37:49] Reporting output tracks
slurmstepd: error: Job 58119182 exceeded memory limit (46322836 > 24576000), being killed
slurmstepd: error: *** JOB 58119182 ON holy2a21306 CANCELLED AT 2016-03-12T19:49:35 ***
slurmstepd: error: Exceeded step memory limit at some point.
slurmstepd: error: Exceeded job memory limit at some point.
