
[2016-03-12 14:53:17] Beginning TopHat run (v2.0.13)
-----------------------------------------------
[2016-03-12 14:53:17] Checking for Bowtie
		  Bowtie version:	 2.2.2.0
[2016-03-12 14:53:18] Checking for Bowtie index files (genome)..
[2016-03-12 14:53:18] Checking for reference FASTA file
[2016-03-12 14:53:18] Generating SAM header for /n/regal/eddy_lab/pkoo/opticlobe/reference_genome/dm6_bowtie_reference/dm6
[2016-03-12 14:53:19] Reading known junctions from GTF file
[2016-03-12 14:53:23] Preparing reads
	 left reads: min. length=50, max. length=50, 37728829 kept reads (38229 discarded)
[2016-03-12 15:13:32] Building transcriptome data files /n/regal/eddy_lab/pkoo/opticlobe/alignment/tophat151110_SN651_0484_AHFC7TBCXX__Sample_LH_48_1/tmp/dm6_Ensembl
[2016-03-12 15:14:38] Building Bowtie index from dm6_Ensembl.fa
[2016-03-12 15:40:14] Mapping left_kept_reads to transcriptome dm6_Ensembl with Bowtie2 
[2016-03-12 16:24:52] Resuming TopHat pipeline with unmapped reads
[2016-03-12 16:24:53] Mapping left_kept_reads.m2g_um to genome dm6 with Bowtie2 
[2016-03-12 16:49:24] Mapping left_kept_reads.m2g_um_seg1 to genome dm6 with Bowtie2 (1/2)
[2016-03-12 16:52:41] Mapping left_kept_reads.m2g_um_seg2 to genome dm6 with Bowtie2 (2/2)
[2016-03-12 16:56:18] Searching for junctions via segment mapping
	Coverage-search algorithm is turned on, making this step very slow
	Please try running TopHat again with the option (--no-coverage-search) if this step takes too much time or memory.
[2016-03-12 18:37:18] Retrieving sequences for splices
[2016-03-12 18:43:44] Indexing splices
Building a SMALL index
[2016-03-12 18:56:09] Mapping left_kept_reads.m2g_um_seg1 to genome segment_juncs with Bowtie2 (1/2)
[2016-03-12 18:59:54] Mapping left_kept_reads.m2g_um_seg2 to genome segment_juncs with Bowtie2 (2/2)
[2016-03-12 19:04:03] Joining segment hits
[2016-03-12 19:08:42] Reporting output tracks
slurmstepd: error: Job 58119195 exceeded memory limit (32407152 > 24576000), being killed
slurmstepd: error: *** JOB 58119195 ON holy2a22307 CANCELLED AT 2016-03-12T19:17:08 ***
