
[2016-03-12 14:52:51] Beginning TopHat run (v2.0.13)
-----------------------------------------------
[2016-03-12 14:52:51] Checking for Bowtie
		  Bowtie version:	 2.2.2.0
[2016-03-12 14:52:51] Checking for Bowtie index files (genome)..
[2016-03-12 14:52:51] Checking for reference FASTA file
[2016-03-12 14:52:51] Generating SAM header for /n/regal/eddy_lab/pkoo/opticlobe/reference_genome/dm6_bowtie_reference/dm6
[2016-03-12 14:52:52] Reading known junctions from GTF file
[2016-03-12 14:52:56] Preparing reads
	 left reads: min. length=50, max. length=50, 34524982 kept reads (15322 discarded)
[2016-03-12 15:07:17] Building transcriptome data files /n/regal/eddy_lab/pkoo/opticlobe/alignment/tophat151105_SN651_0479_AHFFGJBCXX__Sample_LH_60_1/tmp/dm6_Ensembl
[2016-03-12 15:07:59] Building Bowtie index from dm6_Ensembl.fa
[2016-03-12 15:33:36] Mapping left_kept_reads to transcriptome dm6_Ensembl with Bowtie2 
[2016-03-12 16:16:38] Resuming TopHat pipeline with unmapped reads
[2016-03-12 16:16:39] Mapping left_kept_reads.m2g_um to genome dm6 with Bowtie2 
[2016-03-12 16:41:53] Mapping left_kept_reads.m2g_um_seg1 to genome dm6 with Bowtie2 (1/2)
[2016-03-12 16:45:18] Mapping left_kept_reads.m2g_um_seg2 to genome dm6 with Bowtie2 (2/2)
[2016-03-12 16:49:06] Searching for junctions via segment mapping
	Coverage-search algorithm is turned on, making this step very slow
	Please try running TopHat again with the option (--no-coverage-search) if this step takes too much time or memory.
[2016-03-12 17:46:52] Retrieving sequences for splices
[2016-03-12 17:50:40] Indexing splices
Building a SMALL index
[2016-03-12 18:11:07] Mapping left_kept_reads.m2g_um_seg1 to genome segment_juncs with Bowtie2 (1/2)
[2016-03-12 18:15:02] Mapping left_kept_reads.m2g_um_seg2 to genome segment_juncs with Bowtie2 (2/2)
[2016-03-12 18:19:13] Joining segment hits
[2016-03-12 18:22:18] Reporting output tracks
slurmstepd: error: Job 58119051 exceeded memory limit (38202112 > 24576000), being killed
slurmstepd: error: *** JOB 58119051 ON holy2b09208 CANCELLED AT 2016-03-12T18:30:42 ***
