
[2016-03-12 14:53:36] Beginning TopHat run (v2.0.13)
-----------------------------------------------
[2016-03-12 14:53:36] Checking for Bowtie
		  Bowtie version:	 2.2.2.0
[2016-03-12 14:53:37] Checking for Bowtie index files (genome)..
[2016-03-12 14:53:37] Checking for reference FASTA file
[2016-03-12 14:53:37] Generating SAM header for /n/regal/eddy_lab/pkoo/opticlobe/reference_genome/dm6_bowtie_reference/dm6
[2016-03-12 14:53:37] Reading known junctions from GTF file
[2016-03-12 14:53:40] Preparing reads
	 left reads: min. length=50, max. length=50, 36381366 kept reads (43821 discarded)
[2016-03-12 15:05:07] Building transcriptome data files /n/regal/eddy_lab/pkoo/opticlobe/alignment/tophat151110_SN651_0484_AHFC7TBCXX__Sample_LH_50_1/tmp/dm6_Ensembl
[2016-03-12 15:05:46] Building Bowtie index from dm6_Ensembl.fa
[2016-03-12 15:20:16] Mapping left_kept_reads to transcriptome dm6_Ensembl with Bowtie2 
[2016-03-12 16:07:38] Resuming TopHat pipeline with unmapped reads
[2016-03-12 16:07:38] Mapping left_kept_reads.m2g_um to genome dm6 with Bowtie2 
[2016-03-12 16:32:41] Mapping left_kept_reads.m2g_um_seg1 to genome dm6 with Bowtie2 (1/2)
[2016-03-12 16:36:41] Mapping left_kept_reads.m2g_um_seg2 to genome dm6 with Bowtie2 (2/2)
[2016-03-12 16:41:35] Searching for junctions via segment mapping
	Coverage-search algorithm is turned on, making this step very slow
	Please try running TopHat again with the option (--no-coverage-search) if this step takes too much time or memory.
[2016-03-12 17:48:54] Retrieving sequences for splices
[2016-03-12 17:52:21] Indexing splices
Building a SMALL index
[2016-03-12 18:03:37] Mapping left_kept_reads.m2g_um_seg1 to genome segment_juncs with Bowtie2 (1/2)
[2016-03-12 18:07:30] Mapping left_kept_reads.m2g_um_seg2 to genome segment_juncs with Bowtie2 (2/2)
[2016-03-12 18:11:32] Joining segment hits
[2016-03-12 18:14:19] Reporting output tracks
slurmstepd: error: Job 58119214 exceeded memory limit (46306688 > 24576000), being killed
slurmstepd: error: *** JOB 58119214 ON holy2b07208 CANCELLED AT 2016-03-12T18:23:55 ***
slurmstepd: error: Exceeded step memory limit at some point.
slurmstepd: error: Exceeded job memory limit at some point.
