
[2016-03-12 14:49:51] Beginning TopHat run (v2.0.13)
-----------------------------------------------
[2016-03-12 14:49:51] Checking for Bowtie
		  Bowtie version:	 2.2.2.0
[2016-03-12 14:49:52] Checking for Bowtie index files (genome)..
[2016-03-12 14:49:52] Checking for reference FASTA file
[2016-03-12 14:49:52] Generating SAM header for /n/regal/eddy_lab/pkoo/opticlobe/reference_genome/dm6_bowtie_reference/dm6
[2016-03-12 14:49:52] Reading known junctions from GTF file
[2016-03-12 14:49:57] Preparing reads
	 left reads: min. length=65, max. length=65, 29609872 kept reads (102797 discarded)
[2016-03-12 15:02:55] Building transcriptome data files /n/regal/eddy_lab/pkoo/opticlobe/alignment/tophat150420_SN651_0376_AH3FFYBCXX__Sample_L_G_M20_1/tmp/dm6_Ensembl
[2016-03-12 15:04:01] Building Bowtie index from dm6_Ensembl.fa
[2016-03-12 15:30:30] Mapping left_kept_reads to transcriptome dm6_Ensembl with Bowtie2 
[2016-03-12 16:07:02] Resuming TopHat pipeline with unmapped reads
[2016-03-12 16:07:02] Mapping left_kept_reads.m2g_um to genome dm6 with Bowtie2 
[2016-03-12 16:47:41] Mapping left_kept_reads.m2g_um_seg1 to genome dm6 with Bowtie2 (1/2)
[2016-03-12 16:53:01] Mapping left_kept_reads.m2g_um_seg2 to genome dm6 with Bowtie2 (2/2)
[2016-03-12 16:59:57] Searching for junctions via segment mapping
	Coverage-search algorithm is turned on, making this step very slow
	Please try running TopHat again with the option (--no-coverage-search) if this step takes too much time or memory.
[2016-03-12 19:15:12] Retrieving sequences for splices
[2016-03-12 19:20:44] Indexing splices
Building a SMALL index
[2016-03-12 19:46:02] Mapping left_kept_reads.m2g_um_seg1 to genome segment_juncs with Bowtie2 (1/2)
[2016-03-12 19:50:48] Mapping left_kept_reads.m2g_um_seg2 to genome segment_juncs with Bowtie2 (2/2)
[2016-03-12 19:56:04] Joining segment hits
[2016-03-12 20:00:13] Reporting output tracks
slurmstepd: error: Job 58118790 exceeded memory limit (36584200 > 24576000), being killed
slurmstepd: error: *** JOB 58118790 ON holy2a22204 CANCELLED AT 2016-03-12T20:22:12 ***
slurmstepd: error: Exceeded step memory limit at some point.
slurmstepd: error: Exceeded job memory limit at some point.
