
[2016-03-12 14:53:08] Beginning TopHat run (v2.0.13)
-----------------------------------------------
[2016-03-12 14:53:08] Checking for Bowtie
		  Bowtie version:	 2.2.2.0
[2016-03-12 14:53:08] Checking for Bowtie index files (genome)..
[2016-03-12 14:53:08] Checking for reference FASTA file
[2016-03-12 14:53:08] Generating SAM header for /n/regal/eddy_lab/pkoo/opticlobe/reference_genome/dm6_bowtie_reference/dm6
[2016-03-12 14:53:08] Reading known junctions from GTF file
[2016-03-12 14:53:11] Preparing reads
	 left reads: min. length=50, max. length=50, 32272597 kept reads (18627 discarded)
[2016-03-12 15:02:15] Building transcriptome data files /n/regal/eddy_lab/pkoo/opticlobe/alignment/tophat151109_SN651_0481_AHFFKGBCXX__Sample_LH_3_1/tmp/dm6_Ensembl
[2016-03-12 15:03:24] Building Bowtie index from dm6_Ensembl.fa
[2016-03-12 15:29:56] Mapping left_kept_reads to transcriptome dm6_Ensembl with Bowtie2 
[2016-03-12 16:14:17] Resuming TopHat pipeline with unmapped reads
[2016-03-12 16:14:17] Mapping left_kept_reads.m2g_um to genome dm6 with Bowtie2 
[2016-03-12 16:39:26] Mapping left_kept_reads.m2g_um_seg1 to genome dm6 with Bowtie2 (1/2)
[2016-03-12 16:42:43] Mapping left_kept_reads.m2g_um_seg2 to genome dm6 with Bowtie2 (2/2)
[2016-03-12 16:46:32] Searching for junctions via segment mapping
	Coverage-search algorithm is turned on, making this step very slow
	Please try running TopHat again with the option (--no-coverage-search) if this step takes too much time or memory.
[2016-03-12 18:25:37] Retrieving sequences for splices
[2016-03-12 18:28:43] Indexing splices
Building a SMALL index
[2016-03-12 18:45:37] Mapping left_kept_reads.m2g_um_seg1 to genome segment_juncs with Bowtie2 (1/2)
[2016-03-12 18:49:18] Mapping left_kept_reads.m2g_um_seg2 to genome segment_juncs with Bowtie2 (2/2)
[2016-03-12 18:53:24] Joining segment hits
[2016-03-12 18:56:09] Reporting output tracks
slurmstepd: error: Job 58119131 exceeded memory limit (38480296 > 24576000), being killed
slurmstepd: error: *** JOB 58119131 ON holy2a17103 CANCELLED AT 2016-03-12T19:06:27 ***
slurmstepd: error: Exceeded step memory limit at some point.
