
[2016-03-12 14:52:18] Beginning TopHat run (v2.0.13)
-----------------------------------------------
[2016-03-12 14:52:18] Checking for Bowtie
		  Bowtie version:	 2.2.2.0
[2016-03-12 14:52:18] Checking for Bowtie index files (genome)..
[2016-03-12 14:52:18] Checking for reference FASTA file
[2016-03-12 14:52:18] Generating SAM header for /n/regal/eddy_lab/pkoo/opticlobe/reference_genome/dm6_bowtie_reference/dm6
[2016-03-12 14:52:19] Reading known junctions from GTF file
[2016-03-12 14:52:22] Preparing reads
	 left reads: min. length=105, max. length=105, 33489533 kept reads (43235 discarded)
[2016-03-12 15:23:15] Building transcriptome data files /n/regal/eddy_lab/pkoo/opticlobe/alignment/tophat150507_SN651_0393_AH572MBCXX__Sample_L_G_L20_1/tmp/dm6_Ensembl
[2016-03-12 15:24:02] Building Bowtie index from dm6_Ensembl.fa
[2016-03-12 15:50:31] Mapping left_kept_reads to transcriptome dm6_Ensembl with Bowtie2 
[2016-03-12 16:37:28] Resuming TopHat pipeline with unmapped reads
[2016-03-12 16:37:29] Mapping left_kept_reads.m2g_um to genome dm6 with Bowtie2 
[2016-03-12 17:59:44] Mapping left_kept_reads.m2g_um_seg1 to genome dm6 with Bowtie2 (1/4)
[2016-03-12 18:21:29] Mapping left_kept_reads.m2g_um_seg2 to genome dm6 with Bowtie2 (2/4)
[2016-03-12 18:46:13] Mapping left_kept_reads.m2g_um_seg3 to genome dm6 with Bowtie2 (3/4)
[2016-03-12 19:08:57] Mapping left_kept_reads.m2g_um_seg4 to genome dm6 with Bowtie2 (4/4)
[2016-03-12 19:20:35] Searching for junctions via segment mapping
[2016-03-12 19:26:52] Retrieving sequences for splices
[2016-03-12 19:27:27] Indexing splices
Building a SMALL index
[2016-03-12 19:29:38] Mapping left_kept_reads.m2g_um_seg1 to genome segment_juncs with Bowtie2 (1/4)
[2016-03-12 19:35:43] Mapping left_kept_reads.m2g_um_seg2 to genome segment_juncs with Bowtie2 (2/4)
[2016-03-12 19:41:37] Mapping left_kept_reads.m2g_um_seg3 to genome segment_juncs with Bowtie2 (3/4)
[2016-03-12 19:47:01] Mapping left_kept_reads.m2g_um_seg4 to genome segment_juncs with Bowtie2 (4/4)
[2016-03-12 19:51:10] Joining segment hits
[2016-03-12 19:55:28] Reporting output tracks
-----------------------------------------------
[2016-03-12 21:09:35] A summary of the alignment counts can be found in /n/regal/eddy_lab/pkoo/opticlobe/alignment/tophat150507_SN651_0393_AH572MBCXX__Sample_L_G_L20_1/align_summary.txt
[2016-03-12 21:09:35] Run complete: 06:17:17 elapsed
slurmstepd: error: Exceeded step memory limit at some point.
slurmstepd: error: Exceeded job memory limit at some point.
