
[2016-03-12 14:52:54] Beginning TopHat run (v2.0.13)
-----------------------------------------------
[2016-03-12 14:52:54] Checking for Bowtie
		  Bowtie version:	 2.2.2.0
[2016-03-12 14:52:55] Checking for Bowtie index files (genome)..
[2016-03-12 14:52:55] Checking for reference FASTA file
[2016-03-12 14:52:55] Generating SAM header for /n/regal/eddy_lab/pkoo/opticlobe/reference_genome/dm6_bowtie_reference/dm6
[2016-03-12 14:52:56] Reading known junctions from GTF file
[2016-03-12 14:53:00] Preparing reads
	 left reads: min. length=50, max. length=50, 39868459 kept reads (49463 discarded)
[2016-03-12 15:10:30] Building transcriptome data files /n/regal/eddy_lab/pkoo/opticlobe/alignment/tophat151105_SN651_0479_AHFFGJBCXX__Sample_LH_53_1/tmp/dm6_Ensembl
[2016-03-12 15:11:07] Building Bowtie index from dm6_Ensembl.fa
[2016-03-12 15:36:43] Mapping left_kept_reads to transcriptome dm6_Ensembl with Bowtie2 
[2016-03-12 16:22:30] Resuming TopHat pipeline with unmapped reads
[2016-03-12 16:22:31] Mapping left_kept_reads.m2g_um to genome dm6 with Bowtie2 
[2016-03-12 16:56:38] Mapping left_kept_reads.m2g_um_seg1 to genome dm6 with Bowtie2 (1/2)
[2016-03-12 17:00:11] Mapping left_kept_reads.m2g_um_seg2 to genome dm6 with Bowtie2 (2/2)
[2016-03-12 17:04:11] Searching for junctions via segment mapping
	Coverage-search algorithm is turned on, making this step very slow
	Please try running TopHat again with the option (--no-coverage-search) if this step takes too much time or memory.
[2016-03-12 18:34:12] Retrieving sequences for splices
[2016-03-12 18:39:33] Indexing splices
Building a SMALL index
[2016-03-12 18:55:36] Mapping left_kept_reads.m2g_um_seg1 to genome segment_juncs with Bowtie2 (1/2)
[2016-03-12 18:58:50] Mapping left_kept_reads.m2g_um_seg2 to genome segment_juncs with Bowtie2 (2/2)
[2016-03-12 19:02:33] Joining segment hits
[2016-03-12 19:06:39] Reporting output tracks
slurmstepd: error: Job 58118956 exceeded memory limit (38603208 > 24576000), being killed
slurmstepd: error: *** JOB 58118956 ON holy2a13303 CANCELLED AT 2016-03-12T19:17:44 ***
slurmstepd: error: Exceeded step memory limit at some point.
slurmstepd: error: Exceeded job memory limit at some point.
