
[2016-03-12 14:48:06] Beginning TopHat run (v2.0.13)
-----------------------------------------------
[2016-03-12 14:48:06] Checking for Bowtie
		  Bowtie version:	 2.2.2.0
[2016-03-12 14:48:06] Checking for Bowtie index files (genome)..
[2016-03-12 14:48:06] Checking for reference FASTA file
[2016-03-12 14:48:06] Generating SAM header for /n/regal/eddy_lab/pkoo/opticlobe/reference_genome/dm6_bowtie_reference/dm6
[2016-03-12 14:48:07] Reading known junctions from GTF file
[2016-03-12 14:48:09] Preparing reads
	 left reads: min. length=60, max. length=60, 37555269 kept reads (23301 discarded)
[2016-03-12 15:00:47] Building transcriptome data files /n/regal/eddy_lab/pkoo/opticlobe/alignment/tophat150415_SN651_0372_AH3N2YBCXX__Sample_H_L_M6_1/tmp/dm6_Ensembl
[2016-03-12 15:01:22] Building Bowtie index from dm6_Ensembl.fa
[2016-03-12 15:14:47] Mapping left_kept_reads to transcriptome dm6_Ensembl with Bowtie2 
[2016-03-12 16:08:58] Resuming TopHat pipeline with unmapped reads
[2016-03-12 16:08:58] Mapping left_kept_reads.m2g_um to genome dm6 with Bowtie2 
[2016-03-12 16:45:26] Mapping left_kept_reads.m2g_um_seg1 to genome dm6 with Bowtie2 (1/2)
[2016-03-12 16:50:17] Mapping left_kept_reads.m2g_um_seg2 to genome dm6 with Bowtie2 (2/2)
[2016-03-12 16:55:51] Searching for junctions via segment mapping
	Coverage-search algorithm is turned on, making this step very slow
	Please try running TopHat again with the option (--no-coverage-search) if this step takes too much time or memory.
[2016-03-12 17:57:58] Retrieving sequences for splices
[2016-03-12 18:00:32] Indexing splices
Building a SMALL index
[2016-03-12 18:11:10] Mapping left_kept_reads.m2g_um_seg1 to genome segment_juncs with Bowtie2 (1/2)
[2016-03-12 18:15:25] Mapping left_kept_reads.m2g_um_seg2 to genome segment_juncs with Bowtie2 (2/2)
[2016-03-12 18:20:54] Joining segment hits
[2016-03-12 18:23:29] Reporting output tracks
slurmstepd: error: Job 58118646 exceeded memory limit (35245832 > 24576000), being killed
slurmstepd: error: *** JOB 58118646 ON holy2b07102 CANCELLED AT 2016-03-12T18:45:57 ***
slurmstepd: error: Exceeded step memory limit at some point.
slurmstepd: error: Exceeded job memory limit at some point.
