
[2016-03-12 15:16:39] Beginning TopHat run (v2.0.13)
-----------------------------------------------
[2016-03-12 15:16:39] Checking for Bowtie
		  Bowtie version:	 2.2.2.0
[2016-03-12 15:16:39] Checking for Bowtie index files (genome)..
[2016-03-12 15:16:39] Checking for reference FASTA file
[2016-03-12 15:16:39] Generating SAM header for /n/regal/eddy_lab/pkoo/opticlobe/reference_genome/dm6_bowtie_reference/dm6
[2016-03-12 15:16:39] Reading known junctions from GTF file
[2016-03-12 15:16:44] Preparing reads
	 left reads: min. length=60, max. length=60, 38611819 kept reads (41401 discarded)
[2016-03-12 15:43:53] Building transcriptome data files /n/regal/eddy_lab/pkoo/opticlobe/alignment/tophat150415_SN651_0372_AH3N2YBCXX__Sample_H_L_M7_1/tmp/dm6_Ensembl
[2016-03-12 15:45:01] Building Bowtie index from dm6_Ensembl.fa
[2016-03-12 16:11:33] Mapping left_kept_reads to transcriptome dm6_Ensembl with Bowtie2 
[2016-03-12 17:22:38] Resuming TopHat pipeline with unmapped reads
[2016-03-12 17:22:39] Mapping left_kept_reads.m2g_um to genome dm6 with Bowtie2 
[2016-03-12 17:58:36] Mapping left_kept_reads.m2g_um_seg1 to genome dm6 with Bowtie2 (1/2)
[2016-03-12 18:07:24] Mapping left_kept_reads.m2g_um_seg2 to genome dm6 with Bowtie2 (2/2)
[2016-03-12 18:17:36] Searching for junctions via segment mapping
	Coverage-search algorithm is turned on, making this step very slow
	Please try running TopHat again with the option (--no-coverage-search) if this step takes too much time or memory.
[2016-03-12 19:33:53] Retrieving sequences for splices
[2016-03-12 19:37:51] Indexing splices
Building a SMALL index
[2016-03-12 19:49:49] Mapping left_kept_reads.m2g_um_seg1 to genome segment_juncs with Bowtie2 (1/2)
[2016-03-12 19:56:28] Mapping left_kept_reads.m2g_um_seg2 to genome segment_juncs with Bowtie2 (2/2)
[2016-03-12 20:03:49] Joining segment hits
[2016-03-12 20:07:07] Reporting output tracks
slurmstepd: error: Job 58118663 exceeded memory limit (36280648 > 24576000), being killed
slurmstepd: error: *** JOB 58118663 ON holy2a13305 CANCELLED AT 2016-03-12T20:20:33 ***
slurmstepd: error: Exceeded step memory limit at some point.
slurmstepd: error: Exceeded job memory limit at some point.
