
[2016-03-12 14:51:53] Beginning TopHat run (v2.0.13)
-----------------------------------------------
[2016-03-12 14:51:53] Checking for Bowtie
		  Bowtie version:	 2.2.2.0
[2016-03-12 14:51:53] Checking for Bowtie index files (genome)..
[2016-03-12 14:51:53] Checking for reference FASTA file
[2016-03-12 14:51:53] Generating SAM header for /n/regal/eddy_lab/pkoo/opticlobe/reference_genome/dm6_bowtie_reference/dm6
[2016-03-12 14:51:54] Reading known junctions from GTF file
[2016-03-12 14:51:58] Preparing reads
	 left reads: min. length=105, max. length=105, 39691910 kept reads (39223 discarded)
[2016-03-12 15:17:10] Building transcriptome data files /n/regal/eddy_lab/pkoo/opticlobe/alignment/tophat150506_SN651_0391_AH57JGBCXX__Sample_L_G_L8_1/tmp/dm6_Ensembl
[2016-03-12 15:17:49] Building Bowtie index from dm6_Ensembl.fa
[2016-03-12 15:33:07] Mapping left_kept_reads to transcriptome dm6_Ensembl with Bowtie2 
[2016-03-12 16:35:41] Resuming TopHat pipeline with unmapped reads
[2016-03-12 16:35:42] Mapping left_kept_reads.m2g_um to genome dm6 with Bowtie2 
[2016-03-12 18:00:24] Mapping left_kept_reads.m2g_um_seg1 to genome dm6 with Bowtie2 (1/4)
[2016-03-12 18:18:34] Mapping left_kept_reads.m2g_um_seg2 to genome dm6 with Bowtie2 (2/4)
[2016-03-12 18:35:52] Mapping left_kept_reads.m2g_um_seg3 to genome dm6 with Bowtie2 (3/4)
[2016-03-12 18:52:34] Mapping left_kept_reads.m2g_um_seg4 to genome dm6 with Bowtie2 (4/4)
[2016-03-12 19:07:16] Searching for junctions via segment mapping
[2016-03-12 19:14:32] Retrieving sequences for splices
[2016-03-12 19:15:07] Indexing splices
Building a SMALL index
[2016-03-12 19:16:51] Mapping left_kept_reads.m2g_um_seg1 to genome segment_juncs with Bowtie2 (1/4)
[2016-03-12 19:24:27] Mapping left_kept_reads.m2g_um_seg2 to genome segment_juncs with Bowtie2 (2/4)
[2016-03-12 19:32:49] Mapping left_kept_reads.m2g_um_seg3 to genome segment_juncs with Bowtie2 (3/4)
[2016-03-12 19:40:06] Mapping left_kept_reads.m2g_um_seg4 to genome segment_juncs with Bowtie2 (4/4)
[2016-03-12 19:46:23] Joining segment hits
[2016-03-12 19:51:05] Reporting output tracks
-----------------------------------------------
[2016-03-12 20:59:14] A summary of the alignment counts can be found in /n/regal/eddy_lab/pkoo/opticlobe/alignment/tophat150506_SN651_0391_AH57JGBCXX__Sample_L_G_L8_1/align_summary.txt
[2016-03-12 20:59:14] Run complete: 06:07:21 elapsed
slurmstepd: error: Exceeded step memory limit at some point.
slurmstepd: error: Exceeded job memory limit at some point.
