
[2016-03-12 14:52:39] Beginning TopHat run (v2.0.13)
-----------------------------------------------
[2016-03-12 14:52:39] Checking for Bowtie
		  Bowtie version:	 2.2.2.0
[2016-03-12 14:52:39] Checking for Bowtie index files (genome)..
[2016-03-12 14:52:39] Checking for reference FASTA file
[2016-03-12 14:52:39] Generating SAM header for /n/regal/eddy_lab/pkoo/opticlobe/reference_genome/dm6_bowtie_reference/dm6
[2016-03-12 14:52:40] Reading known junctions from GTF file
[2016-03-12 14:52:44] Preparing reads
	 left reads: min. length=50, max. length=50, 29125453 kept reads (46267 discarded)
[2016-03-12 15:03:33] Building transcriptome data files /n/regal/eddy_lab/pkoo/opticlobe/alignment/tophat151028_SN651_0471_AH7YYYBCXX__Sample_LH_87_1/tmp/dm6_Ensembl
[2016-03-12 15:04:42] Building Bowtie index from dm6_Ensembl.fa
[2016-03-12 15:30:17] Mapping left_kept_reads to transcriptome dm6_Ensembl with Bowtie2 
[2016-03-12 16:05:54] Resuming TopHat pipeline with unmapped reads
[2016-03-12 16:05:55] Mapping left_kept_reads.m2g_um to genome dm6 with Bowtie2 
[2016-03-12 16:27:12] Mapping left_kept_reads.m2g_um_seg1 to genome dm6 with Bowtie2 (1/2)
[2016-03-12 16:30:07] Mapping left_kept_reads.m2g_um_seg2 to genome dm6 with Bowtie2 (2/2)
[2016-03-12 16:33:37] Searching for junctions via segment mapping
	Coverage-search algorithm is turned on, making this step very slow
	Please try running TopHat again with the option (--no-coverage-search) if this step takes too much time or memory.
[2016-03-12 17:54:20] Retrieving sequences for splices
[2016-03-12 17:59:35] Indexing splices
Building a SMALL index
[2016-03-12 18:15:15] Mapping left_kept_reads.m2g_um_seg1 to genome segment_juncs with Bowtie2 (1/2)
[2016-03-12 18:18:49] Mapping left_kept_reads.m2g_um_seg2 to genome segment_juncs with Bowtie2 (2/2)
[2016-03-12 18:22:45] Joining segment hits
[2016-03-12 18:25:29] Reporting output tracks
slurmstepd: error: Job 58118902 exceeded memory limit (30407876 > 24576000), being killed
slurmstepd: error: *** JOB 58118902 ON holy2a24203 CANCELLED AT 2016-03-12T18:39:00 ***
