
[2016-03-12 14:48:07] Beginning TopHat run (v2.0.13)
-----------------------------------------------
[2016-03-12 14:48:07] Checking for Bowtie
		  Bowtie version:	 2.2.2.0
[2016-03-12 14:48:08] Checking for Bowtie index files (genome)..
[2016-03-12 14:48:08] Checking for reference FASTA file
[2016-03-12 14:48:08] Generating SAM header for /n/regal/eddy_lab/pkoo/opticlobe/reference_genome/dm6_bowtie_reference/dm6
[2016-03-12 14:48:10] Reading known junctions from GTF file
[2016-03-12 14:48:14] Preparing reads
	 left reads: min. length=60, max. length=60, 35299905 kept reads (30832 discarded)
[2016-03-12 15:04:59] Building transcriptome data files /n/regal/eddy_lab/pkoo/opticlobe/alignment/tophat150415_SN651_0372_AH3N2YBCXX__Sample_H_L_M4_1/tmp/dm6_Ensembl
[2016-03-12 15:06:07] Building Bowtie index from dm6_Ensembl.fa
[2016-03-12 15:31:43] Mapping left_kept_reads to transcriptome dm6_Ensembl with Bowtie2 
[2016-03-12 16:22:31] Resuming TopHat pipeline with unmapped reads
[2016-03-12 16:22:32] Mapping left_kept_reads.m2g_um to genome dm6 with Bowtie2 
[2016-03-12 16:57:43] Mapping left_kept_reads.m2g_um_seg1 to genome dm6 with Bowtie2 (1/2)
[2016-03-12 17:02:22] Mapping left_kept_reads.m2g_um_seg2 to genome dm6 with Bowtie2 (2/2)
[2016-03-12 17:07:59] Searching for junctions via segment mapping
	Coverage-search algorithm is turned on, making this step very slow
	Please try running TopHat again with the option (--no-coverage-search) if this step takes too much time or memory.
[2016-03-12 18:59:21] Retrieving sequences for splices
[2016-03-12 19:04:44] Indexing splices
Building a SMALL index
[2016-03-12 19:25:20] Mapping left_kept_reads.m2g_um_seg1 to genome segment_juncs with Bowtie2 (1/2)
[2016-03-12 19:30:25] Mapping left_kept_reads.m2g_um_seg2 to genome segment_juncs with Bowtie2 (2/2)
[2016-03-12 19:35:41] Joining segment hits
[2016-03-12 19:39:31] Reporting output tracks
slurmstepd: error: Job 58118535 exceeded memory limit (36936424 > 24576000), being killed
slurmstepd: error: *** JOB 58118535 ON holy2a24108 CANCELLED AT 2016-03-12T20:08:57 ***
slurmstepd: error: Exceeded step memory limit at some point.
slurmstepd: error: Exceeded job memory limit at some point.
